[    0.000000] Initializing cgroup subsys cpuset
[    0.000000] Initializing cgroup subsys cpu
[    0.000000] Initializing cgroup subsys cpuacct
[    0.000000] Linux version 4.4.0-157-generic (buildd@lgw01-amd64-037) (gcc version 5.4.0 20160609 (Ubuntu 5.4.0-6ubuntu1~16.04.10) ) #185-Ubuntu SMP Tue Jul 23 09:17:01 UTC 2019 (Ubuntu 4.4.0-157.185-generic 4.4.181)
[    0.000000] Command line: BOOT_IMAGE=/boot/vmlinuz-4.4.0-157-generic root=LABEL=cloudimg-rootfs ro console=tty1 console=ttyS0
[    0.000000] KERNEL supported cpus:
[    0.000000]   Intel GenuineIntel
[    0.000000]   AMD AuthenticAMD
[    0.000000]   Centaur CentaurHauls
[    0.000000] x86/fpu: xstate_offset[2]:  576, xstate_sizes[2]:  256
[    0.000000] x86/fpu: Supporting XSAVE feature 0x01: 'x87 floating point registers'
[    0.000000] x86/fpu: Supporting XSAVE feature 0x02: 'SSE registers'
[    0.000000] x86/fpu: Supporting XSAVE feature 0x04: 'AVX registers'
[    0.000000] x86/fpu: Enabled xstate features 0x7, context size is 832 bytes, using 'standard' format.
[    0.000000] e820: BIOS-provided physical RAM map:
[    0.000000] BIOS-e820: [mem 0x0000000000000000-0x000000000009fbff] usable
[    0.000000] BIOS-e820: [mem 0x000000000009fc00-0x000000000009ffff] reserved
[    0.000000] BIOS-e820: [mem 0x00000000000f0000-0x00000000000fffff] reserved
[    0.000000] BIOS-e820: [mem 0x0000000000100000-0x000000002cfeffff] usable
[    0.000000] BIOS-e820: [mem 0x000000002cff0000-0x000000002cffffff] ACPI data
[    0.000000] BIOS-e820: [mem 0x00000000fffc0000-0x00000000ffffffff] reserved
[    0.000000] NX (Execute Disable) protection: active
[    0.000000] SMBIOS 2.5 present.
[    0.000000] Hypervisor detected: KVM
[    0.000000] e820: last_pfn = 0x2cff0 max_arch_pfn = 0x400000000
[    0.000000] MTRR: Disabled
[    0.000000] x86/PAT: MTRRs disabled, skipping PAT initialization too.
[    0.000000] CPU MTRRs all blank - virtualized system.
[    0.000000] x86/PAT: Configuration [0-7]: WB  WT  UC- UC  WB  WT  UC- UC  
[    0.000000] found SMP MP-table at [mem 0x0009fff0-0x0009ffff] mapped at [ffff88000009fff0]
[    0.000000] Scanning 1 areas for low memory corruption
[    0.000000] RAMDISK: [mem 0x2b895000-0x2c70ffff]
[    0.000000] ACPI: Early table checksum verification disabled
[    0.000000] ACPI: RSDP 0x00000000000E0000 000024 (v02 VBOX  )
[    0.000000] ACPI: XSDT 0x000000002CFF0030 00003C (v01 VBOX   VBOXXSDT 00000001 ASL  00000061)
[    0.000000] ACPI: FACP 0x000000002CFF00F0 0000F4 (v04 VBOX   VBOXFACP 00000001 ASL  00000061)
[    0.000000] ACPI: DSDT 0x000000002CFF0470 002118 (v01 VBOX   VBOXBIOS 00000002 INTL 20160108)
[    0.000000] ACPI: FACS 0x000000002CFF0200 000040
[    0.000000] ACPI: FACS 0x000000002CFF0200 000040
[    0.000000] ACPI: APIC 0x000000002CFF0240 000054 (v02 VBOX   VBOXAPIC 00000001 ASL  00000061)
[    0.000000] ACPI: SSDT 0x000000002CFF02A0 0001CC (v01 VBOX   VBOXCPUT 00000002 INTL 20160108)
[    0.000000] No NUMA configuration found
[    0.000000] Faking a node at [mem 0x0000000000000000-0x000000002cfeffff]
[    0.000000] NODE_DATA(0) allocated [mem 0x2cfeb000-0x2cfeffff]
[    0.000000] kvm-clock: Using msrs 4b564d01 and 4b564d00
[    0.000000] kvm-clock: cpu 0, msr 0:2cfe3001, primary cpu clock
[    0.000000] kvm-clock: using sched offset of 4007786097 cycles
[    0.000000] clocksource: kvm-clock: mask: 0xffffffffffffffff max_cycles: 0x1cd42e4dffb, max_idle_ns: 881590591483 ns
[    0.000000] Zone ranges:
[    0.000000]   DMA      [mem 0x0000000000001000-0x0000000000ffffff]
[    0.000000]   DMA32    [mem 0x0000000001000000-0x000000002cfeffff]
[    0.000000]   Normal   empty
[    0.000000]   Device   empty
[    0.000000] Movable zone start for each node
[    0.000000] Early memory node ranges
[    0.000000]   node   0: [mem 0x0000000000001000-0x000000000009efff]
[    0.000000]   node   0: [mem 0x0000000000100000-0x000000002cfeffff]
[    0.000000] Initmem setup node 0 [mem 0x0000000000001000-0x000000002cfeffff]
[    0.000000] ACPI: PM-Timer IO Port: 0x4008
[    0.000000] IOAPIC[0]: apic_id 1, version 17, address 0xfec00000, GSI 0-23
[    0.000000] ACPI: INT_SRC_OVR (bus 0 bus_irq 0 global_irq 2 dfl dfl)
[    0.000000] ACPI: INT_SRC_OVR (bus 0 bus_irq 9 global_irq 9 high level)
[    0.000000] Using ACPI (MADT) for SMP configuration information
[    0.000000] smpboot: Allowing 1 CPUs, 0 hotplug CPUs
[    0.000000] PM: Registered nosave memory: [mem 0x00000000-0x00000fff]
[    0.000000] PM: Registered nosave memory: [mem 0x0009f000-0x0009ffff]
[    0.000000] PM: Registered nosave memory: [mem 0x000a0000-0x000effff]
[    0.000000] PM: Registered nosave memory: [mem 0x000f0000-0x000fffff]
[    0.000000] e820: [mem 0x2d000000-0xfffbffff] available for PCI devices
[    0.000000] Booting paravirtualized kernel on KVM
[    0.000000] clocksource: refined-jiffies: mask: 0xffffffff max_cycles: 0xffffffff, max_idle_ns: 7645519600211568 ns
[    0.000000] setup_percpu: NR_CPUS:512 nr_cpumask_bits:512 nr_cpu_ids:1 nr_node_ids:1
[    0.000000] PERCPU: Embedded 34 pages/cpu @ffff88002cc00000 s99544 r8192 d31528 u2097152
[    0.000000] Built 1 zonelists in Node order, mobility grouping on.  Total pages: 181304
[    0.000000] Policy zone: DMA32
[    0.000000] Kernel command line: BOOT_IMAGE=/boot/vmlinuz-4.4.0-157-generic root=LABEL=cloudimg-rootfs ro console=tty1 console=ttyS0
[    0.000000] PID hash table entries: 4096 (order: 3, 32768 bytes)
[    0.000000] Memory: 690668K/736824K available (8618K kernel code, 1335K rwdata, 4032K rodata, 1484K init, 1284K bss, 46156K reserved, 0K cma-reserved)
[    0.000000] SLUB: HWalign=64, Order=0-3, MinObjects=0, CPUs=1, Nodes=1
[    0.000000] Kernel/User page tables isolation: enabled
[    0.000000] Hierarchical RCU implementation.
[    0.000000] 	Build-time adjustment of leaf fanout to 64.
[    0.000000] 	RCU restricting CPUs from NR_CPUS=512 to nr_cpu_ids=1.
[    0.000000] RCU: Adjusting geometry for rcu_fanout_leaf=64, nr_cpu_ids=1
[    0.000000] NR_IRQS:33024 nr_irqs:256 16
[    0.000000] Console: colour VGA+ 80x25
[    0.000000] console [tty1] enabled
[    0.000000] console [ttyS0] enabled
[    0.000000] tsc: Detected 3092.948 MHz processor
[    0.302036] Calibrating delay loop (skipped) preset value.. 6185.89 BogoMIPS (lpj=12371792)
[    0.304135] pid_max: default: 32768 minimum: 301
[    0.305292] ACPI: Core revision 20150930
[    0.307272] ACPI: 2 ACPI AML tables successfully acquired and loaded
[    0.308914] Security Framework initialized
[    0.309989] Yama: becoming mindful.
[    0.310919] AppArmor: AppArmor initialized
[    0.312031] Dentry cache hash table entries: 131072 (order: 8, 1048576 bytes)
[    0.313828] Inode-cache hash table entries: 65536 (order: 7, 524288 bytes)
[    0.315453] Mount-cache hash table entries: 2048 (order: 2, 16384 bytes)
[    0.316971] Mountpoint-cache hash table entries: 2048 (order: 2, 16384 bytes)
[    0.318775] Initializing cgroup subsys io
[    0.319799] Initializing cgroup subsys memory
[    0.320875] Initializing cgroup subsys devices
[    0.321973] Initializing cgroup subsys freezer
[    0.323029] Initializing cgroup subsys net_cls
[    0.324080] Initializing cgroup subsys perf_event
[    0.325191] Initializing cgroup subsys net_prio
[    0.326305] Initializing cgroup subsys hugetlb
[    0.327361] Initializing cgroup subsys pids
[    0.328443] mce: CPU supports 0 MCE banks
[    0.329468] process: using mwait in idle threads
[    0.330598] Last level iTLB entries: 4KB 512, 2MB 8, 4MB 8
[    0.331834] Last level dTLB entries: 4KB 512, 2MB 32, 4MB 32, 1GB 0
[    0.333191] Spectre V2 : Mitigation: Full generic retpoline
[    0.334435] Spectre V2 : Spectre v2 / SpectreRSB mitigation: Filling RSB on context switch
[    0.371794] Speculative Store Bypass: Vulnerable
[    0.372937] MDS: Vulnerable: Clear CPU buffers attempted, no microcode
[    0.404145] Freeing SMP alternatives memory: 36K
[    0.33447]ffrrace: alloctting 32312eentries in 127 pages
[    1.043870] smpboot: APIC(0) Converting physical 0 to logical package 0
[    1.509491] smpboot: Max logical packages: 1
[    1.541013] ..TIMER: vector=0x30 apic1=0 pin1=2 apic2=-1 pin2=-1
[    1.708789] APIC calibration not consistent with PM-Timer: 140ms instead of 100ms
[    2.325203] APIC delta adjusted to PM-Timer: 6222212 (8757186)
[    2.566786] smpboot: CPU0: Intel(R) Core(TM) i3-2100 CPU @ 3.10GHz (family: 0x6, model: 0x2a, stepping: 0x7)
[    2.587960] Performance Events: unsupported p6 CPU model 42 no PMU driver, software events only.
[    2.645374] KVM setup paravirtual spinlock
[    2.942316] x86: Booted up 1 node, 1 CPUs
[    3.075927] smpboot: Total of 1 processors activated (6185.89 BogoMIPS)
[    3.079948] devtmpfs: initialized
[    3.082223] evm: security.selinux
[    3.082874] evm: security.SMACK64
[    3.083518] evm: security.SMACK64EXEC
[    3.084208] evm: security.SMACK64TRANSMUTE
[    3.084942] evm: security.SMACK64MMAP
[    3.085645] evm: security.ima
[    3.086252] evm: security.capability
[    3.087043] clocksource: jiffies: mask: 0xffffffff max_cycles: 0xffffffff, max_idle_ns: 7645041785100000 ns
[    3.088656] futex hash table entries: 256 (order: 2, 16384 bytes)
[    3.089735] pinctrl core: initialized pinctrl subsystem
[    3.090718] RTC time: 16:25:14, date: 08/22/19
[    3.091619] NET: Registered protocol family 16
[    3.092563] cpuidle: using governor ladder
[    3.093311] cpuidle: using governor menu
[    3.094067] PCCT header not found.
[    3.094778] ACPI: bus type PCI registered
[    3.095510] acpiphp: ACPI Hot Plug PCI Controller Driver version: 0.5
[    3.096629] PCI: Using configuration type 1 for base access
[    3.098655] ACPI: Added _OSI(Module Device)
[    3.099441] ACPI: Added _OSI(Processor Device)
[    3.100223] ACPI: Added _OSI(3.0 _SCP Extensions)
[    3.101046] ACPI: Added _OSI(Processor Aggregator Device)
[    3.102489] ACPI: Executed 1 blocks of module-level executable AML code
[    3.105369] ACPI: Interpreter enabled
[    3.106075] ACPI: (supports S0 S5)
[    3.106737] ACPI: Using IOAPIC for interrupt routing
[    3.107719] PCI: Using host bridge windows from ACPI; if necessary, use "pci=nocrs" and report a bug
[    3.112363] ACPI: PCI Root Bridge [PCI0] (domain 0000 [bus 00-ff])
[    3.113406] acpi PNP0A03:00: _OSC: OS supports [ASPM ClockPM Segments MSI]
[    3.150018] acpi PNP0A03:00: _OSC failed (AE_NOT_FOUND); disabling ASPM
[    3.151064] acpi PNP0A03:00: fail to add MMCONFIG information, can't access extended PCI configuration space under this bridge.
[    3.153152] PCI host bridge to bus 0000:00
[    3.153909] pci_bus 0000:00: root bus resource [io  0x0000-0x0cf7 window]
[    3.154964] pci_bus 0000:00: root bus resource [io  0x0d00-0xffff window]
[    3.156020] pci_bus 0000:00: root bus resource [mem 0x000a0000-0x000bffff window]
[    3.157403] pci_bus 0000:00: root bus resource [mem 0x2d000000-0xffdfffff window]
[    3.158762] pci_bus 0000:00: root bus resource [bus 00-ff]
[    3.161074] pci 0000:00:01.1: legacy IDE quirk: reg 0x10: [io  0x01f0-0x01f7]
[    3.162171] pci 0000:00:01.1: legacy IDE quirk: reg 0x14: [io  0x03f6]
[    3.163189] pci 0000:00:01.1: legacy IDE quirk: reg 0x18: [io  0x0170-0x0177]
[    3.164292] pci 0000:00:01.1: legacy IDE quirk: reg 0x1c: [io  0x0376]
[    3.182356] ACPI: PCI Interrupt Link [LNKA] (IRQs 5 9 10 11) *0, disabled.
[    3.200119] ACPI: PCI Interrupt Link [LNKB] (IRQs 5 9 10 *11)
[    3.201513] ACPI: PCI Interrupt Link [LNKC] (IRQs 5 9 *10 11)
[    3.202902] ACPI: PCI Interrupt Link [LNKD] (IRQs 5 *9 10 11)
[    3.204347] ACPI: Enabled 2 GPEs in block 00 to 07
[    3.215105] vgaarb: setting as boot device: PCI:0000:00:02.0
[    3.216070] vgaarb: device added: PCI:0000:00:02.0,decodes=io+mem,owns=io+mem,locks=none
[    3.217520] vgaarb: loaded
[    3.218097] vgaarb: bridge control possible 0000:00:02.0
[    3.460010] SCSI subsystem initialized
[    3.679650] ACPI: bus type USB registered
[    3.681232] usbcore: registered new interface driver usbfs
[    3.683118] usbcore: registered new interface driver hub
[    3.706369] usbcore: registered new device driver usb
[    3.708610] PCI: Using ACPI for IRQ routing
[    3.735863] NetLabel: Initializing
[    3.899401] NetLabel:  domain hash size = 128
[    4.216138] NetLabel:  protocols = UNLABELED CIPSOv4
[    4.429564] NetLabel:  unlabeled traffic allowed by default
[    4.431115] amd_nb: Cannot enumerate AMD northbridges
[    4.432510] clocksource: Switched to clocksource kvm-clock
[    4.443356] AppArmor: AppArmor Filesystem Enabled
[    4.589935] pnp: PnP ACPI init
[    4.591282] pnp: PnP ACPI: found 3 devices
[    4.600122] clocksource: acpi_pm: mask: 0xffffff max_cycles: 0xffffff, max_idle_ns: 2085701024 ns
[    4.757845] NET: Registered protocol family 2
[    4.764804] TCP established hash table entries: 8192 (order: 4, 65536 bytes)
[    4.819639] TCP bind hash table entries: 8192 (order: 5, 131072 bytes)
[    4.821013] TCP: Hash tables configured (established 8192 bind 8192)
[    4.822210] UDP hash table entries: 512 (order: 2, 16384 bytes)
[    4.823322] UDP-Lite hash table entries: 512 (order: 2, 16384 bytes)
[    4.824550] NET: Registered protocol family 1
[    4.825508] pci 0000:00:00.0: Limiting direct PCI/PCI transfers
[    4.826637] pci 0000:00:01.0: Activating ISA DMA hang workarounds
[    4.827900] Unpacking initramfs...
[    5.265619] Freeing initrd memory: 14828K
[    5.439655] RAPL PMU detected, API unit is 2^-32 Joules, 3 fixed counters 10737418240 ms ovfl timer
[    5.442199] hw unit of domain pp0-core 2^-0 Joules
[    5.443535] hw unit of domain package 2^-0 Joules
[    5.444845] hw unit of domain pp1-gpu 2^-0 Joules
[    5.446193] clocksource: tsc: mask: 0xffffffffffffffff max_cycles: 0x2c954203dde, max_idle_ns: 440795358415 ns
[    5.448833] platform rtc_cmos: registered platform RTC device (no PNP device found)
[    5.451010] Scanning for low memory corruption every 60 seconds
[    5.452882] audit: initializing netlink subsys (disabled)
[    5.454382] audit: type=2000 audit(1566491118.242:1): initialized
[    5.456271] Initialise system trusted keyring
[    5.457609] HugeTLB registered 2 MB page size, pre-allocated 0 pages
[    5.461156] zbud: loaded
[    5.462374] VFS: Disk quotas dquot_6.6.0
[    5.463517] VFS: Dquot-cache hash table entries: 512 (order 0, 4096 bytes)
[    5.466144] squashfs: version 4.0 (2009/01/31) Phillip Lougher
[    5.470394] fuse init (API version 7.23)
[    5.471625] Key type big_key registered
[    5.472701] Allocating IMA MOK and blacklist keyrings.
[    5.474370] Key type asymmetric registered
[    5.475475] Asymmetric key parser 'x509' registered
[    5.476739] Block layer SCSI generic (bsg) driver version 0.4 loaded (major 249)
[    5.478839] io scheduler noop registered
[    5.479905] io scheduler deadline registered (default)
[    5.481220] io scheduler cfq registered
[    5.482344] pci_hotplug: PCI Hot Plug PCI Core version: 0.5
[    5.483649] pciehp: PCI Express Hot Plug Controller Driver version: 0.4
[    5.485319] ACPI: AC Adapter [AC] (on-line)
[    5.486473] input: Power Button as /devices/LNXSYSTM:00/LNXPWRBN:00/input/input0
[    5.488389] ACPI: Power Button [PWRF]
[    5.529455] input: Sleep Button as /devices/LNXSYSTM:00/LNXSLPBN:00/input/input1
[    5.530851] ACPI: Sleep Button [SLPF]
[    5.531697] GHES: HEST is not enabled!
[    5.532535] Serial: 8250/16550 driver, 32 ports, IRQ sharing enabled
[    5.555494] 00:02: ttyS0 at I/O 0x3f8 (irq = 4, base_baud = 115200) is a 16550A
[    5.559009] Linux agpgart interface v0.103
[    5.561540] loop: module loaded
[    5.569155] scsi host0: ata_piix
[    5.570020] scsi host1: ata_piix
[    5.575031] ata1: PATA max UDMA/33 cmd 0x1f0 ctl 0x3f6 bmdma 0xd000 irq 14
[    5.576130] ata2: PATA max UDMA/33 cmd 0x170 ctl 0x376 bmdma 0xd008 irq 15
[    5.577556] libphy: Fixed MDIO Bus: probed
[    5.578310] tun: Universal TUN/TAP device driver, 1.6
[    5.579168] tun: (C) 1999-2004 Max Krasnyansky <maxk@qualcomm.com>
[    5.580418] PPP generic driver version 2.4.2
[    5.581297] ehci_hcd: USB 2.0 'Enhanced' Host Controller (EHCI) Driver
[    5.582344] ehci-pci: EHCI PCI platform driver
[    5.583148] ehci-platform: EHCI generic platform driver
[    5.586358] ohci_hcd: USB 1.1 'Open' Host Controller (OHCI) Driver
[    5.587362] ohci-pci: OHCI PCI platform driver
[    5.588172] ohci-platform: OHCI generic platform driver
[    5.589120] uhci_hcd: USB Universal Host Controller Interface driver
[    5.590203] i8042: PNP: PS/2 Controller [PNP0303:PS2K,PNP0f03:PS2M] at 0x60,0x64 irq 1,12
[    5.592090] serio: i8042 KBD port at 0x60,0x64 irq 1
[    5.592970] serio: i8042 AUX port at 0x60,0x64 irq 12
[    5.593935] mousedev: PS/2 mouse device common for all mice
[    5.629929] input: AT Translated Set 2 keyboard as /devices/platform/i8042/serio0/input/input2
[    5.631855] rtc_cmos rtc_cmos: rtc core: registered rtc_cmos as rtc0
[    5.633024] rtc_cmos rtc_cmos: alarms up to one day, 114 bytes nvram
[    5.634080] i2c /dev entries driver
[    5.634823] device-mapper: uevent: version 1.0.3
[    5.635729] device-mapper: ioctl: 4.34.0-ioctl (2015-10-28) initialised: dm-devel@redhat.com
[    5.637328] ledtrig-cpu: registered to indicate activity on CPUs
[    5.638609] NET: Registered protocol family 10
[    5.643191] NET: Registered protocol family 17
[    5.644001] Key type dns_resolver registered
[    5.649627] registered taskstats version 1
[    5.650397] Loading compiled-in X.509 certificates
[    5.651977] Loaded X.509 cert 'Build time autogenerated kernel key: 3e01e6df98386236d59670e6b2ed19a044d5324e'
[    5.653709] zswap: loaded using pool lzo/zbud
[    5.656343] Key type trusted registered
[    5.662594] Key type encrypted registered
[    5.663403] AppArmor: AppArmor sha1 policy hashing enabled
[    5.664332] ima: No TPM chip found, activating TPM-bypass!
[    5.665294] ima: Allocated hash algorithm: sha1
[    5.666111] evm: HMAC attrs: 0x1
[    5.666957]   Magic number: 15:736:439
[    5.667733] rtc_cmos rtc_cmos: setting system clock to 2019-08-22 16:25:16 UTC (1566491116)
[    5.669309] BIOS EDD facility v0.16 2004-Jun-25, 0 devices found
[    5.670295] EDD information not available.
[    5.733667] Freeing unused kernel memory: 1484K
[    5.849892] Write protecting the kernel read-only data: 14336k
[    5.851952] Freeing unused kernel memory: 1612K
[    5.860174] Freeing unused kernel memory: 64K
Loading, please wait...
startin[    5.880035] random: systemd-udevd: uninitialized urandom read (16 bytes read, 2 bits of entropy available)
g version 229
[    6.082691] random: udevadm: uninitialized urandom read (16 bytes read, 2 bits of entropy available)
[    6.088422] random: udevadm: uninitialized urandom read (16 bytes read, 2 bits of entropy available)
[    6.108993] random: udevadm: uninitialized urandom read (16 bytes read, 2 bits of entropy available)
[    6.590519] random: systemd-udevd: uninitialized urandom read (16 bytes read, 2 bits of entropy available)
[    6.910695] random: udevadm: uninitialized urandom read (16 bytes read, 2 bits of entropy available)
[    6.913239] random: udevadm: uninitialized urandom read (16 bytes read, 2 bits of entropy available)
[    6.915860] random: udevadm: uninitialized urandom read (16 bytes read, 2 bits of entropy available)
[    6.918966] random: udevadm: uninitialized urandom read (16 bytes read, 2 bits of entropy available)
[    6.921504] random: udevadm: uninitialized urandom read (16 bytes read, 2 bits of entropy available)
[    7.054501] e1000: Intel(R) PRO/1000 Network Driver - version 7.3.21-k8-NAPI
[    7.110382] e1000: Copyright (c) 1999-2006 Intel Corporation.
[    7.115160] Fusion MPT base driver 3.04.20
[    7.118804] Copyright (c) 1999-2008 LSI Corporation
[    7.145705] Fusion MPT SPI Host driver 3.04.20
[    7.342807] input: ImExPS/2 Generic Explorer Mouse as /devices/platform/i8042/serio1/input/input4
[    7.795967] e1000 0000:00:03.0 eth0: (PCI:33MHz:32-bit) 02:46:62:72:a1:53
[    7.799578] e1000 0000:00:03.0 eth0: Intel(R) PRO/1000 Network Connection
[    7.804362] e1000 0000:00:03.0 enp0s3: renamed from eth0
[    7.814240] mptbase: ioc0: Initiating bringup
[    7.880825] ioc0: LSI53C1030 A0: Capabilities={Initiator}
[    8.057874] scsi host2: ioc0: LSI53C1030 A0, FwRev=00000000h, Ports=1, MaxQ=256, IRQ=20
[    8.177469] scsi 2:0:0:0: Direct-Access     VBOX     HARDDISK         1.0  PQ: 0 ANSI: 5
[    8.479587] scsi target2:0:0: Beginning Domain Validation
[    8.481337] scsi target2:0:0: Domain Validation skipping write tests
[    8.482519] scsi target2:0:0: Ending Domain Validation
[    8.483526] scsi target2:0:0: asynchronous
[    8.484646] scsi 2:0:1:0: Direct-Access     VBOX     HARDDISK         1.0  PQ: 0 ANSI: 5
[    8.486290] scsi target2:0:1: Beginning Domain Validation
[    8.488335] scsi target2:0:1: Domain Validation skipping write tests
[    8.489545] scsi target2:0:1: Ending Domain Validation
[    8.490564] scsi target2:0:1: asynchronous
[    8.494994] sd 2:0:0:0: Attached scsi generic sg0 type 0
[    8.498698] sd 2:0:0:0: [sda] 20971520 512-byte logical blocks: (10.7 GB/10.0 GiB)
[    8.500366] sd 2:0:0:0: [sda] Write Protect is off
[    8.501461] sd 2:0:0:0: [sda] Incomplete mode parameter data
[    8.502462] sd 2:0:0:0: [sda] Assuming drive cache: write through
[    8.514177] sd 2:0:1:0: [sdb] 20480 512-byte logical blocks: (10.5 MB/10.0 MiB)
[    8.580928] sd 2:0:1:0: Attached scsi generic sg1 type 0
[    8.583298] sd 2:0:1:0: [sdb] Write Protect is off
[    8.584843] sd 2:0:1:0: [sdb] Incomplete mode parameter data
[    8.586353] sd 2:0:1:0: [sdb] Assuming drive cache: write through
[    8.598480]  sda: sda1
[    8.700845] sd 2:0:1:0: [sdb] Attached SCSI disk
[    9.029744] sd 2:0:0:0: [sda] Attached SCSI disk
Begin: Loading e[   10.859264] md: linear personality registered for level -1
ssential drivers ... [   10.927638] md: multipath personality registered for level -4
[   10.946449] md: raid0 personality registered for level 0
[   10.957576] md: raid1 personality registered for level 1
[   11.048636] raid6: sse2x1   gen()  1894 MB/s
[   11.248600] raid6: sse2x1   xor()  2736 MB/s
[   11.339035] raid6: sse2x2   gen()  4987 MB/s
[   11.444194] raid6: sse2x2   xor()  4208 MB/s
[   11.546722] raid6: sse2x4   gen()  6388 MB/s
[   11.649101] raid6: sse2x4   xor()  5102 MB/s
[   11.709723] raid6: using algorithm sse2x4 gen() 6388 MB/s
[   11.760117] raid6: .... xor() 5102 MB/s, rmw enabled
[   11.761785] raid6: using ssse3x2 recovery algorithm
[   11.766813] xor: automatically using best checksumming function:
[   12.208578]    avx       : 35204.000 MB/sec
[   12.432495] async_tx: api initialized (async)
[   12.456655] md: raid6 personality registered for level 6
[   12.819291] md: raid5 personality registered for level 5
[   13.469323] md: raid4 personality registered for level 4
[   13.483101] md: raid10 personality registered for level 10
done.
Begin: Running /scripts/init-premount ... done.
Begin: Mounting root file system ... Begin: Running /scripts/local-top ... done.
Begin: Running /scripts/local-premount ... [   13.583384] Btrfs loaded
Scanning for Btrfs filesystems
done.
Warning: fsck not present, so sk[   13.707501] EXT4-fs (sda1): mounted filesystem with ordered data mode. Opts: (null)
ipping root file system
done.
Begin: Running /scripts/local-bottom ... done.
Begin: Running /scripts/init-bottom ... done.
[   14.703644] systemd[1]: systemd 229 running in system mode. (+PAM +AUDIT +SELINUX +IMA +APPARMOR +SMACK +SYSVINIT +UTMP +LIBCRYPTSETUP +GCRYPT +GNUTLS +ACL +XZ -LZ4 +SECCOMP +BLKID +ELFUTILS +KMOD -IDN)
[   15.650414] systemd[1]: Detected virtualization oracle.
[   15.651714] systemd[1]: Detected architecture x86-64.

Welcome to [1mUbuntu 16.04.6 LTS[0m!

[   15.680619] systemd[1]: Set hostname to <ubuntu>.
[   15.707931] systemd[1]: Initializing machine ID from random generator.
[   16.079610] systemd[1]: Installed transient /etc/machine-id file.
[   16.280316] random: nonblocking pool is initialized
[   17.036919] systemd[1]: Created slice User and Session Slice.
[[0;32m  OK  [0m] Created slice User and Session Slice.
[   17.091582] systemd[1]: Listening on /dev/initctl Compatibility Named Pipe.
[[0;32m  OK  [0m] Listening on /dev/initctl Compatibility Named Pipe.
[   17.096727] systemd[1]: Listening on Device-mapper event daemon FIFOs.
[[0;32m  OK  [0m] Listening on Device-mapper event daemon FIFOs.
[   17.099807] systemd[1]: Listening on udev Control Socket.
[[0;32m  OK  [0m] Listening on udev Control Socket.
[   17.102550] systemd[1]: Listening on Syslog Socket.
[[0;32m  OK  [0m] Listening on Syslog Socket.
[   17.105156] systemd[1]: Started Trigger resolvconf update for networkd DNS.
[[0;32m  OK  [0m] Started Trigger resolvconf update for networkd DNS.
[   17.108227] systemd[1]: Reached target Encrypted Volumes.
[[0;32m  OK  [0m] Reached target Encrypted Volumes.
[   17.111093] systemd[1]: Set up automount Arbitrary Executable File Formats File System Automount Point.
[[0;32m  OK  [0m] Set up automount Arbitrary Executab...ats File System Automount Point.
[   17.114874] systemd[1]: Reached target User and Group Name Lookups.
[[0;32m  OK  [0m] Reached target User and Group Name Lookups.
[   17.117755] systemd[1]: Started Forward Password Requests to Wall Directory Watch.
[[0;32m  OK  [0m] Started Forward Password Requests to Wall Directory Watch.
[   17.121199] systemd[1]: Listening on LVM2 poll daemon socket.
[[0;32m  OK  [0m] Listening on LVM2 poll daemon socket.
[   17.123829] systemd[1]: Listening on Journal Audit Socket.
[[0;32m  OK  [0m] Listening on Journal Audit Socket.
[   17.126448] systemd[1]: Reached target Swap.
[[0;32m  OK  [0m] Reached target Swap.
[   17.128624] systemd[1]: Reached target System Time Synchronized.
[[0;32m  OK  [0m] Reached target System Time Synchronized.
[   17.131051] systemd[1]: Listening on LVM2 metadata daemon socket.
[[0;32m  OK  [0m] Listening on LVM2 metadata daemon socket.
[   17.133567] systemd[1]: Listening on udev Kernel Socket.
[[0;32m  OK  [0m] Listening on udev Kernel Socket.
[   17.136208] systemd[1]: Created slice System Slice.
[[0;32m  OK  [0m] Created slice System Slice.
[   17.138415] systemd[1]: Reached target Slices.
[[0;32m  OK  [0m] Reached target Slices.
[   17.140897] systemd[1]: Created slice system-serial\x2dgetty.slice.
[[0;32m  OK  [0m] Created slice system-serial\x2dgetty.slice.
[   17.143480] systemd[1]: Listening on Journal Socket (/dev/log).
[[0;32m  OK  [0m] Listening on Journal Socket (/dev/log).
[   17.145920] systemd[1]: Listening on Journal Socket.
[[0;32m  OK  [0m] Listening on Journal Socket.
[   17.148933] systemd[1]: Mounting Debug File System...
         Mounting Debug File System...
[   17.183870] systemd[1]: Mounting POSIX Message Queue File System...
         Mounting POSIX Message Queue File System...
[   17.202954] systemd[1]: Starting Remount Root and Kernel File Systems...
         Starting Remount Root and Kernel File Systems...
[   17.616860] systemd[1]: Starting Set console keymap...
[   17.623922] EXT4-fs (sda1): re-mounted. Opts: (null)
         Starting Set console keymap...
[   17.827237] systemd[1]: Starting Uncomplicated firewall...
         Starting Uncomplicated firewall...
[   17.844558] systemd[1]: Starting Create list of required static device nodes for the current kernel...
         Starting Create list of required st... nodes for the current kernel...
[   17.867910] systemd[1]: Starting Nameserver information manager...
         Starting Nameserver information manager...
[   17.924916] systemd[1]: Starting Load Kernel Modules...
         Starting Load Kernel Modules...
[   17.946860] systemd[1]: Starting Journal Service...
         Starting Journal Service...
[   17.958724] systemd[1]: Starting Monitoring of LVM2 mirrors, snapshots etc. using dmeventd or progress polling...
         Starting Monitoring of LVM2 mirrors... dmeventd or progress polling...
[   17.979228] systemd[1]: Mounting Huge Pages File System...
[   18.040219] Loading iSCSI transport class v2.0-870.
         Mounting Huge Pages File System...
[   18.079427] systemd[1]: Mounted Debug File System.
[[0;32m  OK  [0m] Mounted Debug File System.
[   18.086363] systemd[1]: Mounted POSIX Message Queue File System.
[[0;32m  OK  [0m] Mounted POSIX Message Queue File System.
[   18.146957] systemd[1]: Mounted Huge Pages File System.
[[0;32m  OK  [0m] Mounted Huge Pages File System.
[   18.151143] systemd[1]: Started Remount Root and Kernel File Systems.
[[0;32m  OK  [0m] Started Remount Root and Kernel File Systems.
[   18.157870] systemd[1]: Started Set console keymap.
[[0;32m  OK  [0m] Started Set console keymap.[   18.161731] iscsi: registered transport (tcp)

[   18.163923] systemd[1]: Started Uncomplicated firewall.
[[0;32m  OK  [0m] Started Uncomplicated firewall.
[   18.169316] systemd[1]: Started Create list of required static device nodes for the current kernel.
[[0;32m  OK  [0m] Started Create list of required sta...ce nodes for the current kernel.
[   18.243090] systemd[1]: Started Journal Service.
[[0;32m  OK  [0m] Started Journal Service.
[[0;32m  OK  [0m] Started Nameserver information manager.
[   18.374922] iscsi: registered transport (iser)
[[0;32m  OK  [0m] Started Load Kernel Modules.
         Starting Apply Kernel Variables...
         Mounting FUSE Control File System...
[[0;32m  OK  [0m] Started LVM2 metadata daemon.
         Starting Create Static Device Nodes in /dev...
         Starting udev Coldplug all Devices...
         Starting Load/Save Random Seed...
         Starting Flush Journal to Persistent Storage...
[[0;32m  OK  [0m] Mounted FUSE Control File System.
[[0;32m  OK  [0m] Started Apply Kernel Variables.
[[0;32m  OK  [0m] Started Load/Save Random Seed.
[[0;32m  OK  [0m] Started Create Static Device Nodes in /dev.
         Starting udev Kernel Device Manager...
[[0;32m  OK  [0m] Started Flush Journal to Persistent Storage.
[[0;32m  OK  [0m] Started udev Coldplug all Devices.
[[0;32m  OK  [0m] Started Monitoring of LVM2 mirrors,...ng dmeventd or progress polling.
[[0;32m  OK  [0m] Reached target Local File Systems (Pre).
[[0;32m  OK  [0m] Reached target Local File Systems.
         Starting Initial cloud-init job (pre-networking)...
         Starting Commit a transient machine-id on disk...
         Starting LSB: AppArmor initialization...
         Starting Create Volatile Files and Directories...
         Starting Tell Plymouth To Write Out Runtime Data...
         Starting Set console font and keymap...
[[0;32m  OK  [0m] Started udev Kernel Device Manager.
[[0;32m  OK  [0m] Started Commit a transient machine-id on disk.
[[0;32m  OK  [0m] Started Tell Plymouth To Write Out Runtime Data.
[[0;32m  OK  [0m] Started Create Volatile Files and Directories.
         Starting Update UTMP about System Boot/Shutdown...
[[0;32m  OK  [0m] Started Dispatch Password Requests to Console Directory Watch.
[[0;32m  OK  [0m] Started Update UTMP about System Boot/Shutdown.
[[0;32m  OK  [0m] Found device /dev/ttyS0.
[[0;32m  OK  [0m] Listening on Load/Save RF Kill Switch Status /dev/rfkill Watch.
[[0;32m  OK  [0m] Started Set console font and keymap.
[[0;32m  OK  [0m] Created slice system-getty.slice.
[[0;32m  OK  [0m] Started LSB: AppArmor initialization.
[   21.872981] cloud-init[474]: Cloud-init v. 19.1-1-gbaa47854-0ubuntu1~16.04.1 running 'init-local' at Thu, 22 Aug 2019 16:25:36 +0000. Up 21.16 seconds.
[[0;32m  OK  [0m] Started Initial cloud-init job (pre-networking).
[[0;32m  OK  [0m] Reached target Network (Pre).
         Starting Raise network interfaces...
[[0;32m  OK  [0m] Started Raise network interfaces.
         Starting Initial cloud-init job (metadata service crawler)...
[[0;32m  OK  [0m] Reached target Network.
[   24.440865] cloud-init[948]: Cloud-init v. 19.1-1-gbaa47854-0ubuntu1~16.04.1 running 'init' at Thu, 22 Aug 2019 16:25:37 +0000. Up 23.00 seconds.
[[0;32m  OK  [0m] Started Initial cloud-init job (metadata service crawler).
[   24.551976] cloud-init[948]: ci-info: ++++++++++++++++++++++++++++++++++++++Net device info++++++++++++++++++++++++++++++++++++++
[   24.570329] cloud-init[948]: ci-info: +--------+------+----------------------------+---------------+--------+-------------------+
[[   24.601402] cloud-init[948]: ci-info: | Device |  Up  |          Address           |      Mask     | Scope  |     Hw-Address    |
[   24.603710] cloud-init[948]: ci-info: +--------+------+----------------------------+---------------+--------+-------------------+
[   24.603888] cloud-init[948]: ci-info: | enp0s3 | True |         10.0.2.15          | 255.255.255.0 | global | 02:46:62:72:a1:53 |
[0;32m  OK  [0m] Reached target Network is Online.
         Starting iSCSI initiator daemon (iscsid)...
[[0;32m  OK  [0m] Reached target Cloud-config availability.
[   24.604132] cloud-init[948]: ci-info: | enp0s3 | True | fe80::46:62ff:fe72:a153/64 |       .       |  link  | 02:46:62:72:a1:53 |
[   24.697819] cloud-init[948]: ci-info: |   lo   | True |         127.0.0.1          |   255.0.0.0   |  host  |         .         |
[[0;32m  OK  [0m] Reached target System Initialization.
[   24.715231] cloud-init[948]: ci-info: |   lo   | True |          ::1/128           |       .       |  host  |         .         |
[   24.736496] cloud-init[948]: ci-info: +--------+------+----------------------------+---------------+--------+-------------------+
         Starting LXD - unix socket.
[[0;32m  OK  [0m] Started Daily Cleanup of Temporary Directories.[   24.742193] cloud-init[948]: ci-info: +++++++++++++++++++++++++++Route IPv4 info++++++++++++++++++++++++++++
[   24.749455] cloud-init[948]: ci-info: +-------+-------------+----------+---------------+-----------+-------+
[   24.749702] cloud-init[948]: ci-info: | Route | Destination | Gateway  |    Genmask    | Interface | Flags |
[   24.749775] cloud-init[948]: ci-info: +-------+-------------+----------+---------------+-----------+-------+
[   24.749859] cloud-init[948]: ci-info: |   0   |   0.0.0.0   | 10.0.2.2 |    0.0.0.0    |   enp0s3  |   UG  |
[   24.749935] cloud-init[948]: ci-info: |   1   |   10.0.2.0  | 0.0.0.0  | 255.255.255.0 |   enp0s3  |   U   |
[   24.750004] cloud-init[948]: ci-info: +-------+-------------+----------+---------------+-----------+-------+
[   24.750077] cloud-init[948]: ci-info: +++++++++++++++++++Route IPv6 info+++++++++++++++++++
[   24.750148] cloud-init[948]: ci-info: +-------+-------------+---------+-----------+-------+
[   24.750219] cloud-init[948]: ci-info: | Route | Destination | Gateway | Interface | Flags |
[   24.750288] cloud-init[948]: ci-info: +-------+-------------+---------+-----------+-------+
[   24.750357] cloud-init[948]: ci-info: |   0   |  fe80::/64  |    ::   |   enp0s3  |   U   |
[   24.750427] cloud-init[948]: ci-info: |   3   |   ff00::/8  |    ::   |   enp0s3  |   U   |
[   24.750501] cloud-init[948]: ci-info: +-------+-------------+---------+-----------+-------+
[   24.750854] cloud-init[948]: Generating public/private rsa key pair.
[   24.750929] cloud-init[948]: Your identification has been saved in /etc/ssh/ssh_host_rsa_key.
[   24.750999] cloud-init[948]: Your public key has been saved in /etc/ssh/ssh_host_rsa_key.pub.
[   24.751070] cloud-init[948]: The key fingerprint is:
[   24.751140] cloud-init[948]: SHA256:aalG0/2etgLUhL705qPm7L91JQm1/v4P7gPK/vtTfgU root@ubuntu-xenial
[   24.751234] cloud-init[948]: The key's randomart image is:
[   24.751306] cloud-init[948]: +---[RSA 2048]----+
[   24.751380] cloud-init[948]: |         .    .  |
[   24.751451] cloud-init[948]: |        . .  . . |
[   24.751520] cloud-init[948]: |       . o  . .  |
[   24.751589] cloud-init[948]: |       .++.  oE. |
[   24.751660] cloud-init[948]: |      ooSo.   +..|
[   24.751729] cloud-init[948]: |     . +o o..  +o|
[   24.751799] cloud-init[948]: |      o  = .o.ooo|
[   24.751868] cloud-init[948]: |     . .. *o.+ooo|
[   24.751937] cloud-init[948]: |       +=++**=+oB|

[[0;32m  OK  [0m] Listening on D-Bus System Message Bus Socket.
         Starting Socket activation for snappy daemon.
[   24.752837] cloud-init[948]: +----[SHA256]-----+
[   24.856353] cloud-init[948]: Generating public/private dsa key pair.
[[0;32m  OK  [0m[   24.868323] cloud-init[948]: Your identification has been saved in /etc/ssh/ssh_host_dsa_key.
[   24.868817] cloud-init[948]: Your public key has been saved in /etc/ssh/ssh_host_dsa_key.pub.
[   24.868892] cloud-init[948]: The key fingerprint is:
[   24.868963] cloud-init[948]: SHA256:IDeW4Lm6eGpwSZ/EwJwHS8ZccgcApY/+oUhvADCqHgg root@ubuntu-xenial
[   24.869033] cloud-init[948]: The key's randomart image is:
[   24.869104] cloud-init[948]: +---[DSA 1024]----+
[   24.869173] cloud-init[948]: |.BB==..          |
[   24.869242] cloud-init[948]: |o+B=.+ .         |
[   24.869322] cloud-init[948]: |+..++ *          |
[   24.869392] cloud-init[948]: |Eo. o= o         |
[   24.869461] cloud-init[948]: |*..+..  S        |
[   24.869531] cloud-init[948]: |=oo.o            |
[   24.869599] cloud-init[948]: |o++.             |
[   24.869668] cloud-init[948]: |o+=o.            |
[   24.869743] cloud-init[948]: |=+oo             |
[   24.869812] cloud-init[948]: +----[SHA256]-----+
[   24.869881] cloud-init[948]: Generating public/private ecdsa key pair.
[   24.869951] cloud-init[948]: Your identification has been saved in /etc/ssh/ssh_host_ecdsa_key.
[   24.870021] cloud-init[948]: Your public key has been saved in /etc/ssh/ssh_host_ecdsa_key.pub.
[   24.870090] cloud-init[948]: The key fingerprint is:
[   24.870158] cloud-init[948]: SHA256:sAiGTnsdjuzLLxDdSPM92CqoPscypoExhP4ckQRBLx8 root@ubuntu-xenial
[   24.870228] cloud-init[948]: The key's randomart image is:
[   24.870296] cloud-init[948]: +---[ECDSA 256]---+
[   24.870365] cloud-init[948]: |.+o.             |
[   24.870434] cloud-init[948]: |..oo.            |
[   24.870502] cloud-init[948]: |o+=E=.=          |
[   24.870576] cloud-init[948]: |=o=+*=.*         |
[   24.870647] cloud-init[948]: |o+o*.oo S        |
[   24.870716] cloud-init[948]: |.==...           |
[   24.870787] cloud-init[948]: |+ o+.            |
[   24.870858] cloud-init[948]: |.*.+.            |
[   24.870928] cloud-init[948]: |=.=oo.           |
[   24.871003] cloud-init[948]: +----[SHA256]-----+
[   24.871074] cloud-init[948]: Generating public/private ed25519 key pair.
[   24.871145] cloud-init[948]: Your identification has been saved in /etc/ssh/ssh_host_ed25519_key.
[   24.871237] cloud-init[948]: Your public key has been saved in /etc/ssh/ssh_host_ed25519_key.pub.
[   24.871308] cloud-init[948]: The key fingerprint is:
[   24.871379] cloud-init[948]: SHA256:LRWO0rAvyMBIRftihIw9fRMSNrb1/4mYFb5ZrZNS8qA root@ubuntu-xenial
[   24.871468] cloud-init[948]: The key's randomart image is:
[   24.871544] cloud-init[948]: +--[ED25519 256]--+
[   24.871615] cloud-init[948]: | .oo*.+   .      |
[   24.871686] cloud-init[948]: |++.+.= * o .     |
[   24.871757] cloud-init[948]: |oo=oo = + +      |
[   24.871828] cloud-init[948]: |  .+.o + = . .   |
[   24.871899] cloud-init[948]: |   oo.. S B o .  |
[   24.871971] cloud-init[948]: |  . .  . * @ +   |
] Listening on UUID daemon activation socket.
[   24.872605] cloud-init[948]: |        E = B    |
[   25.002650] cloud-init[948]: |           . .   |
[   25.004460] cloud-init[948]: |                 |
[   25.006649] cloud-init[948]: +----[SHA256]-----+
[[0;32m  OK  [0m] Started ACPI Events Check.
[[0;32m  OK  [0m] Reached target Paths.
[[0;32m  OK  [0m] Started Daily apt download activities.
[[0;32m  OK  [0m] Started Daily apt upgrade and clean activities.
[[0;32m  OK  [0m] Reached target Timers.
[[0;32m  OK  [0m] Listening on ACPID Listen Socket.
[[0;32m  OK  [0m] Listening on LXD - unix socket.
[[0;32m  OK  [0m] Listening on Socket activation for snappy daemon.
[[0;32m  OK  [0m] Started iSCSI initiator daemon (iscsid).
         Starting Login to default iSCSI targets...
[[0;32m  OK  [0m] Reached target Sockets.
[[0;32m  OK  [0m] Reached target Basic System.
         Starting Accounts Service...
         Starting LSB: Record successful boot for GRUB...
[[0;32m  OK  [0m] Started ACPI event daemon.
[[0;32m  OK  [0m] Started Deferred execution scheduler.
         Starting Snappy daemon...
[[0;32m  OK  [0m] Started Regular background program processing daemon.
         Starting LSB: MD monitoring daemon...
         Starting Login Service...
[[0;32m  OK  [0m] Started FUSE filesystem for LXC.
         Starting System Logging Service...
         Starting Pollinate to seed the pseudo random number generator...
[[0;32m  OK  [0m] Started D-Bus System Message Bus.
         Starting /etc/rc.local Compatibility...
         Starting Virtualbox guest utils...
         Starting LXD - container startup/shutdown...
[[0;32m  OK  [0m] Started System Logging Service.
[[0;32m  OK  [0m] Started /etc/rc.local Compatibility.
[[0;32m  OK  [0m] Started Login Service.
[[0;32m  OK  [0m] Started Unattended Upgrades Shutdown.
[[0;32m  OK  [0m] Started Login to default iSCSI targets.
[[0;32m  OK  [0m] Reached target Remote File Systems (Pre).
[[0;32m  OK  [0m] Reached target Remote File Systems.
         Starting Permit User Sessions...
         Starting LSB: Set the CPU Frequency Scaling governor to "ondemand"...
         Starting LSB: automatic crash report generation...
         Starting LSB: daemon to balance interrupts for SMP systems...
[[0;32m  OK  [0m] Started LSB: MD monitoring daemon.
[[0;32m  OK  [0m] Started Permit User Sessions.
[[0;32m  OK  [0m] Started LSB: Set the CPU Frequency Scaling governor to "ondemand".
         Starting Authenticate and Authorize Users to Run Privileged Tasks...
         Starting Hold until boot process finishes up...
         Starting Terminate Plymouth Boot Screen...
[[0;32m  OK  [0m] Started LSB: Record successful boot for GRUB.
[[0;32m  OK  [0m] Started Hold until boot process finishes up.
[[0;32m  OK  [0m] Started Terminate Plymouth Boot Screen.
[[0;32m  OK  [0m] Started Getty on tty1.
         Starting Set console scheme...
[[0;32m  OK  [0m] Started Serial Getty on ttyS0.
[[0;32m  OK  [0m] Reached target Login Prompts.
[[0;32m  OK  [0m] Started LSB: automatic crash report generation.
[[0;32m  OK  [0m] Started LSB: daemon to balance interrupts for SMP systems.
[[0;32m  OK  [0m] Started Set console scheme.
[[0;32m  OK  [0m] Started Authenticate and Authorize Users to Run Privileged Tasks.
[[0;32m  OK  [0m] Started Accounts Service.
[[0;32m  OK  [0m] Started Virtualbox guest utils.
[[0;32m  OK  [0m] Started Snappy daemon.
         Starting Wait until snapd is fully seeded...
[[0;32m  OK  [0m] Started LXD - container startup/shutdown.
[[0;32m  OK  [0m] Started Pollinate to seed the pseudo random number generator.
         Starting OpenBSD Secure Shell server...
[[0;32m  OK  [0m] Started OpenBSD Secure Shell server.
[[0;32m  OK  [0m] Created slice User Slice of vagrant.
         Starting User Manager for UID 1000...
[[0;32m  OK  [0m] Started Session 1 of user vagrant.
[[0;32m  OK  [0m] Started User Manager for UID 1000.
[[0;32m  OK  [0m] Started Wait until snapd is fully seeded.
         Starting Apply the settings specified in cloud-config...
[[0;32m  OK  [0m] Reached target Multi-User System.
[[0;32m  OK  [0m] Reached target Graphical Interface.
         Starting Update UTMP about System Runlevel Changes...
[[0;32m  OK  [0m] Started Update UTMP about System Runlevel Changes.
[   31.973351] cloud-init[1381]: Generating locales (this might take a while)...

Ubuntu 16.04.6 LTS ubuntu-xenial ttyS0

ubuntu-xenial login: [   34.983673] cloud-init[1381]:   en_US.UTF-8... done
[   34.987920] cloud-init[1381]: Generation complete.
[   35.843242] cloud-init[1381]: Cloud-init v. 19.1-1-gbaa47854-0ubuntu1~16.04.1 running 'modules:config' at Thu, 22 Aug 2019 16:25:46 +0000. Up 31.21 seconds.
ci-info: no authorized ssh keys fingerprints found for user ubuntu.
<14>Aug 22 16:25:51 ec2: 
<14>Aug 22 16:25:51 ec2: #############################################################
<14>Aug 22 16:25:51 ec2: -----BEGIN SSH HOST KEY FINGERPRINTS-----
<14>Aug 22 16:25:51 ec2: 1024 SHA256:IDeW4Lm6eGpwSZ/EwJwHS8ZccgcApY/+oUhvADCqHgg root@ubuntu-xenial (DSA)
<14>Aug 22 16:25:51 ec2: 256 SHA256:sAiGTnsdjuzLLxDdSPM92CqoPscypoExhP4ckQRBLx8 root@ubuntu-xenial (ECDSA)
<14>Aug 22 16:25:51 ec2: 256 SHA256:LRWO0rAvyMBIRftihIw9fRMSNrb1/4mYFb5ZrZNS8qA root@ubuntu-xenial (ED25519)
<14>Aug 22 16:25:51 ec2: 2048 SHA256:aalG0/2etgLUhL705qPm7L91JQm1/v4P7gPK/vtTfgU root@ubuntu-xenial (RSA)
<14>Aug 22 16:25:51 ec2: -----END SSH HOST KEY FINGERPRINTS-----
<14>Aug 22 16:25:51 ec2: #############################################################
-----BEGIN SSH HOST KEY KEYS-----
ecdsa-sha2-nistp256 AAAAE2VjZHNhLXNoYTItbmlzdHAyNTYAAAAIbmlzdHAyNTYAAABBBOf4yzdOVt3cgqrzCam8KrOndyttsqEZPjitKcCQ738RQkXQEI5n3LR9XANT6EDQ3gaaByqGI77heRZDeALSKOc= root@ubuntu-xenial
ssh-ed25519 AAAAC3NzaC1lZDI1NTE5AAAAIIkGZObU7qvHm9qsj/1+81FFefxWN2+punMG5cGQJSDh root@ubuntu-xenial
ssh-rsa AAAAB3NzaC1yc2EAAAADAQABAAABAQCno/kDQVR64VeZ2D1buj0jCS0V1wyTbAEIX3Lutmyey6RYXlZMMga5SNvquVKUCAXI9IiHo5kj62TDSuilN45jch6NhN1Fasz6WT67cmR1DvxSB2MLTQpAHEHDg2ebGCRkKG0vicdcCVXdx2IVKnqGUAJRfMYbrJik/u5VasAvjLDdIuX8e11WM/eoblzAgnc5GDkeLLoHZOQOCxnhVWAg7wB8jL0MuqRbdiCqAJtVXehySmhSDVXNepraN5nJ5+kwhfWib8b8ZtS1bG2ygh6onYojp8+jtXVG8Ws+ohwA3XYUejr83PFZZYoi5Tjh1eoEu0Twjr7IvZI7Uab8Erqf root@ubuntu-xenial
-----END SSH HOST KEY KEYS-----
[   37.052844] cloud-init[1531]: Cloud-init v. 19.1-1-gbaa47854-0ubuntu1~16.04.1 running 'modules:final' at Thu, 22 Aug 2019 16:25:51 +0000. Up 36.75 seconds.
[   37.053148] cloud-init[1531]: ci-info: no authorized ssh keys fingerprints found for user ubuntu.
[   37.053370] cloud-init[1531]: Cloud-init v. 19.1-1-gbaa47854-0ubuntu1~16.04.1 finished at Thu, 22 Aug 2019 16:25:51 +0000. Datasource DataSourceNoCloud [seed=/dev/sdb][dsmode=net].  Up 37.04 seconds
