[    0.000000] Initializing cgroup subsys cpuset
[    0.000000] Initializing cgroup subsys cpu
[    0.000000] Initializing cgroup subsys cpuacct
[    0.000000] Linux version 4.4.0-157-generic (buildd@lgw01-amd64-037) (gcc version 5.4.0 20160609 (Ubuntu 5.4.0-6ubuntu1~16.04.10) ) #185-Ubuntu SMP Tue Jul 23 09:17:01 UTC 2019 (Ubuntu 4.4.0-157.185-generic 4.4.181)
[    0.000000] Command line: BOOT_IMAGE=/boot/vmlinuz-4.4.0-157-generic root=LABEL=cloudimg-rootfs ro console=tty1 console=ttyS0
[    0.000000] KERNEL supported cpus:
[    0.000000]   Intel GenuineIntel
[    0.000000]   AMD AuthenticAMD
[    0.000000]   Centaur CentaurHauls
[    0.000000] x86/fpu: xstate_offset[2]:  576, xstate_sizes[2]:  256
[    0.000000] x86/fpu: Supporting XSAVE feature 0x01: 'x87 floating point registers'
[    0.000000] x86/fpu: Supporting XSAVE feature 0x02: 'SSE registers'
[    0.000000] x86/fpu: Supporting XAAEE feature 0x04: 'AVX registers'
[    0.000000] x86/fpu: Enabled xstate features 0x7, context size is 832 bytes, using 'standard' format.
[    0.000000] e820: BIOS-provided physical RAM map:
[    0.000000] BIOS-e820: [mem 0x0000000000000000-0x000000000009fbff] usable
[    0.000000] BIOS-e820: [mem 0x000000000009fc00-0x000000000009ffff] reserved
[    0.000000] BIOS-e820: [mem 0x00000000000f0000-0x00000000000fffff] reserved
[    0.000000] BIOS-e820: [mem 0x0000000000100000-0x000000002cfeffff] usable
[    0.000000] BIOS-e820: [mem 0x000000002cff0000-0x000000002cffffff] ACPI data
[    0.000000] BIOS-e820: [mem 0x00000000fffc0000-0x00000000ffffffff] reserved
[    0.000000] NX (Execute Disable) protection: active
[    0.000000] SMBIOS 2.5 present.
[    0.000000] Hypervisor detected: KVM
[    0.000000] e820: last_pfn = 0x2cff0 max_arch_pfn = 0x400000000
[    0.000000] MTRR: Disabled
[    0.000000] x86/PAT: MTRRs disabled, skipping PAT initialization too.
[    0.000000] CPU MTRRs all blank - virtualized system.
[    0.000000] x86/PAT: Configuration [0-7]: WB  WT  UC- UC  WB  WT  UC- UC  
[    0.000000] found SMP MP-table at [mem 0x0009fff0-0x0009ffff] mapped at [ffff88000009fff0]
[    0.000000] Scanning 1 areas for low memory corruption
[    0.000000] RAMDISK: [mem 0x2b895000-0x2c70ffff]
[    0.000000] ACPI: Early table checksum verification disabled
[    0.000000] ACPI: RSDP 0x00000000000E0000 000024 (v02 VBOX  )
[    0.000000] ACPI: XSDT 0x000000002CFF0030 00003C (v01 VBOX   VBOXXSDT 00000001 ASL  00000061)
[    0.000000] ACPI: FACP 0x000000002CFF00F0 0000F4 (v04 VBOX   VBOXFACP 00000001 ASL  00000061)
[    0.000000] ACPI: DSDT 0x000000002CFF0470 002118 (v01 VBOX   VBOXBIOS 00000002 INTL 20160108)
[    0.000000] ACPI: FACS 0x000000002CFF0200 000040
[    0.000000] ACPI: FACS 0x000000002CFF0200 000040
[    0.000000] ACPI: APIC 0x000000002CFF0240 000054 (v02 VBOX   VBOXAPIC 00000001 ASL  00000061)
[    0.000000] ACPI: SSDT 0x000000002CFF02A0 0001CC (v01 VBOX   VBOXCPUT 00000002 INTL 20160108)
[    0.000000] No NUMA configuration found
[    0.000000] Faking a node at [mem 0x0000000000000000-0x000000002cfeffff]
[    0.000000] NODE_DATA(0) allocated [mem 0x2cfeb000-0x2cfeffff]
[    0.000000] kvm-clock: Using msrs 4b564d01 and 4b564d00
[    0.000000] kvm-clock: cpu 0, msr 0:2cfe3001, primary cpu clock
[    0.000000] kvm-clock: using sched offset of 4015761250 cycles
[    0.000000] clocksource: kvm-clock: mask: 0xffffffffffffffff max_cycles: 0x1cd42e4dffb, max_idle_ns: 881590591483 ns
[    0.000000] Zone ranges:
[    0.000000]   DMA      [mem 0x0000000000001000-0x0000000000ffffff]
[    0.000000]   DMA32    [mem 0x0000000001000000-0x000000002cfeffff]
[    0.000000]   Normal   empty
[    0.000000]   Device   empty
[    0.000000] Movable zone start for each node
[    0.000000] Early memory node ranges
[    0.000000]   node   0: [mem 0x0000000000001000-0x000000000009efff]
[    0.000000]   node   0: [mem 0x0000000000100000-0x000000002cfeffff]
[    0.000000] Initmem setup node 0 [mem 0x0000000000001000-0x000000002cfeffff]
[    0.000000] ACPI: PM-Timer IO Port: 0x4008
[    0.000000] IOAPIC[0]: apic_id 1, version 17, address 0xfec00000, GSI 0-23
[    0.000000] ACPI: INT_SRC_OVR (bus 0 bus_irq 0 global_irq 2 dfl dfl)
[    0.000000] ACPI: INT_SRC_OVR (bus 0 bus_irq 9 global_irq 9 high level)
[    0.000000] Using ACPI (MADT) for SMP configuration information
[    0.000000] smpboot: Allowing 1 CPUs, 0 hotplug CPUs
[    0.000000] PM: Registered nosave memory: [mem 0x00000000-0x00000fff]
[    0.000000] PM: Registered nosave memory: [mem 0x0009f000-0x0009ffff]
[    0.000000] PM: Registered nosave memory: [mem 0x000a0000-0x000effff]
[    0.00000]PPM: Regittered nosave memory: mmem 0x00000000-xx00ffffff]
[    0.000000] e820: [mem 0x2d000000-0xfffbffff] available for PCI devices
[    0.000000] Booting paravirtualized kernel on KVM
[    0.000000] clocksource: refined-jiffies: mask: 0xffffffff max_cycles: 0xffffffff, max_idle_ns: 7645519600211568 ns
[    0.000000] setup_percpu: NR_CPUS:512 nr_cpumask_bits:512 nr_cpu_ids:1 nr_node_ids:1
[    0.000000] PERCPU: Embedded 34 pages/cpu @ffff88002cc00000 s99544 r8192 d31528 u2097152
[    0.000000] Built 1 zonelists in Node order, mobility grouping on.  Total pages: 181304
[    0.000000] Policy zone: DMA32
[    0.000000] Kernel command line: BOOT_IMAGE=/boot/vmlinuz-4.4.0-157-generic root=LABEL=cloudimg-rootfs ro console=tty1 console=ttyS0
[    0.000000] PID hash table entries: 4096 (order: 3, 32768 bytes)
[    0.000000] Memory: 690668K/736824K available (8618K kernel code, 1335K rwdata, 4032K rodata, 1484K init, 1284K bss, 46156K reserved, 0K cma-reserved)
[    0.000000] SLUB: HWalign=64, Order=0-3, MinObjects=0, CPUs=1, Nodes=1
[    0.000000] Kernel/User page tables isolation: enabled
[    0.000000] Hierarchical RCU implementation.
[    0.000000] 	Build-time adjustment of leaf fanout to 64.
[    0.000000] 	RCU restricting CPUs from NR_CPUS=512 to nr_cpu_ids=1.
[    0.000000] RCU: Adjusting geometry for rcu_fanout_leaf=64, nr_cpu_ids=1
[    0.000000] NR_IRQS:33024 nr_irqs:256 16
[    0.000000] Console: colour VGA+ 80x25
[    0.000000] console [tty1] enabled
[    0.000000] console [ttyS0] enabled
[    0.000000] tsc: Detected 3092.948 MHz processor
[    1.531663] Calibrating delay loop (skipped) preset value.. 6185.89 BogoMIPS (lpj=12371792)
[    1.542388] pid_max: default: 32768 minimum: 301
[    1.543623] ACPI: Core revision 20150930
[    1.545598] ACPI: 2 ACPI AML tables successfully acquired and loaded
[    1.547194] Security Framework initialiee
[    1.622639] Yama: becoming mindful.
[    1.665422] AppArmor: AppArmor initialized
[    1.666274] Dentry cache hash table entries: 131072 (order: 8, 1048576 bytes)
[    1.667644] Inode-cache hash table entries: 65536 (order: 7, 524288 bytes)
[    1.671553] Mount-cache hash table entries: 2048 (order: 2, 16384 bytes)
[    1.672643] Mountpoint-cache hash table entries: 2048 (order: 2, 16384 bytes)
[    1.673925] Initializing cgroup subsys io
[    1.674689] Initializing cgroup subsys memory
[    1.675541] Initializing cgroup subsys devices
[    1.676353] Initializing cgroup subsys freezer
[    1.677166] Initializing cgroup subsys net_cls
[    1.677975] Initializing cgroup subsys perf_event
[    1.678816] Initializing cgroup subsys net_prio
[    1.679685] Initializing cgroup subsys hugetlb
[    1.680502] Initializing cgroup subsys pids
[    1.681413] mce: CPU supports 0 MCE banks
[    1.726771] process: using mwait in idle threads
[    1.727878] Last level iTLB entries: 4KB 512, 2MB 8, 4MB 8
[    1.729116] Last level dTLB entries: 4KB 512, 2MB 32, 4MB 32, 1GB 0
[    1.730511] Spectre V2 : Mitigation: Full generic retpoline
[    1.750792] Spectre V2 : Spectre v2 / SpectreRSB mitigation: Filling RSB on context switch
[    1.753348] Speculative Store Bypass: Vulnerable
[    1.754834] MDS: Vulnerable: Clear CPU buffers attempted, no microcode
[    1.793018] Freeing SMP alternatives memory: 36K
[    1.849186] ftrace: allocating 32312 entries in 127 pages
[    1.971944] smpboot: APIC(0) Converting physical 0 to logical package 0
[    1.979927] smpboot: Max logical packages: 1
[    1.983681] ..TIMER: vector=0x30 apic1=0 pin1=2 apic2=-1 pin2=-1
[    2.154147] APIC calibration not consistent with PM-Timer: 117ms instead of 100ms
[    2.160460] APIC delta adjusted to PM-Timer: 6314636 (7395072)
[    2.162719] smpboot: CPU0: Intel(R) Core(TM) i3-2100 CPU @ 3.10GHz (family: 0x6, model: 0x2a, stepping: 0x7)
[    2.172268] Performance Events: unsupported p6 CPU model 42 no PMU driver, software events only.
[    2.191681] KVM setup paravirtual spinlock
[    2.196373] x86: Booted up 1 node, 1 CPUs
[    2.201794] smpboot: Total of 1 processors activated (6185.89 BogoMIPS)
[    2.204321] devtmpfs: initialized
[    2.207702] evm: security.selinux
[    2.208873] evm: security.SMACK64
[    2.210026] evm: security.SMACK64EXEC
[    2.297655] evm: security.SMACK64TRANSMUTE
[    2.514273] evm: security.SMACK64MMAP
[    2.565773] evm: security.ima
[    2.581340] evm: security.capability
[    2.585426] clocksource: jiffies: mask: 0xffffffff max_cycles: 0xffffffff, max_idle_ns: 7645041785100000 ns
[    2.591693] futex hash table entries: 256 (order: 2, 16384 bytes)
[    2.593466] pinctrl core: initialized pinctrl subsystem
[    2.607786] RTC time: 16:57:26, date: 08/22/19
[    2.611386] NET: Registered protocol family 16
[    2.612565] cpuidle: using governor ladder
[    2.613461] cpuidle: using governor menu
[    2.614328] PCCT header not found.
[    2.720869] ACPI: bus type PCI registered
[    2.965911] acpiphp: ACPI Hot Plug PCI Controller Driver version: 0.5
[    2.968548] PCI: Using configuration type 1 for base access
[    2.972631] ACPI: Added _OSI(Module Device)
[    2.978897] ACPI: Added _OSI(Processor Device)
[    2.980621] ACPI: Added _OSI(3.0 _SCP Extensions)
[    3.001126] ACPI: Added _OSI(Processor Aggregator Device)
[    3.002774] ACPI: Executed 1 blocks of module-level executable AML code
[    3.013638] ACPI: Interpreter enabled
[    3.014636] ACPI: (supports S0 S5)
[    3.288292] ACPI: Using IOAPIC for interrupt routing
[    3.612589] PCI: Using host bridge windows from ACPI; if necessary, use "pci=nocrs" and report a bug
[    3.619703] ACPI: PCI Root Bridge [PCI0] (domain 0000 [bus 00-ff])
[    3.641041] acpi PNP0A03:00: _OSC: OS supports [ASPM ClockPM Segments MSI]
[    3.691341] acpi PNP0A03:00: _OSC failed (AE_NOT_FOUND); disabling ASPM
[    3.692721] acpi PNP0A03:00: fail to add MMCONFIG information, can't access extended PCI configuration space under this bridge.
[    3.695346] PCI host bridge to bus 0000:00
[    3.696301] pci_bus 0000:00: root bus resource [io  0x0000-0x0cf7 window]
[    3.697675] pci_bus 0000:00: root bus resource [io  0x0d00-0xffff window]
[    3.711715] pci_bus 0000:00: root bus resource [mem 0x000a0000-0x000bffff window]
[    3.713398] pci_bus 0000:00: root bus resource [mem 0x2d000000-0xffdfffff window]
[    3.724132] pci_bus 0000:00: root bus resource [bus 00-ff]
[    3.726796] pci 0000:00:01.1: legacy IDE quirk: reg 0x10: [io  0x01f0-0x01f7]
[    3.728270] pci 0000:00:01.1: legacy IDE quirk: reg 0x14: [io  0x03f6]
[    3.729600] pci 0000:00:01.1: legacy IDE quirk: reg 0x18: [io  0x0170-0x0177]
[    3.731077] pci 0000:00:01.1: legacy IDE quirk: reg 0x1c: [io  0x0376]
[    3.749847] ACPI: PCI Interrupt Link [LNKA] (IRQs 5 9 10 11) *0, disabled.
[    3.797337] ACPI: PCI Interrupt Link [LNKB] (IRQs 5 9 10 *11)
[    3.809158] ACPI: PCI Interrupt Link [LNKC] (IRQs 5 9 *10 11)
[    3.811280] ACPI: PCI Interrupt Link [LNKD] (IRQs 5 *9 10 11)
[    3.813469] ACPI: Enabled 2 GPEs in block 00 to 07
[    3.892127] vgaarb: setting as boot device: PCI:0000:00:02.0
[    4.230877] vgaarb: device added: PCI:0000:00:02.0,decodes=io+mem,owns=io+mem,locks=none
[    4.241735] vgaarb: loaded
[    4.242323] vgaarb: bridge control possible 0000:00:02.0
[    4.243506] SCSI subsystem initialized
[    4.244343] ACPI: bus type USB registered
[    4.245106] usbcore: registered new interface driver usbfs
[    4.246029] usbcore: registered new interface driver hub
[    4.246933] usbcore: registered new device driver usb
[    4.248001] PCI: Using ACPI for IRQ routing
[    4.254066] NetLabel: Initializing
[    4.254734] NetLabel:  domain hash size = 128
[    4.255512] NetLabel:  protocols = UNLABELED CIPSOv4
[    4.256396] NetLabel:  unlabeled traffic allowed by default
[    4.257419] amd_nb: Cannot enumerate AMD northbridges
[    4.258313] clocksource: Switched to clocksource kvm-clock
[    4.265379] AppArmor: AppArmor Filesystem Enabled
[    4.361157] pnp: PnP ACPI init
[    4.362520] pnp: PnP ACPI: found 3 devices
[    4.405958] clocksource: acpi_pm: mask: 0xffffff max_cycles: 0xffffff, max_idle_ns: 2085701024 ns
[    4.631789] NET: Registered protocol family 2
[    4.731797] TCP established hash table entries: 8192 (order: 4, 65536 bytes)
[    4.742128] TCP bind hash table entries: 8192 (order: 5, 131072 bytes)
[    4.760974] TCP: Hash tables configured (established 8192 bind 8192)
[    4.762521] UDP hash table entries: 512 (order: 2, 16384 bytes)
[    4.764009] UDP-Lite hash table entries: 512 (order: 2, 16384 bytes)
[    4.881235] NET: Registered protocol family 1
[    5.081049] pci 0000:00:00.0: Limiting direct PCI/PCI transfers
[    5.084495] pci 0000:00:01.0: Activating ISA DMA hang workarounds
[    5.085647] Unpacking initramfs...
[    5.510903] Freeing initrd memory: 14828K
[    5.591209] RAPL PMU detected, API unit is 2^-32 Joules, 3 fixed counters 10737418240 ms ovfl timer
[    5.592878] hw unit of domain pp0-core 2^-0 Joules
[    5.593763] hw unit of domain package 2^-0 Joules
[    5.594637] hw unit of domain pp1-gpu 2^-0 Joules
[    5.595579] clocksource: tsc: mask: 0xffffffffffffffff max_cycles: 0x2c954203dde, max_idle_ns: 440795358415 ns
[    5.597397] platform rtc_cmos: registered platform RTC device (no PNP device found)
[    5.598994] Scanning for low memory corruption every 60 seconds
[    5.600366] audit: initializing netlink subsys (disabled)
[    5.601322] audit: type=2000 audit(1566493051.740:1): initialized
[    5.602594] Initialise system trusted keyring
[    5.603556] HugeTLB registered 2 MB page size, pre-allocated 0 pages
[    5.605765] zbud: loaded
[    5.606637] VFS: Disk quotas dquot_6.6.0
[    5.607466] VFS: Dquot-cache hash table entries: 512 (order 0, 4096 bytes)
[    5.608802] squashfs: version 4.0 (2009/01/31) Phillip Lougher
[    5.610614] fuse init (API version 7.23)
[    5.681380] Key type big_key registered
[    5.720764] Allocating IMA MOK and blacklist keyrings.
[    5.801293] Key type asymmetric registered
[    5.803697] Asymmetric key parser 'x509' registered
[    5.871415] Block layer SCSI generic (bsg) driver version 0.4 loaded (major 249)
[    5.873798] io scheduler noop registered
[    5.875165] io scheduler deadline registered (default)
[    5.876746] io scheduler cfq registered
[    5.878081] pci_hotplug: PCI Hot Plug PCI Core version: 0.5
[    5.879762] pciehp: PCI Express Hot Plug Controller Driver version: 0.4
[    5.901189] ACPI: AC Adapter [AC] (on-line)
[    5.902445] input: Power Button as /devices/LNXSYSTM:00/LNXPWRBN:00/input/input0
[    5.904645] ACPI: Power Button [PWRF]
[    5.905820] input: Sleep Button as /devices/LNXSYSTM:00/LNXSLPBN:00/input/input1
[    5.907993] ACPI: Sleep Button [SLPF]
[    5.909206] GHES: HEST is not enabled!
[    5.910403] Serial: 8250/16550 driver, 32 ports, IRQ sharing enabled
[    5.934186] 00:02: ttyS0 at I/O 0x3f8 (irq = 4, base_baud = 115200) is a 16550A
[    5.982192] Linux agpgart interface v0.103
[    5.986091] loop: module loaded
[    5.992075] scsi host0: ata_piix
[    5.993276] scsi host1: ata_piix
[    5.994421] ata1: PATA max UDMA/33 cmd 0x1f0 ctl 0x3f6 bmdma 0xd000 irq 14
[    5.996384] ata2: PATA max UDMA/33 cmd 0x170 ctl 0x376 bmdma 0xd008 irq 15
[    6.001558] libphy: Fixed MDIO Bus: probed
[    6.002851] tun: Universal TUN/TAP device driver, 1.6
[    6.004314] tun: (C) 1999-2004 Max Krasnyansky <maxk@qualcomm.com>
[    6.006065] PPP generic driver version 2.4.2
[    6.007516] ehci_hcd: USB 2.0 'Enhanced' Host Controller (EHCI) Driver
[    6.009186] ehci-pci: EHCI PCI platform driver
[    6.010457] ehci-platform: EHCI generic platform driver
[    6.021621] ohci_hcd: USB 1.1 'Open' Host Controller (OHCI) Driver
[    6.023198] ohci-pci: OHCI PCI platform driver
[    6.024443] ohci-platform: OHCI generic platform driver
[    6.025824] uhci_hcd: USB Universal Host Controller Interface driver
[    6.027549] i8042: PNP: PS/2 Controller [PNP0303:PS2K,PNP0f03:PS2M] at 0x60,0x64 irq 1,12
[    6.030274] serio: i8042 KBD port at 0x60,0x64 irq 1
[    6.031695] serio: i8042 AUX port at 0x60,0x64 irq 12
[    6.033086] mousedev: PS/2 mouse device common for all mice
[    6.034761] input: AT Translated Set 2 keyboard as /devices/platform/i8042/serio0/input/input2
[    6.077476] rtc_cmos rtc_cmos: rtc core: registered rtc_cmos as rtc0
[    6.078979] rtc_cmos rtc_cmos: alarms up to one day, 114 bytes nvram
[    6.080379] i2c /dev entries driver
[    6.081314] device-mapper: uevent: version 1.0.3
[    6.082454] device-mapper: ioctl: 4.34.0-ioctl (2015-10-28) initialised: dm-devel@redhat.com
[    6.084449] ledtrig-cpu: registered to indicate activity on CPUs
[    6.086007] NET: Registered protocol family 10
[    6.087232] NET: Registered protocol family 17
[    6.088276] Key type dns_resolver registered
[    6.089474] registered taskstats version 1
[    6.090456] Loading compiled-in X.509 certificates
[    6.092343] Loaded X.509 cert 'Build time autogenerated kernel key: 3e01e6df98386236d59670e6b2ed19a044d5324e'
[    6.094455] zswap: loaded using pool lzo/zbud
[    6.097308] Key type trusted registered
[    6.103643] Key type encrypted registered
[    6.111278] AppArmor: AppArmor sha1 policy hashing enabled
[    6.112495] ima: No TPM chip found, activating TPM-bypass!
[    6.113692] ima: Allocated hash algorithm: sha1
[    6.114823] evm: HMAC attrs: 0x1
[    6.115859]   Magic number: 15:804:995
[    6.116811] rtc_cmos rtc_cmos: setting system clock to 2019-08-22 16:57:30 UTC (1566493050)
[    6.118717] BIOS EDD facility v0.16 2004-Jun-25, 0 devices found
[    6.120081] EDD information not available.
[    6.156320] Freeing unused kernel memory: 1484K
[    6.191302] Write protecting the kernel read-only data: 14336k
[    6.192947] Freeing unused kernel memory: 1612K
[    6.196496] Freeing unused kernel memory: 64K
Loading, please wait...
starting version 229
[    6.211531] random: systemd-udevd: uninitialized urandom read (16 bytes read, 3 bits of entropy available)
[    6.213774] random: systemd-udevd: uninitialized urandom read (16 bytes read, 3 bits of entropy available)
[    6.217019] random: udevadm: uninitialized urandom read (16 bytes read, 3 bits of entropy available)
[    6.221479] random: systemd-udevd: uninitialized urandom read (16 bytes read, 3 bits of entropy available)
[    6.223672] random: systemd-udevd: uninitialized urandom read (16 bytes read, 3 bits of entropy available)
[    6.226661] random: udevadm: uninitialized urandom read (16 bytes read, 3 bits of entropy available)
[    6.341270] random: systemd-udevd: uninitialized urandom read (16 bytes read, 3 bits of entropy available)
[    6.758400] random: udevadm: uninitialized urandom read (16 bytes read, 3 bits of entropy available)
[    6.843143] random: udevadm: uninitialized urandom read (16 bytes read, 3 bits of entropy available)
[    6.872040] random: udevadm: uninitialized urandom read (16 bytes read, 3 bits of entropy available)
[    7.121599] Fusion MPT base driver 3.04.20
[    7.370969] Copyright (c) 1999-2008 LSI Corporation
[    7.570217] e1000: Intel(R) PRO/1000 Network Driver - version 7.3.21-k8-NAPI
[    7.979947] e1000: Copyright (c) 1999-2006 Intel Corporation.
[    7.984675] input: ImExPS/2 Generic Explorer Mouse as /devices/platform/i8042/serio1/input/input4
[    7.999666] Fusion MPT SPI Host driver 3.04.20
[    8.006503] mptbase: ioc0: Initiating bringup
[    8.070677] ioc0: LSI53C1030 A0: Capabilities={Initiator}
[    8.260579] scsi host2: ioc0: LSI53C1030 A0, FwRev=00000000h, Ports=1, MaxQ=256, IRQ=20
[    8.380630] scsi 2:0:0:0: Direct-Access     VBOX     HARDDISK         1.0  PQ: 0 ANSI: 5
[    8.387802] scsi target2:0:0: Beginning Domain Validation
[    8.391399] scsi target2:0:0: Domain Validation skipping write tests
[    8.393094] scsi target2:0:0: Ending Domain Validation
[    8.394441] scsi target2:0:0: asynchronous
[    8.396423] scsi 2:0:1:0: Direct-Access     VBOX     HARDDISK         1.0  PQ: 0 ANSI: 5
[    8.399637] scsi target2:0:1: Beginning Domain Validation
[    8.403345] scsi target2:0:1: Domain Validation skipping write tests
[    8.405241] scsi target2:0:1: Ending Domain Validation
[    8.406881] scsi target2:0:1: asynchronous
[    8.575026] sd 2:0:0:0: Attached scsi generic sg0 type 0
[    8.601516] sd 2:0:0:0: [sda] 20971520 512-byte logical blocks: (10.7 GB/10.0 GiB)
[    8.604075] sd 2:0:0:0: [sda] Write Protect is off
[    8.605599] sd 2:0:0:0: [sda] Incomplete mode parameter data
[    8.607222] sd 2:0:0:0: [sda] Assuming drive cache: write through
[    8.628491] sd 2:0:1:0: [sdb] 20480 512-byte logical blocks: (10.5 MB/10.0 MiB)
[    8.632252] sd 2:0:1:0: Attached scsi generic sg1 type 0
[    8.648565]  sda: sda1
[    8.741955] sd 2:0:1:0: [sdb] Write Protect is off
[    9.043503] sd 2:0:0:0: [sda] Attached SCSI disk
[    9.203601] sd 2:0:1:0: [sdb] Incomplete mode parameter data
[    9.341134] sd 2:0:1:0: [sdb] Assuming drive cache: write through
[    9.475872] e1000 0000:00:03.0 eth0: (PCI:33MHz:32-bit) 02:46:62:72:a1:53
[    9.641400] e1000 0000:00:03.0 eth0: Intel(R) PRO/1000 Network Connection
[    9.643816] sd 2:0:1:0: [sdb] Attached SCSI disk
[    9.790184] e1000 0000:00:03.0 enp0s3: renamed from eth0
Begin: Loading e[   11.838092] md: linear personality registered for level -1
ssential drivers ... [   11.858615] md: multipath personality registered for level -4
[   11.868707] md: raid0 personality registered for level 0
[   11.879494] md: raid1 personality registered for level 1
[   12.035856] raid6: sse2x1   gen()  4584 MB/s
[   12.140779] raid6: sse2x1   xor()  3600 MB/s
[   12.245667] raid6: sse2x2   gen()  5917 MB/s
[   12.348641] raid6: sse2x2   xor()  5072 MB/s
[   12.450666] raid6: sse2x4   gen() 10878 MB/s
[   12.660756] raid6: sse2x4   xor()  5312 MB/s
[   13.091251] raid6: using algorithm sse2x4 gen() 10878 MB/s
[   13.093586] raid6: .... xor() 5312 MB/s, rmw enabled
[   13.095755] raid6: using ssse3x2 recovery algorithm
[   13.103726] xor: automatically using best checksumming function:
[   13.240238]    avx       : 33011.000 MB/sec
[   13.255037] async_tx: api initialized (async)
[   13.328344] md: raid6 personality registered for level 6
[   13.352078] md: raid5 personality registered for level 5
[   13.353831] md: raid4 personality registered for level 4
[   13.401813] md: raid10 personality registered for level 10
done.
Begin: Running /scripts/init-premount ... done.
Begin: Mounting root file system ... Begin: Running /scripts/local-top ... done.
Begin: Running /scripts/local-[   13.458857] Btrfs loaded
premount ... Scanning for Btrfs filesystems
done.
Warning: fsck not present, so sk[   13.550606] EXT4-fs (sda1): mounted filesystem with ordered data mode. Opts: (null)
ipping root file system
done.
Begin: Running /scripts/local-bottom ... done.
Begin: Running /scripts/init-bottom ... done.
[   14.422580] systemd[1]: systemd 229 running in system mode. (+PAM +AUDIT +SELINUX +IMA +APPARMOR +SMACK +SYSVINIT +UTMP +LIBCRYPTSETUP +GCRYPT +GNUTLS +ACL +XZ -LZ4 +SECCOMP +BLKID +ELFUTILS +KMOD -IDN)
[   14.455912] systemd[1]: Detected virtualization oracle.
[   14.462898] systemd[1]: Detected architecture x86-64.

Welcome to [1mUbuntu 16.04.6 LTS[0m!

[   14.526996] systemd[1]: Set hostname to <ubuntu>.
[   14.558191] systemd[1]: Initializing machine ID from random generator.
[   14.581652] systemd[1]: Installed transient /etc/machine-id file.
[   14.663284] random: nonblocking pool is initialized
[   15.374339] systemd[1]: Reached target System Time Synchronized.
[[0;32m  OK  [0m] Reached target System Time Synchronized.
[   15.465332] systemd[1]: Listening on LVM2 metadata daemon socket.
[[0;32m  OK  [0m] Listening on LVM2 metadata daemon socket.
[   15.470911] systemd[1]: Reached target Encrypted Volumes.
[[0;32m  OK  [0m] Reached target Encrypted Volumes.
[   15.475444] systemd[1]: Created slice System Slice.
[[0;32m  OK  [0m] Created slice System Slice.
[   15.524510] systemd[1]: Started Trigger resolvconf update for networkd DNS.
[[0;32m  OK  [0m] Started Trigger resolvconf update for networkd DNS.
[   15.758677] systemd[1]: Listening on Device-mapper event daemon FIFOs.
[[0;32m  OK  [0m] Listening on Device-mapper event daemon FIFOs.
[   15.922540] systemd[1]: Created slice system-serial\x2dgetty.slice.
[[0;32m  OK  [0m] Created slice system-serial\x2dgetty.slice.
[   15.924875] systemd[1]: Listening on LVM2 poll daemon socket.
[[0;32m  OK  [0m] Listening on LVM2 poll daemon socket.
[   15.927051] systemd[1]: Listening on Syslog Socket.
[[0;32m  OK  [0m] Listening on Syslog Socket.
[   16.026841] systemd[1]: Listening on Journal Audit Socket.
[[0;32m  OK  [0m] Listening on Journal Audit Socket.
[   16.226756] systemd[1]: Listening on udev Control Socket.
[[0;32m  OK  [0m] Listening on udev Control Socket.
[   16.487188] systemd[1]: Set up automount Arbitrary Executable File Formats File System Automount Point.
[[0;32m  OK  [0m] Set up automount Arbitrary Executab...ats File System Automount Point.
[   16.621590] systemd[1]: Reached target User and Group Name Lookups.
[[0;32m  OK  [0m] Reached target User and Group Name Lookups.
[   16.634830] systemd[1]: Reached target Swap.
[[0;32m  OK  [0m] Reached target Swap.
[   16.652914] systemd[1]: Listening on Journal Socket.
[[0;32m  OK  [0m] Listening on Journal Socket.
[   16.663438] systemd[1]: Mounting Huge Pages File System...
         Mounting Huge Pages File System...
[   16.907750] systemd[1]: Starting Nameserver information manager...
         Starting Nameserver information manager...
[   17.268117] systemd[1]: Mounting Debug File System...
         Mounting Debug File System...
[   17.573802] systemd[1]: Starting Load Kernel Modules...
         Starting Load Kernel Modules...
[   17.742652] systemd[1]: Mounting POSIX Message Queue File System...
         Mounting POSIX Message Queue File System...
[   17.746290] systemd[1]: Starting Create list of required static device nodes for the current kernel...
         Starting Create list of required st... nodes for the current kernel...
[   17.761093] systemd[1]: Starting Monitoring of LVM2 mirrors, snapshots etc. using dmeventd or progress polling...
         Starting Monitoring of LVM2 mirrors... dmeventd or progress polling...
[   17.808151] systemd[1]: Starting Set console keymap...
[   17.844485] Loading iSCSI transport class v2.0-870.
         Starting Set console keymap...
[   17.855496] systemd[1]: Created slice User and Session Slice.
[[0;32m  OK  [0m] Created slice User and Session Slice.
[   17.896497] systemd[1]: Reached target Slices.
[[0;32m  OK  [0m] Reached target Slices.
[   17.898990] systemd[1]: Listening on Journal Socket (/dev/log).
[[0;32m  OK  [0m] Listening on Journal Socket (/dev/log).
[   17.904429] systemd[1]: Starting Journal Service...
[   17.953283] iscsi: registered transport (tcp)
         Starting Journal Service...
[   17.963399] systemd[1]: Listening on /dev/initctl Compatibility Named Pipe.
[[0;32m  OK  [0m] Listening on /dev/initctl Compatibility Named Pipe.
[   18.085630] systemd[1]: Started Forward Password Requests to Wall Directory Watch.
[[0;32m  OK  [0m] Started Forward Password Requests to Wall Directory Watch.
[   18.089766] systemd[1]: Listening on udev Kernel Socket.
[[0;32m  OK  [0m] Listening on udev Kernel Socket.
[   18.409270] systemd[1]: Starting Uncomplicated firewall...
         Starting Uncomplicated firewall...
[   18.429544] systemd[1]: Starting Remount Root and Kernel File Systems...
[   18.612687] iscsi: registered transport (iser)
         [   18.710437] EXT4-fs (sda1): re-mounted. Opts: (null)
Starting Remount Root and Kernel File Systems...
[   18.805232] systemd[1]: Mounted Debug File System.
[[0;32m  OK  [0m] Mounted Debug File System.
[   18.834693] systemd[1]: Mounted POSIX Message Queue File System.
[[0;32m  OK  [0m] Mounted POSIX Message Queue File System.
[   19.022097] systemd[1]: Mounted Huge Pages File System.
[[0;32m  OK  [0m] Mounted Huge Pages File System.
[   19.024359] systemd[1]: Started Journal Service.
[[0;32m  OK  [0m] Started Journal Service.
[[0;32m  OK  [0m] Started Load Kernel Modules.
[[0;32m  OK  [0m] Started Create list of required sta...ce nodes for the current kernel.
[[0;32m  OK  [0m] Started Set console keymap.
[[0;32m  OK  [0m] Started Uncomplicated firewall.
[[0;32m  OK  [0m] Started Remount Root and Kernel File Systems.
[[0;32m  OK  [0m] Started Nameserver information manager.
[[0;32m  OK  [0m] Started LVM2 metadata daemon.
         Starting udev Coldplug all Devices...
         Starting Load/Save Random Seed...
         Starting Create Static Device Nodes in /dev...
         Mounting FUSE Control File System...
         Starting Apply Kernel Variables...
         Starting Flush Journal to Persistent Storage...
[[0;32m  OK  [0m] Mounted FUSE Control File System.
[[0;32m  OK  [0m] Started Load/Save Random Seed.
[[0;32m  OK  [0m] Started Apply Kernel Variables.
[[0;32m  OK  [0m] Started Create Static Device Nodes in /dev.
[[0;32m  OK  [0m] Started udev Coldplug all Devices.
[[0;32m  OK  [0m] Started Flush Journal to Persistent Storage.
         Starting udev Kernel Device Manager...
[[0;32m  OK  [0m] Started Monitoring of LVM2 mirrors,...ng dmeventd or progress polling.
[[0;32m  OK  [0m] Reached target Local File Systems (Pre).
[[0;32m  OK  [0m] Reached target Local File Systems.
         Starting Commit a transient machine-id on disk...
         Starting Create Volatile Files and Directories...
         Starting Initial cloud-init job (pre-networking)...
         Starting LSB: AppArmor initialization...
         Starting Tell Plymouth To Write Out Runtime Data...
         Starting Set console font and keymap...
[[0;32m  OK  [0m] Started udev Kernel Device Manager.
[[0;32m  OK  [0m] Started Commit a transient machine-id on disk.
[[0;32m  OK  [0m] Started Create Volatile Files and Directories.
[[0;32m  OK  [0m] Started Tell Plymouth To Write Out Runtime Data.
[[0;32m  OK  [0m] Found device /dev/ttyS0.
[[0;32m  OK  [0m] Listening on Load/Save RF Kill Switch Status /dev/rfkill Watch.
         Starting Update UTMP about System Boot/Shutdown...
[[0;32m  OK  [0m] Started Dispatch Password Requests to Console Directory Watch.
[[0;32m  OK  [0m] Started Update UTMP about System Boot/Shutdown.
[[0;32m  OK  [0m] Started Set console font and keymap.
[[0;32m  OK  [0m] Created slice system-getty.slice.
[[0;32m  OK  [0m] Started LSB: AppArmor initialization.
[   23.080487] cloud-init[464]: Cloud-init v. 19.1-1-gbaa47854-0ubuntu1~16.04.1 running 'init-local' at Thu, 22 Aug 2019 16:57:50 +0000. Up 21.89 seconds.
[[0;32m  OK  [0m] Started Initial cloud-init job (pre-networking).
[[0;32m  OK  [0m] Reached target Network (Pre).
         Starting Raise network interfaces...
[[0;32m  OK  [0m] Started Raise network interfaces.
         Starting Initial cloud-init job (metadata service crawler)...
[[0;32m  OK  [0m] Reached target Network.
[   25.944887] cloud-init[935]: Cloud-init v. 19.1-1-gbaa47854-0ubuntu1~16.04.1 running 'init' at Thu, 22 Aug 2019 16:57:52 +0000. Up 24.19 seconds.
[   26.049007] cloud-init[935]: ci-info: ++++++++++++++++++++++++++++++++++++++Net device info++++++++++++++++++++++++++++++++++++++
[[0;32m  OK  [0m] Started Initial cloud-init job (metadata service crawler).
[   26.052258] cloud-init[935]: ci-info: +--------+------+----------------------------+---------------+--------+-------------------+
[[0;32m  OK  [0m] Reached target Network is Online.
         Starting iSCSI initiator daemon (iscsid)...
[[0;32m  OK  [0m] Reached target System Initialization.
[[0;32m  OK  [0m] Listening on ACPID Listen Socket.
[[0;32m  OK  [0m] Listening on UUID daemon activation socket.
[[0;32m  OK  [0m] Listening on D-Bus System Message Bus Socket.
[   26.059717] cloud-init[935]: ci-info: | Device |  Up  |          Address           |      Mask     | Scope  |     Hw-Address    |
[   26.072104] cloud-init[935]: ci-info: +--------+------+----------------------------+---------------+--------+-------------------+
[   26.098129] cloud-init[935]: ci-info: | enp0s3 | True |         10.0.2.15          | 255.255.255.0 | global | 02:46:62:72:a1:53 |
         Starting LXD - unix socket.
         Starting Socket activation for snappy daemon.
[[0;32m  OK  [0m] Started Daily Cleanup of Temporary Directories.
[[0;32m  OK  [0m] Started Daily apt download activities.
[[0;32m  OK  [0m] Started Daily apt upgrade and clean activities.
[[0;32m  OK  [0m] Started ACPI Events Check.[   26.128247] cloud-init[935]: ci-info: | enp0s3 | True | fe80::46:62ff:fe72:a153/64 |       .       |  link  | 02:46:62:72:a1:53 |
[   26.128870] cloud-init[935]: ci-info: |   lo   | True |         127.0.0.1          |   255.0.0.0   |  host  |         .         |
[   26.128962] cloud-init[935]: ci-info: |   lo   | True |          ::1/128           |       .       |  host  |         .         |
[   26.129055] cloud-init[935]: ci-info: +--------+------+----------------------------+---------------+--------+-------------------+
[   26.129144] cloud-init[935]: ci-info: +++++++++++++++++++++++++++Route IPv4 info++++++++++++++++++++++++++++
[   26.129246] cloud-init[935]: ci-info: +-------+-------------+----------+---------------+-----------+-------+
[   26.129341] cloud-init[935]: ci-info: | Route | Destination | Gateway  |    Genmask    | Interface | Flags |
[   26.129430] cloud-init[935]: ci-info: +-------+-------------+----------+---------------+-----------+-------+
[   26.129520] cloud-init[935]: ci-info: |   0   |   0.0.0.0   | 10.0.2.2 |    0.0.0.0    |   enp0s3  |   UG  |
[   26.129609] cloud-init[935]: ci-info: |   1   |   10.0.2.0  | 0.0.0.0  | 255.255.255.0 |   enp0s3  |   U   |
[   26.129697] cloud-init[935]: ci-info: +-------+-------------+----------+---------------+-----------+-------+
[   26.129786] cloud-init[935]: ci-info: +++++++++++++++++++Route IPv6 info+++++++++++++++++++
[   26.129875] cloud-init[935]: ci-info: +-------+-------------+---------+-----------+-------+
[   26.129966] cloud-init[935]: ci-info: | Route | Destination | Gateway | Interface | Flags |
[   26.130060] cloud-init[935]: ci-info: +-------+-------------+---------+-----------+-------+
[   26.130148] cloud-init[935]: ci-info: |   0   |  fe80::/64  |    ::   |   enp0s3  |   U   |
[   26.130237] cloud-init[935]: ci-info: |   3   |   ff00::/8  |    ::   |   enp0s3  |   U   |
[   26.130326] cloud-init[935]: ci-info: +-------+-------------+---------+-----------+-------+
[   26.130439] cloud-init[935]: Generating public/private rsa key pair.
[   26.130529] cloud-init[935]: Your identification has been saved in /etc/ssh/ssh_host_rsa_key.
[   26.130617] cloud-init[935]: Your public key has been saved in /etc/ssh/ssh_host_rsa_key.pub.
[   26.130708] cloud-init[935]: The key fingerprint is:
[   26.130798] cloud-init[935]: SHA256:5suAhj1uOR4/Wwlu/vCCEEMeKkOutisQui8jp0q+H+k root@ubuntu-xenial
[   26.130892] cloud-init[935]: The key's randomart image is:
[   26.130983] cloud-init[935]: +---[RSA 2048]----+
[   26.131070] cloud-init[935]: |                 |
[   26.131159] cloud-init[935]: | .o              |
[   26.131247] cloud-init[935]: |o+ .             |
[   26.131335] cloud-init[935]: |=.+              |
[   26.131426] cloud-init[935]: |+o o  . S        |
[   26.131515] cloud-init[935]: |+..o.o + .       |
[   26.131602] cloud-init[935]: |ooo+*o= +        |
[   26.131692] cloud-init[935]: |O.oo**o* .       |
[   26.131780] cloud-init[935]: |*X=Eo.+==        |
[   26.131876] cloud-init[935]: +----[SHA256]-----+
[   26.131964] cloud-init[935]: Generating public/private dsa key pair.

[[0;32m  OK  [0m] Reached target Paths.
[[0;32m  OK  [0m] Reached target Timers.
[   26.141512] cloud-init[935]: Your identification has been saved in /etc/ssh/ssh_host_dsa_key.
[   26.175982] cloud-init[935]: Your public key has been saved in /etc/ssh/ssh_host_dsa_key.pub.
[[0;32m  OK  [0m] Reached target Cloud-config availability.
[   26.179506] cloud-init[[0;32m  OK  [0m] Listening on LXD - unix socket.
[[0;32m  OK  [0m] Listening on Socket activation for snappy daemon.
[935]: The key fingerprint is:
[   26.192225] cloud-init[935]: SHA256:ke82FV47mEfYqGlkKgdYEelXAGpLojigAJhTiO4J+ls root@ubuntu-xenial
[   26.196987] cloud-init[935]: The key's randomart image is:
[[0;32m  OK  [0m] Started iSCSI initiator daemon (iscsid).
[   26.199433] cloud-init[935]: +---[DSA 1024]----+
[   26.202138] cloud-init[935]: |++.   ==..       |
[   26.244455] cloud-init[935]: |B    +.  ..  +   |
         Starting Login to default iSCSI targets...
[[0;32m  OK  [0m] Reached target Sockets.
[   26.248223] cloud-init[935]: |+.. =.. o.o + +  |
[   26.252738] cloud-init[935]: |*o + ....* + * . |
[[0;32m  OK  [0m] Reached target Basic System.
[   26.255968] cloud-init[935]: |O . . ..S = = +  |
[   26.261547] cloud-init[935]: |.+     o o . . . |
         Starting Pollinate to seed the pseudo random number generator...
[[0;32m  OK  [0m] Started D-Bus System Message Bus.
[   26.263031] cloud-init[935]: | .  E     +      |
[   26.270525] cloud-init[935]: |  ..     . .     |
[   26.271995] cloud-init[935]: |  ..             |
[   26.273611] cloud-init[935]: +----[SHA256]-----+
[   26.276921] cloud-init[935]: Generating public/private ecdsa key pair.
[   26.281157] cloud-init[935]: Your identification has been saved in /etc/ssh/ssh_host_ecdsa_key.
[   26.283126] cloud-init[935]: Your public key has been saved in /etc/ssh/ssh_host_ecdsa_key.pub.
[   26.295976] cloud-init[935]: The key fingerprint is:
[   26.328632] cloud-init[935]: SHA256:BO8yNhyEr61jhxwnV+z4s+dIaCGOsHuQv+NcLeFmync root@ubuntu-xenial
[   26.375448] cloud-init[935]: The key's randomart image is:
[   26.378201] cloud-init[935]: +---[ECDSA 256]---+
[   26.380490] cloud-init[935]: |     .o          |
[   26.383056] cloud-init[935]: |    .. o         |
[   26.385073] cloud-init[935]: |     ...o        |
[   26.386958] cloud-init[935]: |     ..+o        |
[   26.393891] cloud-init[935]: |..  ooB+S        |
         Starting Accounts Service...
         Starting LSB: Record successful boot for GRUB...
[[0;32m  OK  [0m] Started Deferred execution scheduler.
[   26.440031] cloud-init[935]: |oo ++==*.        |
         Starting Virtualbox guest utils...
         Starting LSB: MD monitoring daemon...
         Starting System Logging Service...
[   26.490047] cloud-init[935]: |.o..BB+..        |
[[0;32m  OK  [0m[   26.620468] cloud-init[935]: | ++=BoE.o..      |
[   26.620619] cloud-init[935]: |.o*= +  o=.      |
[   26.620774] cloud-init[935]: +----[SHA256]-----+
[   26.620916] cloud-init[935]: Generating public/private ed25519 key pair.
[   26.621049] cloud-init[935]: Your identification has been saved in /etc/ssh/ssh_host_ed25519_key.
[   26.621186] cloud-init[935]: Your public key has been saved in /etc/ssh/ssh_host_ed25519_key.pub.
[   26.621335] cloud-init[935]: The key fingerprint is:
[   26.621471] cloud-init[935]: SHA256:fK8aTnHp5yi6XxOG+CT9w8BXKRD0TMGuWpz4PVItnVI root@ubuntu-xenial
[   26.621606] cloud-init[935]: The key's randomart image is:
[   26.621742] cloud-init[935]: +--[ED25519 256]--+
[   26.621873] cloud-init[935]: |       .+oo.     |
[   26.622008] cloud-init[935]: |         =.  .   |
[   26.622142] cloud-init[935]: |         .+ o    |
[   26.622276] cloud-init[935]: |       = ..+E    |
[   26.622408] cloud-init[935]: |      ooSoB+ .   |
[   26.622538] cloud-init[935]: |      .+=@+o+    |
[   26.622674] cloud-init[935]: |       ++oBoo    |
[   26.622806] cloud-init[935]: |      .o+ooB     |
] Started Regular background program processing daemon.
[   26.625648] cloud-init[935]: |      o+++o..    |
[   26.691457] cloud-init[935]: +----[SHA256]-----+
[[0;32m  OK  [0m] Started ACPI event daemon.
         Starting Snappy daemon...
         Starting /etc/rc.local Compatibility...
         Starting Login Service...
[[0;32m  OK  [0m] Started FUSE filesystem for LXC.
         Starting LXD - container startup/shutdown...
[[0;32m  OK  [0m] Started /etc/rc.local Compatibility.
[[0;32m  OK  [0m] Started System Logging Service.
[[0;32m  OK  [0m] Started LSB: MD monitoring daemon.
[[0;32m  OK  [0m] Started Login Service.
[[0;32m  OK  [0m] Started Unattended Upgrades Shutdown.
[[0;32m  OK  [0m] Started LSB: Record successful boot for GRUB.
[[0;32m  OK  [0m] Started Login to default iSCSI targets.
         Starting Authenticate and Authorize Users to Run Privileged Tasks...
[[0;32m  OK  [0m] Reached target Remote File Systems (Pre).
[[0;32m  OK  [0m] Reached target Remote File Systems.
         Starting LSB: Set the CPU Frequency Scaling governor to "ondemand"...
         Starting LSB: automatic crash report generation...
         Starting LSB: daemon to balance interrupts for SMP systems...
         Starting Permit User Sessions...
[[0;32m  OK  [0m] Started Virtualbox guest utils.
[[0;32m  OK  [0m] Started LSB: Set the CPU Frequency Scaling governor to "ondemand".
[[0;32m  OK  [0m] Started Permit User Sessions.
         Starting Terminate Plymouth Boot Screen...
         Starting Hold until boot process finishes up...
[[0;32m  OK  [0m] Started Terminate Plymouth Boot Screen.
[[0;32m  OK  [0m] Started Hold until boot process finishes up.
         Starting Set console scheme...
[[0;32m  OK  [0m] Started Serial Getty on ttyS0.
[[0;32m  OK  [0m] Started Getty on tty1.
[[0;32m  OK  [0m] Reached target Login Prompts.
[[0;32m  OK  [0m] Started LSB: automatic crash report generation.
[[0;32m  OK  [0m] Started LSB: daemon to balance interrupts for SMP systems.
[[0;32m  OK  [0m] Started Set console scheme.
[[0;32m  OK  [0m] Started Authenticate and Authorize Users to Run Privileged Tasks.
[[0;32m  OK  [0m] Started Accounts Service.
[[0;32m  OK  [0m] Started Pollinate to seed the pseudo random number generator.
[[0;32m  OK  [0m] Started LXD - container startup/shutdown.
[[0;32m  OK  [0m] Started Snappy daemon.
         Starting Wait until snapd is fully seeded...
         Starting OpenBSD Secure Shell server...
[[0;32m  OK  [0m] Started OpenBSD Secure Shell server.
[[0;32m  OK  [0m] Created slice User Slice of vagrant.
         Starting User Manager for UID 1000...
[[0;32m  OK  [0m] Started Session 1 of user vagrant.
[[0;32m  OK  [0m] Started User Manager for UID 1000.
[[0;32m  OK  [0m] Started Wait until snapd is fully seeded.
         Starting Apply the settings specified in cloud-config...
[[0;32m  OK  [0m] Reached target Multi-User System.
[[0;32m  OK  [0m] Reached target Graphical Interface.
         Starting Update UTMP about System Runlevel Changes...
[[0;32m  OK  [0m] Started Update UTMP about System Runlevel Changes.
[   33.954014] cloud-init[1376]: Generating locales (this might take a while)...

Ubuntu 16.04.6 LTS ubuntu-xenial ttyS0

ubuntu-xenial login: [   37.280550] cloud-init[1376]:   en_US.UTF-8... done
[   37.282496] cloud-init[1376]: Generation complete.
[   40.395410] cloud-init[1376]: Cloud-init v. 19.1-1-gbaa47854-0ubuntu1~16.04.1 running 'modules:config' at Thu, 22 Aug 2019 16:58:00 +0000. Up 32.68 seconds.
ci-info: no authorized ssh keys fingerprints found for user ubuntu.
<14>Aug 22 16:58:10 ec2: 
<14>Aug 22 16:58:10 ec2: #############################################################
<14>Aug 22 16:58:10 ec2: -----BEGIN SSH HOST KEY FINGERPRINTS-----
<14>Aug 22 16:58:10 ec2: 1024 SHA256:ke82FV47mEfYqGlkKgdYEelXAGpLojigAJhTiO4J+ls root@ubuntu-xenial (DSA)
<14>Aug 22 16:58:10 ec2: 256 SHA256:BO8yNhyEr61jhxwnV+z4s+dIaCGOsHuQv+NcLeFmync root@ubuntu-xenial (ECDSA)
<14>Aug 22 16:58:10 ec2: 256 SHA256:fK8aTnHp5yi6XxOG+CT9w8BXKRD0TMGuWpz4PVItnVI root@ubuntu-xenial (ED25519)
<14>Aug 22 16:58:10 ec2: 2048 SHA256:5suAhj1uOR4/Wwlu/vCCEEMeKkOutisQui8jp0q+H+k root@ubuntu-xenial (RSA)
<14>Aug 22 16:58:10 ec2: -----END SSH HOST KEY FINGERPRINTS-----
<14>Aug 22 16:58:10 ec2: #############################################################
-----BEGIN SSH HOST KEY KEYS-----
ecdsa-sha2-nistp256 AAAAE2VjZHNhLXNoYTItbmlzdHAyNTYAAAAIbmlzdHAyNTYAAABBBM0ftz+gDU9dplwlYeJctCQzISmGFCnVUajtXr5jVqHEHIrPGCq/4+AayQHFGY6UgV8AwFj5OF3IqPDKUcjwG1g= root@ubuntu-xenial
ssh-ed25519 AAAAC3NzaC1lZDI1NTE5AAAAIHEiLnizHu1eKlianvELoZ7opTVr3qAdhQsqCsKJMOGU root@ubuntu-xenial
ssh-rsa AAAAB3NzaC1yc2EAAAADAQABAAABAQDnKbanh7+ZiCfOXsXnjskw31iNsAT8HxCUg8hzbKfJtekR2mk2oTAQgOv33dMV2r2LQRofpPFyO+WoxxtwulfP0H9DdeAlteEbTYcMGfouPPrWs3mZm2CVtyrsKCYA+OmYyfyWH/5Yycp6zmB6mBBBJBcy3W/fpG1pjjsPjyUMcY7UmWtCZlJv8InX1o6Lyw2eEQPMatUudWso/ZPtrFZ9DX7Gzi9t2jnXllOJKge9Bn5jQ5BusWYOBtjnklKhmL0m/9y5X6cqb6eCGU7dCFN3FaylTi5lyeoheofLmrI4q1L48lcMrTRP9hFH1W32gVbGvokXcarUM6lJ9CUa0HqB root@ubuntu-xenial
-----END SSH HOST KEY KEYS-----
[   42.147017] cloud-init[1607]: Cloud-init v. 19.1-1-gbaa47854-0ubuntu1~16.04.1 running 'modules:final' at Thu, 22 Aug 2019 16:58:09 +0000. Up 41.11 seconds.
[   42.147361] cloud-init[1607]: ci-info: no authorized ssh keys fingerprints found for user ubuntu.
[   42.147605] cloud-init[1607]: Cloud-init v. 19.1-1-gbaa47854-0ubuntu1~16.04.1 finished at Thu, 22 Aug 2019 16:58:10 +0000. Datasource DataSourceNoCloud [seed=/dev/sdb][dsmode=net].  Up 42.13 seconds
