[    0.000000] Initializing cgroup subsys cpuset
[    0.000000] Initializing cgroup subsys cpu
[    0.000000] Initializing cgroup subsys cpuacct
[    0.000000] Linux version 4.4.0-157-generic (buildd@lgw01-amd64-037) (gcc version 5.4.0 20160609 (Ubuntu 5.4.0-6ubuntu1~16.04.10) ) #185-Ubuntu SMP Tue Jul 23 09:17:01 UTC 2019 (Ubuntu 4.4.0-157.185-generic 4.4.181)
[    0.000000] Command line: BOOT_IMAGE=/boot/vmlinuz-4.4.0-157-generic root=LABEL=cloudimg-rootfs ro console=tty1 console=ttyS0
[    0.000000] KERNEL supported cpus:
[    0.000000]   Intel GenuineIntel
[    0.000000]   AMD AuthenticAMD
[    0.000000]   Centaur CentaurHauls
[    0.000000] x86/fpu: xstate_offset[2]:  576, xstate_sizes[2]:  256
[    0.000000] x86/fpu: Supporting XSAVE feature 0x01: 'x87 floating point registers'
[    0.000000] x86/fpu: Supporting XSAVE feature 0x02: 'SSE registers'
[    0.000000] x86/fpu: Supporting XSAVE feature 0x04: 'AVX registers'
[    0.000000] x86/fpu: Enabled xstate features 0x7, context size is 832 bytes, using 'standard' format.
[    0.000000] e820: BIOS-provided physical RAM map:
[    0.000000] BIOS-e820: [mem 0x0000000000000000-0x000000000009fbff] usable
[    0.000000] BIOS-e820: [mem 0x000000000009fc00-0x000000000009ffff] reserved
[    0.000000] BIOS-e820: [mem 0x00000000000f0000-0x00000000000fffff] reserved
[    0.000000] BIOS-e820: [mem 0x0000000000100000-0x000000003ffeffff] usable
[    0.000000] BIOS-e820: [mem 0x000000003fff0000-0x000000003fffffff] ACPI data
[    0.000000] BIOS-e820: [mem 0x00000000fffc0000-0x00000000ffffffff] reserved
[    0.000000] NX (Execute Disable) protection: active
[    0.000000] SMBIOS 2.5 present.
[    0.000000] Hypervisor detected: KVM
[    0.000000] e820: last_pfn = 0x3fff0 max_arch_pfn = 0x400000000
[    0.000000] MTRR: Disabled
[    0.000000] x86/PAT: MTRRs disabled, skipping PAT initialization too.
[    0.000000] CPU MTRRs all blank - virtualized system.
[    0.000000] x86/PAT: Configuration [0-7]: WB  WT  UC- UC  WB  WT  UC- UC  
[    0.000000] found SMP MP-table at [mem 0x0009fff0-0x0009ffff] mapped at [ffff88000009fff0]
[    0.000000] Scanning 1 areas for low memory corruption
[    0.000000] RAMDISK: [mem 0x362fa000-0x37174fff]
[    0.000000] ACPI: Early table checksum verification disabled
[    0.000000] ACPI: RSDP 0x00000000000E0000 000024 (v02 VBOX  )
[    0.000000] ACPI: XSDT 0x000000003FFF0030 00003C (v01 VBOX   VBOXXSDT 00000001 ASL  00000061)
[    0.000000] ACPI: FACP 0x000000003FFF00F0 0000F4 (v04 VBOX   VBOXFACP 00000001 ASL  00000061)
[    0.000000] ACPI: DSDT 0x000000003FFF0470 002118 (v01 VBOX   VBOXBIOS 00000002 INTL 20160108)
[    0.000000] ACPI: FACS 0x000000003FFF0200 000040
[    0.000000] ACPI: FACS 0x000000003FFF0200 000040
[    0.000000] ACPI: APIC 0x000000003FFF0240 00005C (v02 VBOX   VBOXAPIC 00000001 ASL  00000061)
[    0.000000] ACPI: SSDT 0x000000003FFF02A0 0001CC (v01 VBOX   VBOXCPUT 00000002 INTL 20160108)
[    0.000000] No NUMA configuration found
[    0.000000] Faking a node at [mem 0x0000000000000000-0x000000003ffeffff]
[    0.000000] NODE_DATA(0) allocated [mem 0x3ffeb000-0x3ffeffff]
[    0.000000] kvm-clock: Using msrs 4b564d01 and 4b564d00
[    0.000000] kvm-clock: cpu 0, msr 0:3ffe3001, primary cpu clock
[    0.000000] kvm-clock: using sched offset of 31710571697 cycles
[    0.000000] clocksource: kvm-clock: mask: 0xffffffffffffffff max_cycles: 0x1cd42e4dffb, max_idle_ns: 881590591483 ns
[    0.000000] Zone ranges:
[    0.000000]   DMA      [mem 0x0000000000001000-0x0000000000ffffff]
[    0.000000]   DMA32    [mem 0x0000000001000000-0x000000003ffeffff]
[    0.000000]   Normal   empty
[    0.000000]   Device   empty
[    0.000000] Movable zone start for each node
[    0.000000] Early memory node ranges
[    0.000000]   node   0: [mem 0x0000000000001000-0x000000000009efff]
[    0.000000]   node   0: [mem 0x0000000000100000-0x000000003ffeffff]
[    0.000000] Initmem setup node 0 [mem 0x0000000000001000-0x000000003ffeffff]
[    0.000000] ACPI: PM-Timer IO Port: 0x4008
[    0.000000] IOAPIC[0]: apic_id 2, version 17, address 0xfec00000, GSI 0-23
[    0.000000] ACPI: INT_SRC_OVR (bus 0 bus_irq 0 global_irq 2 dfl dfl)
[    0.000000] ACPI: INT_SRC_OVR (bus 0 bus_irq 9 global_irq 9 high level)
[    0.000000] Using ACPI (MADT) for SMP configuration information
[    0.000000] smpboot: Allowing 2 CPUs, 0 hotplug CPUs
[    0.000000] PM: Registered nosave memory: [mem 0x00000000-0x00000fff]
[    0.000000] PM: Registered nosave memory: [mem 0x0009f000-0x0009ffff]
[    0.000000] PM: Registered nosave memory: [mem 0x000a0000-0x000effff]
[    0.000000] PM: Registered nosave memory: [mem 0x000f0000-0x000fffff]
[    0.000000] e820: [mem 0x40000000-0xfffbffff] available for PCI devices
[    0.000000] Booting paravirtualized kernel on KVM
[    0.000000] clocksource: refined-jiffies: mask: 0xffffffff max_cycles: 0xffffffff, max_idle_ns: 7645519600211568 ns
[    0.000000] setup_percpu: NR_CPUS:512 nr_cpumask_bits:512 nr_cpu_ids:2 nr_node_ids:1
[    0.000000] PERCPU: Embedded 34 pages/cpu @ffff88003fc00000 s99544 r8192 d31528 u1048576
[    0.000000] Built 1 zonelists in Node order, mobility grouping on.  Total pages: 257912
[    0.000000] Policy zone: DMA32
[    0.000000] Kernel command line: BOOT_IMAGE=/boot/vmlinuz-4.4.0-157-generic root=LABEL=cloudimg-rootfs ro console=tty1 console=ttyS0
[    0.000000] PID hash table entries: 4096 (order: 3, 32768 bytes)
[    0.000000] Memory: 997732K/1048120K available (8618K kernel code, 1335K rwdata, 4032K rodata, 1484K init, 1284K bss, 50388K reserved, 0K cma-reserved)
[    0.000000] SLUB: HWalign=64, Order=0-3, MinObjects=0, CPUs=2, Nodes=1
[    0.000000] Kernel/User page tables isolation: enabled
[    0.000000] Hierarchical RCU implementation.
[    0.000000] 	Build-time adjustment of leaf fanout to 64.
[    0.000000] 	RCU restricting CPUs from NR_CPUS=512 to nr_cpu_ids=2.
[    0.000000] RCU: Adjusting geometry for rcu_fanout_leaf=64, nr_cpu_ids=2
[    0.000000] NR_IRQS:33024 nr_irqs:440 16
[    0.000000] Console: colour VGA+ 80x25
[    0.000000] console [tty1] enabled
[    0.000000] console [ttyS0] enabled
[    0.000000] tsc: Detected 3092.948 MHz processor
[    0.211136] Calibrating delay loop (skipped) preset value.. 6185.89 BogoMIPS (lpj=12371792)
[    0.212643] pid_max: default: 32768 minimum: 301
[    0.213444] ACPI: Core revision 20150930
[    0.215123] ACPI: 2 ACPI AML tables successfully acquired and loaded
[    0.216274] Security Framework initialized
[    0.217012] Yama: becoming mindful.
[    0.217691] AppArmor: AppArmor initialized
[    0.218504] Dentry cache hash table entries: 131072 (order: 8, 1048576 bytes)
[    0.220355] Inode-cache hash table entries: 65536 (order: 7, 524288 bytes)
[    0.226823] Mount-cache hash table entries: 2048 (order: 2, 16384 bytes)
[    0.227888] Mountpoint-cache hash table entries: 2048 (order: 2, 16384 bytes)
[    0.229134] Initializing cgroup subsys io
[    0.229874] Initializing cgroup subsys memory
[    0.230662] Initializing cgroup subsys devices
[    0.231456] Initializing cgroup subsys freezer
[    0.232233] Initializing cgroup subsys net_cls
[    0.233009] Initializing cgroup subsys perf_event
[    0.233816] Initializing cgroup subsys net_prio
[    0.234616] Initializing cgroup subsys hugetlb
[    0.235411] Initializing cgroup subsys pids
[    0.236227] mce: CPU supports 0 MCE banks
[    0.236977] Last level iTLB entries: 4KB 512, 2MB 8, 4MB 8
[    0.237878] Last level dTLB entries: 4KB 512, 2MB 32, 4MB 32, 1GB 0
[    0.238876] Spectre V2 : Mitigation: Full generic retpoline
[    0.239800] Spectre V2 : Spectre v2 / SpectreRSB mitigation: Filling RSB on context switch
[    0.241221] Speculative Store Bypass: Vulnerable
[    0.242096] MDS: Vulnerable: Clear CPU buffers attempted, no microcode
[    0.245778] Freeing SMP alternatives memory: 36K
[    0.252085] ftrace: allocating 32312 entries in 127 pages
[    0.322264] smpboot: APIC(0) Converting physical 0 to logical package 0
[    0.333869] smpboot: Max logical packages: 1
[    0.335940] ..TIMER: vector=0x30 apic1=0 pin1=2 apic2=-1 pin2=-1
[    0.454484] smpboot: CPU0: Intel(R) Core(TM) i3-2100 CPU @ 3.10GHz (family: 0x6, model: 0x2a, stepping: 0x7)
[    0.477193] Performance Events: unsupported p6 CPU model 42 no PMU driver, software events only.
[    0.490671] KVM setup paravirtual spinlock
[    0.497542] x86: Booting SMP configuration:
[    0.511369] .... node  #0, CPUs:      #1
[    0.546006] kvm-clock: cpu 1, msr 0:3ffe3041, secondary cpu clock
[    0.566011] mce: CPU supports 0 MCE banks
[    0.568549] x86: Booted up 1 node, 2 CPUs
[    0.569680] smpboot: Total of 2 processors activated (12371.79 BogoMIPS)
[    0.571528] devtmpfs: initialized
[    0.573929] evm: security.selinux
[    0.574734] evm: security.SMACK64
[    0.575580] evm: security.SMACK64EXEC
[    0.576436] evm: security.SMACK64TRANSMUTE
[    0.577370] evm: security.SMACK64MMAP
[    0.578222] evm: security.ima
[    0.578973] evm: security.capability
[    0.580076] clocksource: jiffies: mask: 0xffffffff max_cycles: 0xffffffff, max_idle_ns: 7645041785100000 ns
[    0.582137] futex hash table entries: 512 (order: 3, 32768 bytes)
[    0.583555] pinctrl core: initialized pinctrl subsystem
[    0.584779] RTC time: 15:54:37, date: 08/22/19
[    0.585965] NET: Registered protocol family 16
[    0.598912] cpuidle: using governor ladder
[    0.610953] cpuidle: using governor menu
[    0.611890] PCCT header not found.
[    0.612783] ACPI: bus type PCI registered
[    0.613716] acpiphp: ACPI Hot Plug PCI Controller Driver version: 0.5
[    0.615180] PCI: Using configuration type 1 for base access
[    0.627257] ACPI: Added _OSI(Module Device)
[    0.629283] ACPI: Added _OSI(Processor Device)
[    0.630292] ACPI: Added _OSI(3.0 _SCP Extensions)
[    0.631329] ACPI: Added _OSI(Processor Aggregator Device)
[    0.633118] ACPI: Executed 1 blocks of module-level executable AML code
[    0.636532] ACPI: Interpreter enabled
[    0.639168] ACPI: (supports S0 S5)
[    0.640091] ACPI: Using IOAPIC for interrupt routing
[    0.641409] PCI: Using host bridge windows from ACPI; if necessary, use "pci=nocrs" and report a bug
[    0.646977] ACPI: PCI Root Bridge [PCI0] (domain 0000 [bus 00-ff])
[    0.653558] acpi PNP0A03:00: _OSC: OS supports [ASPM ClockPM Segments MSI]
[    0.654959] acpi PNP0A03:00: _OSC failed (AE_NOT_FOUND); disabling ASPM
[    0.656316] acpi PNP0A03:00: fail to add MMCONFIG information, can't access extended PCI configuration space under this bridge.
[    0.658891] PCI host bridge to bus 0000:00
[    0.659846] pci_bus 0000:00: root bus resource [io  0x0000-0x0cf7 window]
[    0.661244] pci_bus 0000:00: root bus resource [io  0x0d00-0xffff window]
[    0.662644] pci_bus 0000:00: root bus resource [mem 0x000a0000-0x000bffff window]
[    0.664358] pci_bus 0000:00: root bus resource [mem 0x40000000-0xffdfffff window]
[    0.666059] pci_bus 0000:00: root bus resource [bus 00-ff]
[    0.668624] pci 0000:00:01.1: legacy IDE quirk: reg 0x10: [io  0x01f0-0x01f7]
[    0.670072] pci 0000:00:01.1: legacy IDE quirk: reg 0x14: [io  0x03f6]
[    0.671467] pci 0000:00:01.1: legacy IDE quirk: reg 0x18: [io  0x0170-0x0177]
[    0.672914] pci 0000:00:01.1: legacy IDE quirk: reg 0x1c: [io  0x0376]
[    0.699702] ACPI: PCI Interrupt Link [LNKA] (IRQs 5 9 10 11) *0, disabled.
[    0.707185] ACPI: PCI Interrupt Link [LNKB] (IRQs 5 9 10 *11)
[    0.708881] ACPI: PCI Interrupt Link [LNKC] (IRQs 5 9 *10 11)
[    0.710553] ACPI: PCI Interrupt Link [LNKD] (IRQs 5 *9 10 11)
[    0.712308] ACPI: Enabled 2 GPEs in block 00 to 07
[    0.713829] vgaarb: setting as boot device: PCI:0000:00:02.0
[    0.715049] vgaarb: device added: PCI:0000:00:02.0,decodes=io+mem,owns=io+mem,locks=none
[    0.727050] vgaarb: loaded
[    0.729134] vgaarb: bridge control possible 0000:00:02.0
[    0.730602] SCSI subsystem initialized
[    0.731790] ACPI: bus type USB registered
[    0.732756] usbcore: registered new interface driver usbfs
[    0.733941] usbcore: registered new interface driver hub
[    0.735136] usbcore: registered new device driver usb
[    0.736613] PCI: Using ACPI for IRQ routing
[    0.739678] NetLabel: Initializing
[    0.740522] NetLabel:  domain hash size = 128
[    0.741515] NetLabel:  protocols = UNLABELED CIPSOv4
[    0.743106] NetLabel:  unlabeled traffic allowed by default
[    0.745925] amd_nb: Cannot enumerate AMD northbridges
[    0.747141] clocksource: Switched to clocksource kvm-clock
[  0.755177] AppArmor: AppArmor Filesystem Enabled
[    0.802836] pnp: PnP ACPI init
[    0.804384] pnp: PnP ACPI: found 3 devices

[   0.820816] clocksource: acpi_pm: mask: 0xffffff max_cycles: 0xffffff, max_idle_ns: 2085701024 ns
[    0.847086] NET: Registered protocol family 2

[    0.848387] TCP established hash table entries: 8192 (order: 4, 65536 bytes)
[    0.849889] TCP bind hash table entries: 8192 (order: 5, 131072 bytes)
[    0.851312] TCP: Hash tables configured (established 8192 bind 8192)
[    0.852697] UDP hash table entries: 512 (order: 2, 16384 bytes)
[    0.853984] UDP-Lite hash table entries: 512 (order: 2, 16384 bytes)
[    0.855394] NET: Registered protocol family 1
[    0.856436] pci 0000:00:00.0: Limiting direct PCI/PCI transfers
[    0.857703] pci 0000:00:01.0: Activating ISA DMA hang workarounds
[    0.859095] Unpacking initramfs...
[    1.101334] Freeing initrd memory: 14828K
[    1.126394] RAPL PMU detected, API unit is 2^-32 Joules, 3 fixed counters 10737418240 ms ovfl timer
[    1.129727] hw unit of domain pp0-core 2^-0 Joules
[    1.130779] hw unit of domain package 2^-0 Joules
[    1.131875] hw unit of domain pp1-gpu 2^-0 Joules
[    1.132736] clocksource: tsc: mask: 0xffffffffffffffff max_cycles: 0x2c954203dde, max_idle_ns: 440795358415 ns
[    1.134436] platform rtc_cmos: registered platform RTC device (no PNP device found)
[    1.135931] Scanning for low memory corruption every 60 seconds
[    1.137267] audit: initializing netlink subsys (disabled)
[    1.138185] audit: type=2000 audit(1566489310.232:1): initialized
[    1.139434] Initialise system trusted keyring
[    1.140632] HugeTLB registered 2 MB page size, pre-allocated 0 pages
[    1.142960] zbud: loaded
[    1.143995] VFS: Disk quotas dquot_6.6.0
[    1.144786] VFS: Dquot-cache hash table entries: 512 (order 0, 4096 bytes)
[    1.150415] squashfs: version 4.0 (2009/01/31) Phillip Lougher
[    1.151766] fuse init (API version 7.23)
[    1.152624] Key type big_key registered
[    1.153394] Allocating IMA MOK and blacklist keyrings.
[    1.156819] Key type asymmetric registered
[    1.161838] Asymmetric key parser 'x509' registered
[    1.162779] Block layer SCSI generic (bsg) driver version 0.4 loaded (major 249)
[    1.167819] io scheduler noop registered
[    1.168566] io scheduler deadline registered (default)
[    1.169480] io scheduler cfq registered
[    1.170300] pci_hotplug: PCI Hot Plug PCI Core version: 0.5
[    1.171239] pciehp: PCI Express Hot Plug Controller Driver version: 0.4
[    1.172482] ACPI: AC Adapter [AC] (on-line)
[    1.173301] input: Power Button as /devices/LNXSYSTM:00/LNXPWRBN:00/input/input0
[    1.174643] ACPI: Power Button [PWRF]
[    1.175501] input: Sleep Button as /devices/LNXSYSTM:00/LNXSLPBN:00/input/input1
[    1.181606] ACPI: Sleep Button [SLPF]
[    1.184077] GHES: HEST is not enabled!
[    1.184899] Serial: 8250/16550 driver, 32 ports, IRQ sharing enabled
[    1.211193] 00:02: ttyS0 at I/O 0x3f8 (irq = 4, base_baud = 115200) is a 16550A
[    1.257789] Linux agpgart interface v0.103
[    1.278437] loop: module loaded
[    1.484231] scsi host0: ata_piix
[    1.546305] scsi host1: ata_piix
[    1.547463] ata1: PATA max UDMA/33 cmd 0x1f0 ctl 0x3f6 bmdma 0xd000 irq 14
[    1.549417] ata2: PATA max UDMA/33 cmd 0x170 ctl 0x376 bmdma 0xd008 irq 15
[    1.551310] libphy: Fixed MDIO Bus: probed
[    1.584563] tun: Universal TUN/TAP device driver, 1.6
[    1.606080] tun: (C) 1999-2004 Max Krasnyansky <maxk@qualcomm.com>
[    1.626274] PPP generic driver version 2.4.2
[    1.636129] ehci_hcd: USB 2.0 'Enhanced' Host Controller (EHCI) Driver
[    1.656013] ehci-pci: EHCI PCI platform driver
[    1.668726] ehci-platform: EHCI generic platform driver
[    1.672014] ohci_hcd: USB 1.1 'Open' Host Controller (OHCI) Driver
[    1.673004] ohci-pci: OHCI PCI platform driver
[    1.673801] ohci-platform: OHCI generic platform driver
[    1.674739] uhci_hcd: USB Universal Host Controller Interface driver
[    1.682974] i8042: PNP: PS/2 Controller [PNP0303:PS2K,PNP0f03:PS2M] at 0x60,0x64 irq 1,12
[    1.685059] serio: i8042 KBD port at 0x60,0x64 irq 1
[    1.685916] serio: i8042 AUX port at 0x60,0x64 irq 12
[    1.686895] mousedev: PS/2 mouse device common for all mice
[    1.688573] input: AT Translated Set 2 keyboard as /devices/platform/i8042/serio0/input/input2
[    1.690116] rtc_cmos rtc_cmos: rtc core: registered rtc_cmos as rtc0
[    1.691381] rtc_cmos rtc_cmos: alarms up to one day, 114 bytes nvram
[    1.692396] i2c /dev entries driver
[    1.693124] device-mapper: uevent: version 1.0.3
[    1.694018] device-mapper: ioctl: 4.34.0-ioctl (2015-10-28) initialised: dm-devel@redhat.com
[    1.695567] ledtrig-cpu: registered to indicate activity on CPUs
[    1.697108] NET: Registered protocol family 10
[    1.698174] NET: Registered protocol family 17
[    1.698980] Key type dns_resolver registered
[    1.700119] registered taskstats version 1
[    1.700880] Loading compiled-in X.509 certificates
[    1.702438] Loaded X.509 cert 'Build time autogenerated kernel key: 3e01e6df98386236d59670e6b2ed19a044d5324e'
[    1.704151] zswap: loaded using pool lzo/zbud
[    1.707486] Key type trusted registered
[    1.900927] Key type encrypted registered
[    2.155780] AppArmor: AppArmor sha1 policy hashing enabled
[    2.525824] ima: No TPM chip found, activating TPM-bypass!
[    2.646052] ima: Allocated hash algorithm: sha1
[    2.646948] evm: HMAC attrs: 0x1
[    2.648640]   Magic number: 15:148:943
[    2.649884] tty tty0: hash matches
[    2.651033] tty console: hash matches
[    2.652257] rtc_cmos rtc_cmos: setting system clock to 2019-08-22 15:54:39 UTC (1566489279)
[    2.654253] BIOS EDD facility v0.16 2004-Jun-25, 0 devices found
[    2.685875] EDD information not available.
[    2.707318] Freeing unused kernel memory: 1484K
[    2.727224] Write protecting the kernel read-only data: 14336k
[    2.736244] Freeing unused kernel memory: 1612K
[    2.742727] Freeing unused kernel memory: 64K
Loading, please wait...
starting version[    2.759705] random: systemd-udevd: uninitialized urandom read (16 bytes read, 3 bits of entropy available)
 229
[    2.760517] random: udevadm: uninitialized urandom read (16 bytes read, 3 bits of entropy available)
[    2.760546] random: udevadm: uninitialized urandom read (16 bytes read, 3 bits of entropy available)
[    2.774820] random: udevadm: uninitialized urandom read (16 bytes read, 3 bits of entropy available)
[    2.774883] random: udevadm: uninitialized urandom read (16 bytes read, 3 bits of entropy available)
[    2.775125] random: udevadm: uninitialized urandom read (16 bytes read, 3 bits of entropy available)
[    2.775220] random: udevadm: uninitialized urandom read (16 bytes read, 3 bits of entropy available)
[    2.775366] random: udevadm: uninitialized urandom read (16 bytes read, 3 bits of entropy available)
[    2.775452] random: udevadm: uninitialized urandom read (16 bytes read, 3 bits of entropy available)
[    2.775535] random: udevadm: uninitialized urandom read (16 bytes read, 3 bits of entropy available)
[    2.837858] e1000: Intel(R) PRO/1000 Network Driver - version 7.3.21-k8-NAPI
[    2.846685] e1000: Copyright (c) 1999-2006 Intel Corporation.
[    2.848735] Fusion MPT base driver 3.04.20
[    2.852177] Copyright (c) 1999-2008 LSI Corporation
[    2.870804] Fusion MPT SPI Host driver 3.04.20
[    3.068693] input: ImExPS/2 Generic Explorer Mouse as /devices/platform/i8042/serio1/input/input4
[    3.216261] e1000 0000:00:03.0 eth0: (PCI:33MHz:32-bit) 02:46:62:72:a1:53
[    3.222950] e1000 0000:00:03.0 eth0: Intel(R) PRO/1000 Network Connection
[    3.225348] mptbase: ioc0: Initiating bringup
[    3.225607] e1000 0000:00:03.0 enp0s3: renamed from eth0
[    3.295351] ioc0: LSI53C1030 A0: Capabilities={Initiator}
[    3.465723] scsi host2: ioc0: LSI53C1030 A0, FwRev=00000000h, Ports=1, MaxQ=256, IRQ=20
[    3.579833] scsi 2:0:0:0: Direct-Access     VBOX     HARDDISK         1.0  PQ: 0 ANSI: 5
[    3.597091] scsi target2:0:0: Beginning Domain Validation
[    3.599208] scsi target2:0:0: Domain Validation skipping write tests
[    3.600517] scsi target2:0:0: Ending Domain Validation
[    3.601655] scsi target2:0:0: asynchronous
[    3.603155] scsi 2:0:1:0: Direct-Access     VBOX     HARDDISK         1.0  PQ: 0 ANSI: 5
[    3.605011] scsi target2:0:1: Beginning Domain Validation
[    3.607350] scsi target2:0:1: Domain Validation skipping write tests
[    3.608618] scsi target2:0:1: Ending Domain Validation
[    3.609768] scsi target2:0:1: asynchronous
[    3.619098] sd 2:0:0:0: Attached scsi generic sg0 type 0
[    3.621305] sd 2:0:0:0: [sda] 20971520 512-byte logical blocks: (10.7 GB/10.0 GiB)
[    3.623293] sd 2:0:0:0: [sda] Write Protect is off
[    3.625041] sd 2:0:1:0: [sdb] 20480 512-byte logical blocks: (10.5 MB/10.0 MiB)
[    3.625146] sd 2:0:0:0: [sda] Incomplete mode parameter data
[    3.625148] sd 2:0:0:0: [sda] Assuming drive cache: write through
[    3.625275] sd 2:0:1:0: Attached scsi generic sg1 type 0
[    3.647815] sd 2:0:1:0: [sdb] Write Protect is off
[    3.648213]  sda: sda1
[    3.649043] sd 2:0:0:0: [sda] Attached SCSI disk
[    3.656622] sd 2:0:1:0: [sdb] Incomplete mode parameter data
[    3.657965] sd 2:0:1:0: [sdb] Assuming drive cache: write through
[    3.704438] sd 2:0:1:0: [sdb] Attached SCSI disk
Begin: Loading e[    5.272091] md: linear personality registered for level -1
ssential drivers ... [    5.311691] md: multipath personality registered for level -4
[    5.331055] md: raid0 personality registered for level 0
[    5.342899] md: raid1 personality registered for level 1
[    5.435287] raid6: sse2x1   gen()  8738 MB/s
[    5.515276] raid6: sse2x1   xor()  6932 MB/s
[    5.585216] raid6: sse2x2   gen() 10284 MB/s
[    5.655224] raid6: sse2x2   xor()  7638 MB/s
[    5.725270] raid6: sse2x4   gen() 11967 MB/s
[    5.795223] raid6: sse2x4   xor()  9260 MB/s
[    5.800704] raid6: using algorithm sse2x4 gen() 11967 MB/s
[    5.801879] raid6: .... xor() 9260 MB/s, rmw enabled
[    5.802970] raid6: using ssse3x2 recovery algorithm
[    5.805495] xor: automatically using best checksumming function:
[    5.855269]    avx       : 49875.000 MB/sec
[    5.863322] async_tx: api initialized (async)
[    5.883682] md: raid6 personality registered for level 6
[    5.895723] md: raid5 personality registered for level 5
[    5.908583] md: raid4 personality registered for level 4
[    5.920411] md: raid10 personality registered for level 10
done.
Begin: Running /scripts/init-premount ... done.
Begin: Mounting root file system ... Begin: Running /scripts/local-top ... done.
Begin: Running /scripts/local-premount ... [    5.980599] Btrfs loaded
Scanning for Btrfs filesystems
done.
Warning: fsck not present, so skipping root file system
[    6.063588] EXT4-fs (sda1): mounted filesystem with ordered data mode. Opts: (null)
done.
Begin: Running /scripts/local-bottom ... done.
Begin: Running /scripts/init-bottom ... done.
[    6.572112] systemd[1]: systemd 229 running in system mode. (+PAM +AUDIT +SELINUX +IMA +APPARMOR +SMACK +SYSVINIT +UTMP +LIBCRYPTSETUP +GCRYPT +GNUTLS +ACL +XZ -LZ4 +SECCOMP +BLKID +ELFUTILS +KMOD -IDN)
[    6.720477] systemd[1]: Detected virtualization oracle.
[    6.721405] systemd[1]: Detected architecture x86-64.

Welcome to [1mUbuntu 16.04.6 LTS[0m!

[    6.748535] systemd[1]: Set hostname to <ubuntu>.
[    6.768564] systemd[1]: Initializing machine ID from random generator.
[    6.776666] systemd[1]: Installed transient /etc/machine-id file.
[    7.309747] random: nonblocking pool is initialized
[    7.573008] systemd[1]: Created slice System Slice.
[[0;32m  OK  [0m] Created slice System Slice.
[    7.618374] systemd[1]: Listening on Syslog Socket.
[[0;32m  OK  [0m] Listening on Syslog Socket.
[    7.716843] systemd[1]: Reached target Swap.
[[0;32m  OK  [0m] Reached target Swap.
[    7.718587] systemd[1]: Started Trigger resolvconf update for networkd DNS.
[[0;32m  OK  [0m] Started Trigger resolvconf update for networkd DNS.
[    7.721039] systemd[1]: Listening on udev Kernel Socket.
[[0;32m  OK  [0m] Listening on udev Kernel Socket.
[    7.727284] systemd[1]: Listening on Journal Audit Socket.
[[0;32m  OK  [0m] Listening on Journal Audit Socket.
[    7.729663] systemd[1]: Created slice system-serial\x2dgetty.slice.
[[0;32m  OK  [0m] Created slice system-serial\x2dgetty.slice.
[    7.742531] systemd[1]: Listening on LVM2 poll daemon socket.
[[0;32m  OK  [0m] Listening on LVM2 poll daemon socket.
[    7.744626] systemd[1]: Listening on LVM2 metadata daemon socket.
[[0;32m  OK  [0m] Listening on LVM2 metadata daemon socket.
[    7.750477] systemd[1]: Listening on Device-mapper event daemon FIFOs.
[[0;32m  OK  [0m] Listening on Device-mapper event daemon FIFOs.
[    7.752742] systemd[1]: Listening on Journal Socket (/dev/log).
[[0;32m  OK  [0m] Listening on Journal Socket (/dev/log).
[    7.754772] systemd[1]: Reached target Encrypted Volumes.
[[0;32m  OK  [0m] Reached target Encrypted Volumes.
[    7.777166] systemd[1]: Set up automount Arbitrary Executable File Formats File System Automount Point.
[[0;32m  OK  [0m] Set up automount Arbitrary Executab...ats File System Automount Point.
[    7.796677] systemd[1]: Reached target System Time Synchronized.
[[0;32m  OK  [0m] Reached target System Time Synchronized.
[    7.798960] systemd[1]: Started Forward Password Requests to Wall Directory Watch.
[[0;32m  OK  [0m] Started Forward Password Requests to Wall Directory Watch.
[    7.802945] systemd[1]: Listening on /dev/initctl Compatibility Named Pipe.
[[0;32m  OK  [0m] Listening on /dev/initctl Compatibility Named Pipe.
[    7.807806] systemd[1]: Reached target User and Group Name Lookups.
[[0;32m  OK  [0m] Reached target User and Group Name Lookups.
[    7.810040] systemd[1]: Listening on Journal Socket.
[[0;32m  OK  [0m] Listening on Journal Socket.
[    7.831353] systemd[1]: Starting Monitoring of LVM2 mirrors, snapshots etc. using dmeventd or progress polling...
         Starting Monitoring of LVM2 mirrors... dmeventd or progress polling...
[    8.148725] systemd[1]: Starting Remount Root and Kernel File Systems...
         Starting Remount Root and Kernel File Systems...
[    8.153594] systemd[1]: Starting Create list of required static device nodes for the current kernel...
         Starting Create list of required st... nodes for the current kernel...
[    8.165213] systemd[1]: Starting Journal Service...
         Starting Journal Service...
[    8.177965] systemd[1]: Starting Nameserver information manager...
         Starting Nameserver information manager...
[    8.218121] systemd[1]: Starting Uncomplicated firewall...
         Starting Uncomplicated firewall...
[    8.227039] systemd[1]: Mounting POSIX Message Queue File System...
         Mounting POSIX Message Queue File System...
[    8.236208] systemd[1]: Created slice User and Session Slice.
[[0;32m  OK  [0m] Created slice User and Session Slice.
[    8.244679] systemd[1]: Reached target Slices.
[[0;32m  OK  [0m] Reached target Slices.
[    8.259433] systemd[1]: Mounting Huge Pages File System...
[    8.262921] EXT4-fs (sda1): re-mounted. Opts: (null)
         Mounting Huge Pages File System...
[    8.317838] systemd[1]: Starting Set console keymap...
         Starting Set console keymap...
[    8.403608] systemd[1]: Starting Load Kernel Modules...
         Starting Load Kernel Modules...
[    8.483384] systemd[1]: Mounting Debug File System...
         Mounting Debug File System...
[    8.531521] systemd[1]: Listening on udev Control Socket.
[    8.546245] Loading iSCSI transport class v2.0-870.
[[0;32m  OK  [0m] Listening on udev Control Socket.
[    8.569465] systemd[1]: Mounted Debug File System.
[[0;32m  OK  [0m] Mounted Debug File System.
[    8.651265] iscsi: registered transport (tcp)
[    8.651408] systemd[1]: Mounted POSIX Message Queue File System.
[[0;32m  OK  [0m] Mounted POSIX Message Queue File System.
[    8.695503] systemd[1]: Mounted Huge Pages File System.
[[0;32m  OK  [0m] Mounted Huge Pages File System.
[    8.786184] systemd[1]: Started Journal Service.
[[0;32m  OK  [0m] Started Journal Service.[    8.788675] iscsi: registered transport (iser)

[[0;32m  OK  [0m] Started Remount Root and Kernel File Systems.
[[0;32m  OK  [0m] Started Create list of required sta...ce nodes for the current kernel.
[[0;32m  OK  [0m] Started Uncomplicated firewall.
[[0;32m  OK  [0m] Started Set console keymap.
[[0;32m  OK  [0m] Started Load Kernel Modules.
[[0;32m  OK  [0m] Started Nameserver information manager.
[[0;32m  OK  [0m] Started LVM2 metadata daemon.
         Mounting FUSE Control File System...
         Starting Apply Kernel Variables...
         Starting Create Static Device Nodes in /dev...
         Starting udev Coldplug all Devices...
         Starting Load/Save Random Seed...
         Starting Flush Journal to Persistent Storage...
[[0;32m  OK  [0m] Mounted FUSE Control File System.
[[0;32m  OK  [0m] Started Apply Kernel Variables.
[[0;32m  OK  [0m] Started Load/Save Random Seed.
[[0;32m  OK  [0m] Started udev Coldplug all Devices.
[[0;32m  OK  [0m] Started Flush Journal to Persistent Storage.
[[0;32m  OK  [0m] Started Create Static Device Nodes in /dev.
         Starting udev Kernel Device Manager...
[[0;32m  OK  [0m] Started udev Kernel Device Manager.
[[0;32m  OK  [0m] Started Dispatch Password Requests to Console Directory Watch.
[[0;32m  OK  [0m] Started Monitoring of LVM2 mirrors,...ng dmeventd or progress polling.
[[0;32m  OK  [0m] Reached target Local File Systems (Pre).
[[0;32m  OK  [0m] Reached target Local File Systems.
         Starting Set console font and keymap...
         Starting Create Volatile Files and Directories...
         Starting Tell Plymouth To Write Out Runtime Data...
         Starting LSB: AppArmor initialization...
         Starting Initial cloud-init job (pre-networking)...
         Starting Commit a transient machine-id on disk...
[[0;32m  OK  [0m] Started Create Volatile Files and Directories.
         Starting Update UTMP about System Boot/Shutdown...
[[0;32m  OK  [0m] Started Commit a transient machine-id on disk.
[[0;32m  OK  [0m] Found device /dev/ttyS0.
[[0;32m  OK  [0m] Started Tell Plymouth To Write Out Runtime Data.
[[0;32m  OK  [0m] Listening on Load/Save RF Kill Switch Status /dev/rfkill Watch.
[[0;32m  OK  [0m] Started Update UTMP about System Boot/Shutdown.
[[0;32m  OK  [0m] Started LSB: AppArmor initialization.
[[0;32m  OK  [0m] Started Set console font and keymap.
[[0;32m  OK  [0m] Created slice system-getty.slice.
[   13.378630] cloud-init[479]: Cloud-init v. 19.1-1-gbaa47854-0ubuntu1~16.04.1 running 'init-local' at Thu, 22 Aug 2019 15:54:50 +0000. Up 12.76 seconds.
[[0;32m  OK  [0m] Started Initial cloud-init job (pre-networking).
[[0;32m  OK  [0m] Reached target Network (Pre).
         Starting Raise network interfaces...
[[0;32m  OK  [0m] Started Raise network interfaces.
[[0;32m  OK  [0m] Reached target Network.
         Starting Initial cloud-init job (metadata service crawler)...
[   15.570654] cloud-init[937]: Cloud-init v. 19.1-1-gbaa47854-0ubuntu1~16.04.1 running 'init' at Thu, 22 Aug 2019 15:54:51 +0000. Up 14.24 seconds.
[   15.577374] cloud-init[937]: ci-info: ++++++++++++++++++++++++++++++++++++++Net device info++++++++++++++++++++++++++++++++++++++
[   15.580699] cloud-init[937]: ci-info: +--------+------+----------------------------+---------------+--------+-------------------+
[   15.583093] cloud-init[937]: ci-info: | Device |  Up  |          Address           |      Mask     | Scope  |     Hw-Address    |
[   15.585544] cloud-init[937]: ci-info: +--------+------+----------------------------+---------------+--------+-------------------+
[   15.589103] cloud-init[937]: ci-info: | enp0s3 | True |         10.0.2.15          | 255.255.255.0 | global | 02:46:62:72:a1:53 |
[   15.592370] cloud-init[937]: ci-info: | enp0s3 | True | fe80::46:62ff:fe72:a153/64 |       .       |  link  | 02:46:62:72:a1:53 |
[   15.604517] cloud-init[937]: ci-info: |   lo   | True |         127.0.0.1          |   255.0.0.0   |  host  |         .         |
[   15.611986] cloud-init[937]: ci-info: |   lo   | True |          ::1/128           |       .       |  host  |         .         |
[   15.617931] cloud-init[937]: ci-info: +--------+------+----------------------------+---------------+--------+-------------------+
[   15.621913] cloud-init[937]: ci-info: +++++++++++++++++++++++++++Route IPv4 info++++++++++++++++++++++++++++
[[   15.652332] cloud-init[937]: ci-info: +-------+-------------+----------+---------------+-----------+-------+
[   15.652600] cloud-init[937]: ci-info: | Route | Destination | Gateway  |    Genmask    | Interface | Flags |
[   15.652959] cloud-init[937]: ci-info: +-------+-------------+----------+---------------+-----------+-------+
[   15.653319] cloud-init[937]: ci-info: |   0   |   0.0.0.0   | 10.0.2.2 |    0.0.0.0    |   enp0s3  |   UG  |
[   15.653682] cloud-init[937]: ci-info: |   1   |   10.0.2.0  | 0.0.0.0  | 255.255.255.0 |   enp0s3  |   U   |
[   15.654052] cloud-init[937]: ci-info: +-------+-------------+----------+---------------+-----------+-------+
[   15.654413] cloud-init[937]: ci-info: +++++++++++++++++++Route IPv6 info+++++++++++++++++++
[   15.654783] cloud-init[937]: ci-info: +-------+-------------+---------+-----------+-------+
[   15.654966] cloud-init[937]: ci-info: | Route | Destination | Gateway | Interface | Flags |
[   15.655151] cloud-init[937]: ci-info: +-------+-------------+---------+-----------+-------+
[   15.655510] cloud-init[937]: ci-info: |   0   |  fe80::/64  |    ::   |   enp0s3  |   U   |
[   15.655718] cloud-init[937]: ci-info: |   3   |   ff00::/8  |    ::   |   enp0s3  |   U   |
[   15.655890] cloud-init[937]: ci-info: +-------+-------------+---------+-----------+-------+
[   15.657574] cloud-init[937]: Generating public/private rsa key pair.
[   15.658089] cloud-init[937]: Your identification has been saved in /etc/ssh/ssh_host_rsa_key.
[   15.658271] cloud-init[937]: Your public key has been saved in /etc/ssh/ssh_host_rsa_key.pub.
[   15.658454] cloud-init[937]: The key fingerprint is:
[   15.658637] cloud-init[937]: SHA256:sXDb8YCVQ+slajQJpKPGAwO8Lb6u24LuHl8K2Y+SHno root@ubuntu-xenial
[   15.658818] cloud-init[937]: The key's randomart image is:
[   15.659003] cloud-init[937]: +---[RSA 2048]----+
[   15.659185] cloud-init[937]: |o    .o  .o.     |
[   15.659366] cloud-init[937]: |..   . . +o.     |
[   15.659556] cloud-init[937]: |o o o . B =..    |
[   15.659747] cloud-init[937]: | * o . + O *     |
[   15.659919] cloud-init[937]: |. *     S o .    |
[   15.660474] cloud-init[937]: | oo.   .         |
[   15.660657] cloud-init[937]: |.=o. .           |
[   15.660838] cloud-init[937]: |+=E =            |
[   15.661022] cloud-init[937]: |@Xo+ .           |
[   15.661209] cloud-init[937]: +----[SHA256]-----+
[   15.661387] cloud-init[937]: Generating public/private dsa key pair.
[   15.661569] cloud-init[937]: Your identification has been saved in /etc/ssh/ssh_host_dsa_key.
[   15.661750] cloud-init[937]: Your public key has been saved in /etc/ssh/ssh_host_dsa_key.pub.
[   15.661935] cloud-init[937]: The key fingerprint is:
[   15.662117] cloud-init[937]: SHA256:bceIfOlwPtS4AG44lY7Y966NgE8/0Vz8UYeclLZ3YZY root@ubuntu-xenial
[   15.662300] cloud-init[937]: The key's randomart image is:
[   15.662478] cloud-init[937]: +---[DSA 1024]----+
[   15.662844] cloud-init[937]: |             o.+.|
[   15.663028] cloud-init[937]: |       .      BE.|
[   15.663210] cloud-init[937]: |      +  .   ooo.|
[   15.663391] cloud-init[937]: |   o * o oo*. . o|
[   15.663573] cloud-init[937]: |  . = =oS.X.+. ..|
[   15.663764] cloud-init[937]: |   . +..oX o.    |
[   15.663945] cloud-init[937]: |  . o  .. =      |
[   15.664166] cloud-init[937]: |   o o.+   .     |
[   15.664499] cloud-init[937]: |    . +oo        |
[   15.664682] cloud-init[937]: +----[SHA256]-----+
[   15.664863] cloud-init[937]: Generating public/private ecdsa key pair.
[   15.665051] cloud-init[937]: Your identification has been saved in /etc/ssh/ssh_host_ecdsa_key.
[   15.665234] cloud-init[937]: Your public key has been saved in /etc/ssh/ssh_host_ecdsa_key.pub.
[   15.665590] cloud-init[937]: The key fingerprint is:
[   15.665775] cloud-init[937]: SHA256:WnEk3cvrS4Ih5bmdKr+mpF/igxCmbwdaYX4C3uB40mk root@ubuntu-xenial
[   15.666135] cloud-init[937]: The key's randomart image is:
[   15.666499] cloud-init[937]: +---[ECDSA 256]---+
[   15.666862] cloud-init[937]: |        ....     |
[   15.667052] cloud-init[937]: |         o. .    |
[   15.667234] cloud-init[937]: |        o .. .   |
[   15.667419] cloud-init[937]: |..=    o +  o    |
[   15.667602] cloud-init[937]: |+Bo+  . S    .   |
[   15.668005] cloud-init[937]: |+oE..  + = ..    |
[   15.668526] cloud-init[937]: | B = .+ + +..    |
[   15.668710] cloud-init[937]: |. o o+oo.. o.    |
[   15.668890] cloud-init[937]: | . ...+*+.  ..   |
[   15.669072] cloud-init[937]: +----[SHA256]-----+
[   15.669256] cloud-init[937]: Generating public/private ed25519 key pair.
[   15.669442] cloud-init[937]: Your identification has been saved in /etc/ssh/ssh_host_ed25519_key.
[   15.669622] cloud-init[937]: Your public key has been saved in /etc/ssh/ssh_host_ed25519_key.pub.
[   15.669806] cloud-init[937]: The key fingerprint is:
[   15.669985] cloud-init[937]: SHA256:q/UcyvI8BEbT0kzWCY3s61on9w+xmk3/syfepj5TPjw root@ubuntu-xenial
[   15.670353] cloud-init[937]: The key's randomart image is:
[   15.670531] cloud-init[937]: +--[ED25519 256]--+
[   15.670718] cloud-init[937]: |       *+= .     |
[   15.670897] cloud-init[937]: |      +.* +      |
[   15.671082] cloud-init[937]: |     . +         |
[   15.671266] cloud-init[937]: |      o .        |
[   15.671623] cloud-init[937]: |     . .S.  .    |
[   15.672032] cloud-init[937]: |        o.   o  .|
[   15.672187] cloud-init[937]: |       o= + + .o |
[   15.672370] cloud-init[937]: |      .*oB B o+E+|
[   15.672753] cloud-init[937]: |      o+=.= o+*OO|
[   15.672918] cloud-init[937]: +----[SHA256]-----+
[0;32m  OK  [0m] Started Initial cloud-init job (metadata service crawler).
[[0;32m  OK  [0m] Reached target System Initialization.
         Starting LXD - unix socket.
[[0;32m  OK  [0m] Listening on D-Bus System Message Bus Socket.
[[0;32m  OK  [0m] Started Daily Cleanup of Temporary Directories.
[[0;32m  OK  [0m] Listening on ACPID Listen Socket.
[[0;32m  OK  [0m] Started ACPI Events Check.
[[0;32m  OK  [0m] Reached target Paths.
[[0;32m  OK  [0m] Started Daily apt download activities.
         Starting Socket activation for snappy daemon.
[[0;32m  OK  [0m] Started Daily apt upgrade and clean activities.
[[0;32m  OK  [0m] Reached target Timers.
[[0;32m  OK  [0m] Listening on UUID daemon activation socket.
[[0;32m  OK  [0m] Reached target Network is Online.
         Starting iSCSI initiator daemon (iscsid)...
[[0;32m  OK  [0m] Reached target Cloud-config availability.
[[0;32m  OK  [0m] Listening on LXD - unix socket.
[[0;32m  OK  [0m] Listening on Socket activation for snappy daemon.
[[0;32m  OK  [0m] Reached target Sockets.
[[0;32m  OK  [0m] Reached target Basic System.
         Starting LSB: Record successful boot for GRUB...
[[0;32m  OK  [0m] Started Regular background program processing daemon.
[[0;32m  OK  [0m] Started Deferred execution scheduler.
[[0;32m  OK  [0m] Started FUSE filesystem for LXC.
         Starting Login Service...
         Starting Snappy daemon...
         Starting /etc/rc.local Compatibility...
         Starting Virtualbox guest utils...
         Starting Accounts Service...
         Starting Pollinate to seed the pseudo random number generator...
         Starting System Logging Service...
[[0;32m  OK  [0m] Started ACPI event daemon.
[[0;32m  OK  [0m] Started D-Bus System Message Bus.
         Starting LSB: MD monitoring daemon...
         Starting LXD - container startup/shutdown...
[[0;32m  OK  [0m] Started System Logging Service.
[[0;32m  OK  [0m] Started /etc/rc.local Compatibility.
[[0;32m  OK  [0m] Started iSCSI initiator daemon (iscsid).
[[0;32m  OK  [0m] Started Login Service.
[[0;32m  OK  [0m] Started Unattended Upgrades Shutdown.
         Starting Login to default iSCSI targets...
[[0;32m  OK  [0m] Started LSB: Record successful boot for GRUB.
         Starting Authenticate and Authorize Users to Run Privileged Tasks...
[[0;32m  OK  [0m] Started Login to default iSCSI targets.
[[0;32m  OK  [0m] Reached target Remote File Systems (Pre).
[[0;32m  OK  [0m] Reached target Remote File Systems.
         Starting LSB: daemon to balance interrupts for SMP systems...
         Starting LSB: automatic crash report generation...
         Starting Permit User Sessions...
         Starting LSB: Set the CPU Frequency Scaling governor to "ondemand"...
[[0;32m  OK  [0m] Started LSB: MD monitoring daemon.
[[0;32m  OK  [0m] Started LSB: Set the CPU Frequency Scaling governor to "ondemand".
[[0;32m  OK  [0m] Started Authenticate and Authorize Users to Run Privileged Tasks.
[[0;32m  OK  [0m] Started Accounts Service.
[[0;32m  OK  [0m] Started LSB: automatic crash report generation.
[[0;32m  OK  [0m] Started LSB: daemon to balance interrupts for SMP systems.
[[0;32m  OK  [0m] Started Permit User Sessions.
         Starting Hold until boot process finishes up...
         Starting Terminate Plymouth Boot Screen...
[[0;32m  OK  [0m] Started Virtualbox guest utils.
[[0;32m  OK  [0m] Started Hold until boot process finishes up.
[[0;32m  OK  [0m] Started Terminate Plymouth Boot Screen.
[[0;32m  OK  [0m] Started Getty on tty1.
         Starting Set console scheme...
[[0;32m  OK  [0m] Started Serial Getty on ttyS0.
[[0;32m  OK  [0m] Reached target Login Prompts.
[[0;32m  OK  [0m] Started Set console scheme.
[[0;32m  OK  [0m] Started Snappy daemon.
         Starting Wait until snapd is fully seeded...
[[0;32m  OK  [0m] Started Pollinate to seed the pseudo random number generator.
         Starting OpenBSD Secure Shell server...
[[0;32m  OK  [0m] Started LXD - container startup/shutdown.
[[0;32m  OK  [0m] Started OpenBSD Secure Shell server.
[[0;32m  OK  [0m] Created slice User Slice of vagrant.
         Starting User Manager for UID 1000...
[[0;32m  OK  [0m] Started Session 1 of user vagrant.
[[0;32m  OK  [0m] Started User Manager for UID 1000.
[[0;32m  OK  [0m] Started Wait until snapd is fully seeded.
         Starting Apply the settings specified in cloud-config...
[[0;32m  OK  [0m] Reached target Multi-User System.
[[0;32m  OK  [0m] Reached target Graphical Interface.
         Starting Update UTMP about System Runlevel Changes...
[[0;32m  OK  [0m] Started Update UTMP about System Runlevel Changes.
[   22.224598] cloud-init[1390]: Generating locales (this might take a while)...
[   23.512533] cloud-init[1390]:   en_US.UTF-8... done
[   23.513555] cloud-init[1390]: Generation complete.

Ubuntu 16.04.6 LTS ubuntu-xenial ttyS0

ubuntu-xenial login: [   28.062579] cloud-init[1390]: Cloud-init v. 19.1-1-gbaa47854-0ubuntu1~16.04.1 running 'modules:config' at Thu, 22 Aug 2019 15:54:59 +0000. Up 22.01 seconds.
ci-info: no authorized ssh keys fingerprints found for user ubuntu.
<14>Aug 22 15:55:06 ec2: 
<14>Aug 22 15:55:06 ec2: #############################################################
<14>Aug 22 15:55:06 ec2: -----BEGIN SSH HOST KEY FINGERPRINTS-----
<14>Aug 22 15:55:06 ec2: 1024 SHA256:bceIfOlwPtS4AG44lY7Y966NgE8/0Vz8UYeclLZ3YZY root@ubuntu-xenial (DSA)
<14>Aug 22 15:55:06 ec2: 256 SHA256:WnEk3cvrS4Ih5bmdKr+mpF/igxCmbwdaYX4C3uB40mk root@ubuntu-xenial (ECDSA)
<14>Aug 22 15:55:06 ec2: 256 SHA256:q/UcyvI8BEbT0kzWCY3s61on9w+xmk3/syfepj5TPjw root@ubuntu-xenial (ED25519)
<14>Aug 22 15:55:06 ec2: 2048 SHA256:sXDb8YCVQ+slajQJpKPGAwO8Lb6u24LuHl8K2Y+SHno root@ubuntu-xenial (RSA)
<14>Aug 22 15:55:06 ec2: -----END SSH HOST KEY FINGERPRINTS-----
<14>Aug 22 15:55:06 ec2: #############################################################
-----BEGIN SSH HOST KEY KEYS-----
ecdsa-sha2-nistp256 AAAAE2VjZHNhLXNoYTItbmlzdHAyNTYAAAAIbmlzdHAyNTYAAABBBI4HJbJEibAV4+ftVtgfeXymXjrox2aSjbUtO8Qe2ChPvDSW6YCMnxtvGbuKBSCr1zlMvBsKGH6VZhstPL8Y06Q= root@ubuntu-xenial
ssh-ed25519 AAAAC3NzaC1lZDI1NTE5AAAAILLH6s4hBEWM0pi/FDehPbYRL/F72kbga5hEtodzQ3rY root@ubuntu-xenial
ssh-rsa AAAAB3NzaC1yc2EAAAADAQABAAABAQC4w9IzpGDASACYwwidcUh1WXI9X9Fsmxzkf9GYfDocPjg3rp9/eUDBts3OITxrpfMjAHfgrmtlfMUIE0nYPtkStWC0DGRs1/rssEFp2ADU29fe3krkGeZ0Ufz4qtKSfqJ0ejjBIxwGnGl2e4woTpxxFB11yREXsgGXGfQCGnh9VxSyJkEz8b93bfyFJMLcVdND80TFVmMIiuSZfUatEkvSZ3yBWy6oQPsrlSsxpy6PYvb2BjZU+6qhMyGPxhAjgeNOLg0kGFrGBYJqLwmb+ciLT66pj0iMtWozPFSRokN1buynuqHzOxgO36vZTqRbKWCzKG3cu+q8CuLLk4uTzEKH root@ubuntu-xenial
-----END SSH HOST KEY KEYS-----
[   29.124274] cloud-init[1603]: Cloud-init v. 19.1-1-gbaa47854-0ubuntu1~16.04.1 running 'modules:final' at Thu, 22 Aug 2019 15:55:05 +0000. Up 28.48 seconds.
[   29.124763] cloud-init[1603]: ci-info: no authorized ssh keys fingerprints found for user ubuntu.
[   29.125114] cloud-init[1603]: Cloud-init v. 19.1-1-gbaa47854-0ubuntu1~16.04.1 finished at Thu, 22 Aug 2019 15:55:06 +0000. Datasource DataSourceNoCloud [seed=/dev/sdb][dsmode=net].  Up 29.11 seconds
