[    0.000000] Initializing cgroup subsys cpuset
[    0.000000] Initializing cgroup subsys cpu
[    0.000000] Initializing cgroup subsys cpuacct
[    0.000000] Linux version 4.4.0-157-generic (buildd@lgw01-amd64-037) (gcc version 5.4.0 20160609 (Ubuntu 5.4.0-6ubuntu1~16.04.10) ) #185-Ubuntu SMP Tue Jul 23 09:17:01 UTC 2019 (Ubuntu 4.4.0-157.185-generic 4.4.181)
[    0.000000] Command line: BOOT_IMAGE=/boot/vmlinuz-4.4.0-157-generic root=LABEL=cloudimg-rootfs ro console=tty1 console=ttyS0
[    0.000000] KERNEL supported cpus:
[    0.000000]   Intel GenuineIntel
[    0.000000]   AMD AuthenticAMD
[    0.000000]   Centaur CentaurHauls
[    0.000000] x86/fpu: xstate_offset[2]:  576, xstate_sizes[2]:  256
[    0.000000] x86/fpu: Supporting XSAVE feature 0x01: 'x87 floating point registers'
[    0.000000] x86/fpu: Supporting XSAVE feature 0x02: 'SSE registers'
[    0.000000] x86/fpu: Supporting XSAVE feature 0x04: 'AVX registers'
[    0.000000] x86/fpu: Enabled xstate features 0x7, context size is 832 bytes, using 'standard' format.
[    0.000000] e820: BIOS-provided physical RAM map:
[    0.000000] BIOS-e820: [mem 0x0000000000000000-0x000000000009fbff] usable
[    0.000000] BIOS-e820: [mem 0x000000000009fc00-0x000000000009ffff] reserved
[    0.000000] BIOS-e820: [mem 0x00000000000f0000-0x00000000000fffff] reserved
[    0.000000] BIOS-e820: [mem 0x0000000000100000-0x000000003ffeffff] usable
[    0.000000] BIOS-e820: [mem 0x000000003fff0000-0x000000003fffffff] ACPI data
[    0.000000] BIOS-e820: [mem 0x00000000fffc0000-0x00000000ffffffff] reserved
[    0.000000] NX (Execute Disable) protection: active
[    0.000000] SMBIOS 2.5 present.
[    0.000000] Hypervisor detected: KVM
[    0.000000] e820: last_pfn = 0x3fff0 max_arch_pfn = 0x400000000
[    0.000000] MTRR: Disabled
[    0.000000] x86/PAT: MTRRs disabled, skipping PAT initialization too.
[    0.000000] CPU MTRRs all blank - virtualized system.
[    0.000000] x86/PAT: Configuration [0-7]: WB  WT  UC- UC  WB  WT  UC- UC  
[    0.000000] found SMP MP-table at [mem 0x0009fff0-0x0009ffff] mapped at [ffff88000009fff0]
[    0.000000] Scanning 1 areas for low memory corruption
[    0.000000] RAMDISK: [mem 0x362fa000-0x37174fff]
[    0.000000] ACPI: Early table checksum verification disabled
[    0.000000] ACPI: RSDP 0x00000000000E0000 000024 (v02 VBOX  )
[    0.000000] ACPI: XSDT 0x000000003FFF0030 00003C (v01 VBOX   VBOXXSDT 00000001 ASL  00000061)
[    0.000000] ACPI: FACP 0x000000003FFF00F0 0000F4 (v04 VBOX   VBOXFACP 00000001 ASL  00000061)
[    0.000000] ACPI: DSDT 0x000000003FFF0470 002118 (v01 VBOX   VBOXBIOS 00000002 INTL 20160108)
[    0.000000] ACPI: FACS 0x000000003FFF0200 000040
[    0.000000] ACPI: FACS 0x000000003FFF0200 000040
[    0.000000] ACPI: APIC 0x000000003FFF0240 00005C (v02 VBOX   VBOXAPIC 00000001 ASL  00000061)
[    0.000000] ACPI: SSDT 0x000000003FFF02A0 0001CC (v01 VBOX   VBOXCPUT 00000002 INTL 20160108)
[    0.000000] No NUMA configuration found
[    0.000000] Faking a node at [mem 0x0000000000000000-0x000000003ffeffff]
[    0.000000] NODE_DATA(0) allocated [mem 0x3ffeb000-0x3ffeffff]
[    0.000000] kvm-clock: Using msrs 4b564d01 and 4b564d00
[    0.000000] kvm-clock: cpu 0, msr 0:3ffe3001, primary cpu clock
[    0.000000] kvm-clock: using sched offset of 3261794897 cycles
[    0.000000] clocksource: kvm-clock: mask: 0xffffffffffffffff max_cycles: 0x1cd42e4dffb, max_idle_ns: 881590591483 ns
[    0.000000] Zone ranges:
[    0.000000]   DMA      [mem 0x0000000000001000-0x0000000000ffffff]
[    0.000000]   DMA32    [mem 0x0000000001000000-0x000000003ffeffff]
[    0.000000]   Normal   empty
[    0.000000]   Device   empty
[    0.000000] Movable zone start for each node
[    0.000000] Early memory node ranges
[    0.000000]   node   0: [mem 0x0000000000001000-0x000000000009efff]
[    0.000000]   node   0: [mem 0x0000000000100000-0x000000003ffeffff]
[    0.000000] Initmem setup node 0 [mem 0x0000000000001000-0x000000003ffeffff]
[    0.000000] ACPI: PM-Timer IO Port: 0x4008
[    0.000000] IOAPIC[0]: apic_id 2, version 17, address 0xfec00000, GSI 0-23
[    0.000000] ACPI: INT_SRC_OVR (bus 0 bus_irq 0 global_irq 2 dfl dfl)
[    0.000000] ACPI: INT_SRC_OVR (bus 0 bus_irq 9 global_irq 9 high level)
[    0.000000] Using ACPI (MADT) for SMP configuration information
[    0.000000] smpboot: Allowing 2 CPUs, 0 hotplug CPUs
[    0.000000] PM: Registered nosave memory: [mem 0x00000000-0x00000fff]
[    0.000000] PM: Registered nosave memory: [mem 0x0009f000-0x0009ffff]
[    0.000000] PM: Registered nosave memory: [mem 0x000a0000-0x000effff]
[    0.000000] PM: Registered nosave memory: [mem 0x000f0000-0x000fffff]
[    0.000000] e820: [mem 0x40000000-0xfffbffff] available for PCI devices
[    0.000000] Booting paravirtualized kernel on KVM
[    0.000000] clocksource: refined-jiffies: mask: 0xffffffff max_cycles: 0xffffffff, max_idle_ns: 7645519600211568 ns
[    0.000000] setup_percpu: NR_CPUS:512 nr_cpumask_bits:512 nr_cpu_ids:2 nr_node_ids:1
[    0.000000] PERCPU: Embedded 34 pages/cpu @ffff88003fc00000 s99544 r8192 d31528 u1048576
[    0.000000] Built 1 zonelists in Node order, mobility grouping on.  Total pages: 257912
[    0.000000] Policy zone: DMA32
[    0.000000] Kernel command line: BOOT_IMAGE=/boot/vmlinuz-4.4.0-157-generic root=LABEL=cloudimg-rootfs ro console=tty1 console=ttyS0
[    0.000000] PID hash table entries: 4096 (order: 3, 32768 bytes)
[    0.000000] Memory: 997732K/1048120K available (8618K kernel code, 1335K rwdata, 4032K rodata, 1484K init, 1284K bss, 50388K reserved, 0K cma-reserved)
[    0.000000] SLUB: HWalign=64, Order=0-3, MinObjects=0, CPUs=2, Nodes=1
[    0.000000] Kernel/User page tables isolation: enabled
[    0.000000] Hierarchical RCU implementation.
[    0.000000] 	Build-time adjustment of leaf fanout to 64.
[    0.000000] 	RCU restricting CPUs from NR_CPUS=512 to nr_cpu_ids=2.
[    0.000000] RCU: Adjusting geometry for rcu_fanout_leaf=64, nr_cpu_ids=2
[    0.000000] NR_IRQS:33024 nr_irqs:440 16
[    0.000000] Console: colour VGA+ 80x25
[    0.000000] console [tty1] enabled
[    0.000000] console [ttyS0] enabled
[    0.000000] tsc: Detected 3092.964 MHz processor
[    0.598781] Calibrating delay loop (skipped) preset value.. 6185.92 BogoMIPS (lpj=12371856)
[    0.600272] pid_max: default: 32768 minimum: 301
[    0.601064] ACPI: Core revision 20150930
[    0.602697] ACPI: 2 ACPI AML tables successfully acquired and loaded
[    0.603871] Security Framework initialized
[    0.604601] Yama: becoming mindful.
[    0.605274] AppArmor: AppArmor initialized
[    0.606078] Dentry cache hash table entries: 131072 (order: 8, 1048576 bytes)
[   0.607907] Inode-cache hash table entries: 65536 (order: 7, 524288 bytes)
[    0.651250] Mount-cache hash table entries: 2048 (order: 2, 16384 bytes)
[    0.652293] Mountpoint-cache hash table entries: 2048 (order: 2, 16384 bytes)
[    0.653524] Initializing cgroup subsys io
[    0.654258] Initializing cgroup subsys memory
[    0.655066] Initializing cgroup subsys devices
[    0.655844] Initializing cgroup subsys freezer
[    0.656618] Initializing cgroup subsys net_cls
[    0.657393] Initializing cgroup subsys perf_event
[    0.658196] Initializing cgroup subsys net_prio
[    0.659012] Initializing cgroup subsys hugetlb
[    0.659787] Initializing cgroup subsys pids
[    0.660595] mce: CPU supports 0 MCE banks
[    0.661341] Last level iTLB entries: 4KB 512, 2MB 8, 4MB 8
[    0.662227] Last level dTLB entries: 4KB 512, 2MB 32, 4MB 32, 1GB 0
[    0.663249] Spectre V2 : Mitigation: Full generic retpoline
[    0.664148] Spectre V2 : Spectre v2 / SpectreRSB mitigation: Filling RSB on context switch
[    0.665559] Speculative Store Bypass: Vulnerable
[    0.666444] MDS: Vulnerable: Clear CPU buffers attempted, no microcode
[    0.670122] Freeing SMP alternatives memory: 36K
[    0.676438] ftrace: allocating 32312 entries in 127 pages
[    0.733353] smpboot: APIC(0) Converting physical 0 to logical package 0
[    0.795580] smpboot: Max logical packages: 1
[    0.797585] ..TIMER: vector=0x30 apic1=0 pin1=2 apic2=-1 pin2=-1
[    0.914119] smpboot: CPU0: Intel(R) Core(TM) i3-2100 CPU @ 3.10GHz (family: 0x6, model: 0x2a, stepping: 0x7)
[    0.931660] Performance Events: unsupported p6 CPU model 42 no PMU driver, software events only.
[    0.944395] KVM setup paravirtual spinlock
[    0.951149] x86: Booting SMP configuration:
[    0.974547] .... node  #0, CPUs:      #1
[    0.975389] kvm-clock: cpu 1, msr 0:3ffe3041, secondary cpu clock
[    0.976423] mce: CPU supports 0 MCE banks
[    0.979069] x86: Booted up 1 node, 2 CPUs
[    0.987052] smpboot: Total of 2 processors activated (12371.85 BogoMIPS)
[    0.988543] devtmpfs: initialized
[    0.991079] evm: security.selinux
[    1.010681] evm: security.SMACK64
[    1.017664] evm: security.SMACK64EXEC
[    1.018354] evm: security.SMACK64TRANSMUTE
[    1.019085] evm: security.SMACK64MMAP
[    1.019772] evm: security.ima
[    1.020368] evm: security.capability
[    1.021250] clocksource: jiffies: mask: 0xffffffff max_cycles: 0xffffffff, max_idle_ns: 7645041785100000 ns
[    1.022875] futex hash table entries: 512 (order: 3, 32768 bytes)
[    1.024003] pinctrl core: initialized pinctrl subsystem
[    1.024974] RTC time: 17:04:46, date: 08/08/19
[    1.025936] NET: Registered protocol family 16
[    1.038404] cpuidle: using governor ladder
[    1.050441] cpuidle: using governor menu
[    1.051175] PCCT header not found.
[    1.051890] ACPI: bus type PCI registered
[    1.052607] acpiphp: ACPI Hot Plug PCI Controller Driver version: 0.5
[    1.053690] PCI: Using configuration type 1 for base access
[    1.067553] ACPI: Added _OSI(Module Device)
[    1.097424] ACPI: Added _OSI(Processor Device)
[    1.098196] ACPI: Added _OSI(3.0 _SCP Extensions)
[    1.099004] ACPI: Added _OSI(Processor Aggregator Device)
[    1.100529] ACPI: Executed 1 blocks of module-level executable AML code
[    1.115492] ACPI: Interpreter enabled
[    1.151748] ACPI: (supports S0 S5)
[    1.152684] ACPI: Using IOAPIC for interrupt routing
[    1.161808] PCI: Using host bridge windows from ACPI; if necessary, use "pci=nocrs" and report a bug
[    1.222671] ACPI: PCI Root Bridge [PCI0] (domain 0000 [bus 00-ff])
[    1.260033] acpi PNP0A03:00: _OSC: OS supports [ASPM ClockPM Segments MSI]
[    1.261072] acpi PNP0A03:00: _OSC failed (AE_NOT_FOUND); disabling ASPM
[    1.262086] acpi PNP0A03:00: fail to add MMCONFIG information, can't access extended PCI configuration space under this bridge.
[    1.264124] PCI host bridge to bus 0000:00
[    1.264858] pci_bus 0000:00: root bus resource [io  0x0000-0x0cf7 window]
[    1.265884] pci_bus 0000:00: root bus resource [io  0x0d00-0xffff window]
[    1.266928] pci_bus 0000:00: root bus resource [mem 0x000a0000-0x000bffff window]
[    1.268241] pci_bus 0000:00: root bus resource [mem 0x40000000-0xffdfffff window]
[    1.269551] pci_bus 0000:00: root bus resource [bus 00-ff]
[    1.271787] pci 0000:00:01.1: legacy IDE quirk: reg 0x10: [io  0x01f0-0x01f7]
[    1.272857] pci 0000:00:01.1: legacy IDE quirk: reg 0x14: [io  0x03f6]
[    1.273852] pci 0000:00:01.1: legacy IDE quirk: reg 0x18: [io  0x0170-0x0177]
[    1.274962] pci 0000:00:01.1: legacy IDE quirk: reg 0x1c: [io  0x0376]
[    1.300899] ACPI: PCI Interrupt Link [LNKA] (IRQs 5 9 10 11) *0, disabled.
[    1.327583] ACPI: PCI Interrupt Link [LNKB] (IRQs 5 9 10 *11)
[    1.328928] ACPI: PCI Interrupt Link [LNKC] (IRQs 5 9 *10 11)
[    1.330288] ACPI: PCI Interrupt Link [LNKD] (IRQs 5 *9 10 11)
[    1.339994] ACPI: Enabled 2 GPEs in block 00 to 07
[    1.341402] vgaarb: setting as boot device: PCI:0000:00:02.0
[    1.390981] vgaarb: device added: PCI:0000:00:02.0,decodes=io+mem,owns=io+mem,locks=none
[    1.402391] vgaarb: loaded
[    1.402983] vgaarb: bridge control possible 0000:00:02.0
[    1.404140] SCSI subsystem initialized
[    1.405010] ACPI: bus type USB registered
[    1.405749] usbcore: registered new interface driver usbfs
[    1.406649] usbcore: registered new interface driver hub
[    1.407552] usbcore: registered new device driver usb
[    1.408689] PCI: Using ACPI for IRQ routing
[    1.422255] NetLabel: Initializing
[    1.422922] NetLabel:  domain hash size = 128
[    1.423684] NetLabel:  protocols = UNLABELED CIPSOv4
[    1.424980] NetLabel:  unlabeled traffic allowed by default
[    1.443688] amd_nb: Cannot enumerate AMD northbridges
[    1.444584] clocksource: Switched to clocksource kvm-clock
[    1.452158] AppArmor: AppArmor Filesystem Enabled
[    1.492399] pnp: PnP ACPI init
[    1.494372] pnp: PnP ACPI: found 3 devices
[   1.506294] clocksource: acpi_pm: mask: 0xffffff max_cycles: 0xffffff, max_idle_ns: 2085701024 ns
[    1.530946] NET: Registered protocol family 2

[    1.531919] TCP established hash table entries: 8192 (order: 4, 65536 bytes)
[    1.533000] TCP bind hash table entries: 8192 (order: 5, 131072 bytes)
[    1.534007] TCP: Hash tables configured (established 8192 bind 8192)
[    1.535002] UDP hash table entries: 512 (order: 2, 16384 bytes)
[    1.535940] UDP-Lite hash table entries: 512 (order: 2, 16384 bytes)
[    1.536953] NET: Registered protocol family 1
[    1.537753] pci 0000:00:00.0: Limiting direct PCI/PCI transfers
[    1.538704] pci 0000:00:01.0: Activating ISA DMA hang workarounds
[    1.539772] Unpacking initramfs...
[    1.771015] Freeing initrd memory: 14828K
[    1.803355] RAPL PMU detected, API unit is 2^-32 Joules, 3 fixed counters 10737418240 ms ovfl timer
[    1.804875] hw unit of domain pp0-core 2^-0 Joules
[    1.805738] hw unit of domain package 2^-0 Joules
[    1.806549] hw unit of domain pp1-gpu 2^-0 Joules
[    1.807371] clocksource: tsc: mask: 0xffffffffffffffff max_cycles: 0x2c95510ef41, max_idle_ns: 440795345255 ns
[    1.809082] platform rtc_cmos: registered platform RTC device (no PNP device found)
[    1.810491] Scanning for low memory corruption every 60 seconds
[    1.814130] audit: initializing netlink subsys (disabled)
[    1.815077] audit: type=2000 audit(1565283890.664:1): initialized
[    1.862080] Initialise system trusted keyring
[    1.863165] HugeTLB registered 2 MB page size, pre-allocated 0 pages
[    1.872578] zbud: loaded
[    1.873590] VFS: Disk quotas dquot_6.6.0
[    1.874354] VFS: Dquot-cache hash table entries: 512 (order 0, 4096 bytes)
[    1.875673] squashfs: version 4.0 (2009/01/31) Phillip Lougher
[    1.876948] fuse init (API version 7.23)
[    1.877793] Key type big_key registered
[    1.878528] Allocating IMA MOK and blacklist keyrings.
[    1.880898] Key type asymmetric registered
[    1.888238] Asymmetric key parser 'x509' registered
[    1.889141] Block layer SCSI generic (bsg) driver version 0.4 loaded (major 249)
[    1.890553] io scheduler noop registered
[    1.894436] io scheduler deadline registered (default)
[    1.895351] io scheduler cfq registered
[    1.896156] pci_hotplug: PCI Hot Plug PCI Core version: 0.5
[    1.897119] pciehp: PCI Express Hot Plug Controller Driver version: 0.4
[    1.898287] ACPI: AC Adapter [AC] (on-line)
[    1.899101] input: Power Button as /devices/LNXSYSTM:00/LNXPWRBN:00/input/input0
[    1.900434] ACPI: Power Button [PWRF]
[    1.901244] input: Sleep Button as /devices/LNXSYSTM:00/LNXSLPBN:00/input/input1
[    1.902570] ACPI: Sleep Button [SLPF]
[    1.903457] GHES: HEST is not enabled!
[    1.904274] Serial: 8250/16550 driver, 32 ports, IRQ sharing enabled
[    1.926924] 00:02: ttyS0 at I/O 0x3f8 (irq = 4, base_baud = 115200) is a 16550A
[    2.065182] Linux agpgart interface v0.103
[    2.067791] loop: module loaded
[    2.070369] scsi host0: ata_piix
[    2.161555] scsi host1: ata_piix
[    2.201656] ata1: PATA max UDMA/33 cmd 0x1f0 ctl 0x3f6 bmdma 0xd000 irq 14
[    2.202736] ata2: PATA max UDMA/33 cmd 0x170 ctl 0x376 bmdma 0xd008 irq 15
[    2.204232] libphy: Fixed MDIO Bus: probed
[    2.205107] tun: Universal TUN/TAP device driver, 1.6
[    2.205943] tun: (C) 1999-2004 Max Krasnyansky <maxk@qualcomm.com>
[    2.206983] PPP generic driver version 2.4.2
[    2.207802] ehci_hcd: USB 2.0 'Enhanced' Host Controller (EHCI) Driver
[    2.208825] ehci-pci: EHCI PCI platform driver
[    2.209694] ehci-platform: EHCI generic platform driver
[    2.210575] ohci_hcd: USB 1.1 'Open' Host Controller (OHCI) Driver
[    2.214770] ohci-pci: OHCI PCI platform driver
[    2.218623] ohci-platform: OHCI generic platform driver
[    2.233842] uhci_hcd: USB Universal Host Controller Interface driver
[    2.254232] i8042: PNP: PS/2 Controller [PNP0303:PS2K,PNP0f03:PS2M] at 0x60,0x64 irq 1,12
[    2.256212] serio: i8042 KBD port at 0x60,0x64 irq 1
[    2.257090] serio: i8042 AUX port at 0x60,0x64 irq 12
[    2.258128] mousedev: PS/2 mouse device common for all mice
[    2.259689] rtc_cmos rtc_cmos: rtc core: registered rtc_cmos as rtc0
[    2.260850] input: AT Translated Set 2 keyboard as /devices/platform/i8042/serio0/input/input2
[    2.260963] rtc_cmos rtc_cmos: alarms up to one day, 114 bytes nvram
[    2.260974] i2c /dev entries driver
[    2.261056] device-mapper: uevent: version 1.0.3
[    2.268846] device-mapper: ioctl: 4.34.0-ioctl (2015-10-28) initialised: dm-devel@redhat.com
[    2.270411] ledtrig-cpu: registered to indicate activity on CPUs
[    2.272137] NET: Registered protocol family 10
[    2.273296] NET: Registered protocol family 17
[    2.274074] Key type dns_resolver registered
[    2.275448] registered taskstats version 1
[    2.276194] Loading compiled-in X.509 certificates
[    2.277789] Loaded X.509 cert 'Build time autogenerated kernel key: 3e01e6df98386236d59670e6b2ed19a044d5324e'
[    2.279407] zswap: loaded using pool lzo/zbud
[    2.282581] Key type trusted registered
[    2.289365] Key type encrypted registered
[    2.391349] AppArmor: AppArmor sha1 policy hashing enabled
[    2.545228] ima: No TPM chip found, activating TPM-bypass!
[    2.711683] ima: Allocated hash algorithm: sha1
[    2.840060] evm: HMAC attrs: 0x1
[    2.889262]   Magic number: 15:927:86
[    2.890056] rtc_cmos rtc_cmos: setting system clock to 2019-08-08 17:04:48 UTC (1565283888)
[    2.891670] BIOS EDD facility v0.16 2004-Jun-25, 0 devices found
[    2.892650] EDD information not available.
[    2.894765] Freeing unused kernel memory: 1484K
[    2.908679] Write protecting the kernel read-only data: 14336k
[    2.910173] Freeing unused kernel memory: 1612K
[    3.141479] Freeing unused kernel memory: 64K
Loading, please wait...
[    3.293778] random: systemd-udevd: uninitialized urandom read (16 bytes read, 3 bits of entropy available)
starting version[    3.294711] random: udevadm: uninitialized urandom read (16 bytes read, 3 bits of entropy available)
 229
[    3.294744] random: udevadm: uninitialized urandom read (16 bytes read, 3 bits of entropy available)
[    3.316245] random: udevadm: uninitialized urandom read (16 bytes read, 3 bits of entropy available)
[    3.316338] random: udevadm: uninitialized urandom read (16 bytes read, 3 bits of entropy available)
[    3.316798] random: udevadm: uninitialized urandom read (16 bytes read, 3 bits of entropy available)
[    3.316955] random: udevadm: uninitialized urandom read (16 bytes read, 3 bits of entropy available)
[    3.317181] random: udevadm: uninitialized urandom read (16 bytes read, 3 bits of entropy available)
[    3.317321] random: udevadm: uninitialized urandom read (16 bytes read, 3 bits of entropy available)
[    3.317478] random: udevadm: uninitialized urandom read (16 bytes read, 3 bits of entropy available)
[    3.402547] e1000: Intel(R) PRO/1000 Network Driver - version 7.3.21-k8-NAPI
[    3.402551] Fusion MPT base driver 3.04.20
[    3.402552] Copyright (c) 1999-2008 LSI Corporation
[    3.424221] e1000: Copyright (c) 1999-2006 Intel Corporation.
[    3.434019] Fusion MPT SPI Host driver 3.04.20
[    3.632360] input: ImExPS/2 Generic Explorer Mouse as /devices/platform/i8042/serio1/input/input4
[    3.788950] e1000 0000:00:03.0 eth0: (PCI:33MHz:32-bit) 02:46:62:72:a1:53
[    3.795893] e1000 0000:00:03.0 eth0: Intel(R) PRO/1000 Network Connection
[    3.800034] e1000 0000:00:03.0 enp0s3: renamed from eth0
[    3.832617] mptbase: ioc0: Initiating bringup
[    3.901196] ioc0: LSI53C1030 A0: Capabilities={Initiator}
[    4.542504] scsi host2: ioc0: LSI53C1030 A0, FwRev=00000000h, Ports=1, MaxQ=256, IRQ=20
[    5.031413] scsi 2:0:0:0: Direct-Access     VBOX     HARDDISK         1.0  PQ: 0 ANSI: 5
[    5.112642] scsi target2:0:0: Beginning Domain Validation
[    5.116623] scsi target2:0:0: Domain Validation skipping write tests
[    5.118017] scsi target2:0:0: Ending Domain Validation
[    5.119290] scsi target2:0:0: asynchronous
[    5.121395] scsi 2:0:1:0: Direct-Access     VBOX     HARDDISK         1.0  PQ: 0 ANSI: 5
[    5.464961] scsi target2:0:1: Beginning Domain Validation
[    5.502922] scsi target2:0:1: Domain Validation skipping write tests
[    5.503916] scsi target2:0:1: Ending Domain Validation
[    5.504833] scsi target2:0:1: asynchronous
[    5.513896] sd 2:0:0:0: Attached scsi generic sg0 type 0
[    5.514283] sd 2:0:0:0: [sda] 20971520 512-byte logical blocks: (10.7 GB/10.0 GiB)
[    5.514408] sd 2:0:0:0: [sda] Write Protect is off
[    5.514492] sd 2:0:0:0: [sda] Incomplete mode parameter data
[    5.514493] sd 2:0:0:0: [sda] Assuming drive cache: write through
[    5.526372] sd 2:0:1:0: Attached scsi generic sg1 type 0
[    5.526380] sd 2:0:1:0: [sdb] 20480 512-byte logical blocks: (10.5 MB/10.0 MiB)
[    5.526681] sd 2:0:1:0: [sdb] Write Protect is off
[    5.526798] sd 2:0:1:0: [sdb] Incomplete mode parameter data
[    5.526800] sd 2:0:1:0: [sdb] Assuming drive cache: write through
[    5.538519]  sda: sda1
[    5.539342] sd 2:0:0:0: [sda] Attached SCSI disk
[    5.583304] sd 2:0:1:0: [sdb] Attached SCSI disk
Begin: Loading e[    7.098263] md: linear personality registered for level -1
ssential drivers ... [    7.594861] md: multipath personality registered for level -4
[    7.675014] md: raid0 personality registered for level 0
[    7.682379] md: raid1 personality registered for level 1
[    7.980833] raid6: sse2x1   gen()  8202 MB/s
[    8.460817] raid6: sse2x1   xor()  6682 MB/s
[    8.790891] raid6: sse2x2   gen() 10469 MB/s
[    8.860635] raid6: sse2x2   xor()  7259 MB/s
[    8.940807] raid6: sse2x4   gen() 13268 MB/s
[    9.020806] raid6: sse2x4   xor() 10028 MB/s
[    9.021818] raid6: using algorithm sse2x4 gen() 13268 MB/s
[    9.022978] raid6: .... xor() 10028 MB/s, rmw enabled
[    9.024062] raid6: using ssse3x2 recovery algorithm
[    9.026914] xor: automatically using best checksumming function:
[    9.080632]    avx       : 14195.000 MB/sec
[    9.088935] async_tx: api initialized (async)
[    9.106413] md: raid6 personality registered for level 6
[    9.115531] md: raid5 personality registered for level 5
[    9.116835] md: raid4 personality registered for level 4
[    9.127864] md: raid10 personality registered for level 10
done.
Begin: Running /scripts/init-premount ... done.
Begin: Mounting root file system ... Begin: Running /scripts/local-top ... done.
Begin: Running /scripts/local-premount ... [    9.181344] Btrfs loaded
Scanning for Btrfs filesystems
done.
Warning: fsck no[    9.264556] EXT4-fs (sda1): mounted filesystem with ordered data mode. Opts: (null)
t present, so skipping root file system
done.
Begin: Running /scripts/local-bottom ... done.
Begin: Running /scripts/init-bottom ... done.
[    9.809690] systemd[1]: systemd 229 running in system mode. (+PAM +AUDIT +SELINUX +IMA +APPARMOR +SMACK +SYSVINIT +UTMP +LIBCRYPTSETUP +GCRYPT +GNUTLS +ACL +XZ -LZ4 +SECCOMP +BLKID +ELFUTILS +KMOD -IDN)
[    9.842880] systemd[1]: Detected virtualization oracle.
[    9.843844] systemd[1]: Detected architecture x86-64.

Welcome to [1mUbuntu 16.04.6 LTS[0m!

[    9.863421] systemd[1]: Set hostname to <ubuntu>.
[    9.870979] systemd[1]: Initializing machine ID from random generator.
[    9.891887] systemd[1]: Installed transient /etc/machine-id file.
[   10.317869] random: nonblocking pool is initialized
[   10.628045] systemd[1]: Listening on LVM2 metadata daemon socket.
[[0;32m  OK  [0m] Listening on LVM2 metadata daemon socket.
[   10.863844] systemd[1]: Listening on Syslog Socket.
[[0;32m  OK  [0m] Listening on Syslog Socket.
[   10.870160] systemd[1]: Reached target Swap.
[[0;32m  OK  [0m] Reached target Swap.
[   10.876505] systemd[1]: Reached target User and Group Name Lookups.
[[0;32m  OK  [0m] Reached target User and Group Name Lookups.
[   10.899285] systemd[1]: Reached target System Time Synchronized.
[[0;32m  OK  [0m] Reached target System Time Synchronized.
[   10.906625] systemd[1]: Listening on udev Kernel Socket.
[[0;32m  OK  [0m] Listening on udev Kernel Socket.
[   10.908475] systemd[1]: Started Trigger resolvconf update for networkd DNS.
[[0;32m  OK  [0m] Started Trigger resolvconf update for networkd DNS.
[   10.910791] systemd[1]: Listening on Journal Audit Socket.
[[0;32m  OK  [0m] Listening on Journal Audit Socket.
[   10.912708] systemd[1]: Listening on udev Control Socket.
[[0;32m  OK  [0m] Listening on udev Control Socket.
[   10.914514] systemd[1]: Listening on LVM2 poll daemon socket.
[[0;32m  OK  [0m] Listening on LVM2 poll daemon socket.
[   10.919148] systemd[1]: Created slice System Slice.
[[0;32m  OK  [0m] Created slice System Slice.
[   10.922320] systemd[1]: Created slice system-serial\x2dgetty.slice.
[[0;32m  OK  [0m] Created slice system-serial\x2dgetty.slice.
[   10.924428] systemd[1]: Started Forward Password Requests to Wall Directory Watch.
[[0;32m  OK  [0m] Started Forward Password Requests to Wall Directory Watch.
[   10.927027] systemd[1]: Listening on Device-mapper event daemon FIFOs.
[[0;32m  OK  [0m] Listening on Device-mapper event daemon FIFOs.
[   10.929160] systemd[1]: Listening on /dev/initctl Compatibility Named Pipe.
[[0;32m  OK  [0m] Listening on /dev/initctl Compatibility Named Pipe.
[   10.932561] systemd[1]: Set up automount Arbitrary Executable File Formats File System Automount Point.
[[0;32m  OK  [0m] Set up automount Arbitrary Executab...ats File System Automount Point.
[   10.935524] systemd[1]: Listening on Journal Socket.
[[0;32m  OK  [0m] Listening on Journal Socket.
[   10.952931] systemd[1]: Starting Monitoring of LVM2 mirrors, snapshots etc. using dmeventd or progress polling...
         Starting Monitoring of LVM2 mirrors... dmeventd or progress polling...
[   11.409485] systemd[1]: Starting Create list of required static device nodes for the current kernel...
         Starting Create list of required st... nodes for the current kernel...
[   11.414727] systemd[1]: Starting Uncomplicated firewall...
         Starting Uncomplicated firewall...
[   11.418222] systemd[1]: Starting Nameserver information manager...
         Starting Nameserver information manager...
[   11.422136] systemd[1]: Mounting POSIX Message Queue File System...
         Mounting POSIX Message Queue File System...
[   11.428064] systemd[1]: Starting Remount Root and Kernel File Systems...
         Starting Remount Root and Kernel File Systems...
[   11.460884] systemd[1]: Starting Load Kernel Modules...
[   11.475366] EXT4-fs (sda1): re-mounted. Opts: (null)
[   11.543025] Loading iSCSI transport class v2.0-870.
         Starting Load Kernel Modules...
[   11.555845] systemd[1]: Created slice User and Session Slice.
[[0;32m  OK  [0m] Created slic[   11.774067] iscsi: registered transport (tcp)
e User and Session Slice.
[   11.889014] systemd[1]: Starting Set console keymap...
         Starting Set console keymap...
[   11.896862] systemd[1]: Reached target Encrypted Volumes.
[[0;32m  OK  [0m] Reached target Encrypted Volumes.
[   11.907288] systemd[1]: Mounting Debug File System...
         Mounting Debug File System...
[   11.915316] systemd[1]: Reached target Slices.
[[0;32m  OK  [0m] Reached target Slices.
[   11.937498] systemd[1]: Listening on Journal Socket (/dev/log).
[[0;32m  OK  [0m] Listening on Journal Socket (/dev/log).
[   11.962621] systemd[1]: Starting Journal Service...
[   11.978099] iscsi: registered transport (iser)
         Starting Journal Service...
[   11.997398] systemd[1]: Mounting Huge Pages File System...
         Mounting Huge Pages File System...
[   12.024930] systemd[1]: Mounted Debug File System.
[[0;32m  OK  [0m] Mounted Debug File System.
[   12.040658] systemd[1]: Mounted POSIX Message Queue File System.
[[0;32m  OK  [0m] Mounted POSIX Message Queue File System.
[   12.045387] systemd[1]: Mounted Huge Pages File System.
[[0;32m  OK  [0m] Mounted Huge Pages File System.
[   12.048814] systemd[1]: Started Create list of required static device nodes for the current kernel.
[[0;32m  OK  [0m] Started Create list of required sta...ce nodes for the current kernel.
[   12.053711] systemd[1]: Started Uncomplicated firewall.
[[0;32m  OK  [0m] Started Uncomplicated firewall.
[   12.065874] systemd[1]: Started Remount Root and Kernel File Systems.
[[0;32m  OK  [0m] Started Remount Root and Kernel File Systems.
[   12.074871] systemd[1]: Started Load Kernel Modules.
[[0;32m  OK  [0m] Started Load Kernel Modules.
[   12.079785] systemd[1]: Started Set console keymap.
[[0;32m  OK  [0m] Started Set console keymap.
[   12.084478] systemd[1]: Started Nameserver information manager.
[[0;32m  OK  [0m] Started Nameserver information manager.
[   12.171031] systemd[1]: Started LVM2 metadata daemon.
[[0;32m  OK  [0m] Started LVM2 metadata daemon.
[   12.184479] systemd[1]: Mounting FUSE Control File System...
         Mounting FUSE Control File System...
[   12.190875] systemd[1]: Starting Apply Kernel Variables...
         Starting Apply Kernel Variables...
[   12.195920] systemd[1]: Starting Load/Save Random Seed...
         Starting Load/Save Random Seed...
[   12.236888] systemd[1]: Starting udev Coldplug all Devices...
         Starting udev Coldplug all Devices...
[   12.246714] systemd[1]: Starting Create Static Device Nodes in /dev...
         Starting Create Static Device Nodes in /dev...
[   12.253456] systemd[1]: Mounted FUSE Control File System.
[[0;32m  OK  [0m] Mounted FUSE Control File System.
[   12.259502] systemd[1]: Started Journal Service.
[[0;32m  OK  [0m] Started Journal Service.
[[0;32m  OK  [0m] Started Load/Save Random Seed.
         Starting Flush Journal to Persistent Storage...
[[0;32m  OK  [0m] Started Apply Kernel Variables.
[[0;32m  OK  [0m] Started Monitoring of LVM2 mirrors,...ng dmeventd or progress polling.
[[0;32m  OK  [0m] Started udev Coldplug all Devices.
[[0;32m  OK  [0m] Started Flush Journal to Persistent Storage.
[[0;32m  OK  [0m] Started Create Static Device Nodes in /dev.
[[0;32m  OK  [0m] Reached target Local File Systems (Pre).
[[0;32m  OK  [0m] Reached target Local File Systems.
         Starting Create Volatile Files and Directories...
         Starting LSB: AppArmor initialization...
         Starting Set console font and keymap...
         Starting Tell Plymouth To Write Out Runtime Data...
         Starting Commit a transient machine-id on disk...
         Starting Initial cloud-init job (pre-networking)...
         Starting udev Kernel Device Manager...
[[0;32m  OK  [0m] Started Tell Plymouth To Write Out Runtime Data.
[[0;32m  OK  [0m] Started Create Volatile Files and Directories.
         Starting Update UTMP about System Boot/Shutdown...
[[0;32m  OK  [0m] Started Commit a transient machine-id on disk.
[[0;32m  OK  [0m] Started Update UTMP about System Boot/Shutdown.
[[0;32m  OK  [0m] Started udev Kernel Device Manager.
[[0;32m  OK  [0m] Started Dispatch Password Requests to Console Directory Watch.
[[0;32m  OK  [0m] Found device /dev/ttyS0.
[[0;32m  OK  [0m] Listening on Load/Save RF Kill Switch Status /dev/rfkill Watch.
[[0;32m  OK  [0m] Started LSB: AppArmor initialization.
[[0;32m  OK  [0m] Started Set console font and keymap.
[[0;32m  OK  [0m] Created slice system-getty.slice.
[   15.360556] cloud-init[451]: Cloud-init v. 19.1-1-gbaa47854-0ubuntu1~16.04.1 running 'init-local' at Thu, 08 Aug 2019 17:05:01 +0000. Up 14.75 seconds.
[[0;32m  OK  [0m] Started Initial cloud-init job (pre-networking).
[[0;32m  OK  [0m] Reached target Network (Pre).
         Starting Raise network interfaces...
[[0;32m  OK  [0m] Started Raise network interfaces.
[[0;32m  OK  [0m] Reached target Network.
         Starting Initial cloud-init job (metadata service crawler)...
[   17.447299] cloud-init[927]: Cloud-init v. 19.1-1-gbaa47854-0ubuntu1~16.04.1 running 'init' at Thu, 08 Aug 2019 17:05:03 +0000. Up 16.23 seconds.
[   17.488687] cloud-init[927]: ci-info: ++++++++++++++++++++++++++++++++++++++Net device info++++++++++++++++++++++++++++++++++++++
[   17.532506] [cloud-init[0;32m  OK  [0m[927]: ] ci-info: +--------+------+----------------------------+---------------+--------+-------------------+Started Initial cloud-init job (metadata service crawler).

[   17.533053] cloud-init[927]: ci-info: | Device |  Up  |          Address           |      Mask     | Scope  |     Hw-Address    |
[   17.571336] [[0;32m  OK  [0m] Reached target System Initialization.
[[0;32m  OK  [0m] Listening on ACPID Listen Socket.
cloud-init[927]: ci-info: +--------+------+----------------------------+---------------+--------+-------------------+
[   17.575744]          cloud-initStarting Socket activation for snappy daemon.[927]: 
ci-info: | enp0s3 | True |         10.0.2.15          | 255.255.255.0 | global | 02:46:62:72:a1:53 |
[   17.576448] [cloud-init[0;32m  OK  [0m[927]: ] ci-info: | enp0s3 | True | fe80::46:62ff:fe72:a153/64 |       .       |  link  | 02:46:62:72:a1:53 |Started Daily Cleanup of Temporary Directories.

[   17.581454] [cloud-init[0;32m  OK  [0m[927]: ] ci-info: |   lo   | True |         127.0.0.1          |   255.0.0.0   |  host  |         .         |Started Daily apt download activities.

[   17.658161] [cloud-init[0;32m  OK  [0m[927]: ] ci-info: |   lo   | True |          ::1/128           |       .       |  host  |         .         |Started Daily apt upgrade and clean activities.

[   17.746177] [[0;32m  OK  [0m] Reached target Timers.
cloud-init[927]: ci-info: +--------+------+----------------------------+---------------+--------+-------------------+
[   17.748383] cloud-init[927]: ci-info: +++++++++++++++++++++++++++Route IPv4 info++++++++++++++++++++++++++++
[   17.749988] cloud-init[927]: ci-info: +-------+-------------+----------+---------------+-----------+-------+
[   17.752297] cloud-init[927]: ci-info: | Route | Destination | Gateway  |    Genmask    | Interface | Flags |
[   17.757470] cloud-init[927]: ci-info: +-------+-------------+----------+---------------+-----------+-------+
[   17.760747] cloud-init[927]: ci-info: |   0   |   0.0.0.0   | 10.0.2.2 |    0.0.0.0    |   enp0s3  |   UG  |
[   17.762624] cloud-init[927]: ci-info: |   1   |   10.0.2.0  | 0.0.0.0  | 255.255.255.0 |   enp0s3  |   U   |
[   17.765644] cloud-init[927]: ci-info: +-------+-------------+----------+---------------+-----------+-------+
[   17.769216] cloud-init[927]: ci-info: +++++++++++++++++++Route IPv6 info+++++++++++++++++++
[   17.774009] cloud-init[927]: ci-info: +-------+-------------+---------+-----------+-------+
[   17.776677] cloud-init[927]: ci-info: | Route | Destination | Gateway | Interface | Flags |
[   17.779208] cloud-init[927]: ci-info: +-------+-------------+---------+-----------+-------+
[   17.780810] cloud-init[927]: ci-info: |   0   |  fe80::/64  |    ::   |   enp0s3  |   U   |
[   17.783428] cloud-init[927]: ci-info: |   3   |   ff00::/8  |    ::   |   enp0s3  |   U   |
[   17.784911] cloud-init[927]: ci-info: +-------+-------------+---------+-----------+-------+
[   17.786473] cloud-init[927]: Generating public/private rsa key pair.
[   17.788754] cloud-init[927]: Your identification has been saved in /etc/ssh/ssh_host_rsa_key.
[   17.793640] cloud-init[927]: Your public key has been saved in /etc/ssh/ssh_host_rsa_key.pub.
         Starting LXD - unix socket.
[   17.811567] cloud-init[927]: The key fingerprint is:
[   17.828260] cloud-init[927]: SHA256:EuE6uuQyMKBGhDSjHIAoESnfHA0qL8kE0rdPpbuQ7pE root@ubuntu-xenial
[   17.830922] cloud-init[927]: The key's randomart image is:
[[0;32m  OK  [0m] Started ACPI Events Check.
[[0;32m  OK  [0m] Reached target Paths.
[[0;32m  OK  [0m] Listening on UUID daemon activation socket.
[[0;32m  OK  [0m] Listening on D-Bus System Message Bus Socket.
[[0;32m  OK  [0m] Reached target Cloud-config availability.
[[0;32m  OK  [0m] Reached target Network is Online.
[   17.832323] cloud-init[927]: +---[RSA 2048]----+
[   17.887588] cloud-init[927]: |%X  .o.          |
[   17.910034] cloud-init[927]: |%.=.o....        |
[   17.912256] cloud-init[927]: |*+.+ ooo         |
[   17.944330] cloud-init[927]: |+=. +.o.         |
[   17.944551] cloud-init[927]: |*.. o+..S        |
         Starting iSCSI initiator daemon (iscsid)...
[   17.944727] cloud-init[927]: |+o .ooo.         |
[   17.962055] cloud-init[927]: |o.o.E. .         |
[   17.962366] cloud-init[927]: |oo ....          |
[   17.962683] cloud-init[927]: | oo..            |
[   17.963007] cloud-init[927]: +----[SHA256]-----+
[   17.963332] cloud-init[927]: Generating public/private dsa key pair.
[   17.963658] cloud-init[927]: Your identification has been saved in /etc/ssh/ssh_host_dsa_key.
[   17.963983] cloud-init[927]: Your public key has been saved in /etc/ssh/ssh_host_dsa_key.pub.
[   17.964324] cloud-init[927]: The key fingerprint is:
[   17.964644] cloud-init[927]: SHA256:ab44ZyVdmqBA+eFvUehraqkNPwqxjx9pZhvwmuX5HLs root@ubuntu-xenial
[   17.964975] cloud-init[927]: The key's randomart image is:
[   17.965293] cloud-init[927]: +---[DSA 1024]----+
[   17.965614] cloud-init[927]: |     .   .       |
[   17.965948] cloud-init[927]: |    o . . .      |
[[0;32m  OK  [0m] Listening on Socket activation for snappy daemon.
[   17.966193] cloud-init[927]: |   . o o .       |
[   18.075255] cloud-init[927]: |    . o +.  .    |
[   18.075545] cloud-init[927]: |  o  . oS= +     |
[   18.075872] cloud-init[927]: |   = ..o* =      |
[   18.076370] cloud-init[927]: |  o @ .=.o       |
[   18.076695] cloud-init[927]: |   % X*+o.       |
[   18.077019] cloud-init[927]: |  +.O=E*.        |
[   18.077354] cloud-init[927]: +----[SHA256]-----+
[   18.077668] cloud-init[927]: Generating public/private ecdsa key pair.
[   18.078017] cloud-init[927]: Your identification has been saved in /etc/ssh/ssh_host_ecdsa_key.
[   18.078339] cloud-init[927]: Your public key has been saved in /etc/ssh/ssh_host_ecdsa_key.pub.
[   18.078670] cloud-init[927]: The key fingerprint is:
[   18.078993] cloud-init[927]: SHA256:bU0NBX8yhAnnGqoONReEY1LjKdR4fkapEOMy867sPM4 root@ubuntu-xenial
[   18.079316] cloud-init[927]: The key's randomart image is:
[   18.079649] cloud-init[927]: +---[ECDSA 256]---+
[   18.079966] cloud-init[927]: |    +=o.....+=o  |
[   18.080306] cloud-init[927]: |   o+o*+o  oo=   |
[   18.080624] cloud-init[927]: |  + o*o+. . o = .|
[   18.080947] cloud-init[927]: |   = .o o+ =   + |
[   18.081275] cloud-init[927]: |    . ooS + .    |
[   18.081597] cloud-init[927]: |   . . + .       |
[   18.081933] cloud-init[927]: |    o .          |
[[0;32m  OK  [0m] Listening on LXD - unix socket.
[   18.082300] cloud-init[927]: | +.. o           |
[   18.153478] cloud-init[927]: | oE.  .          |
[   18.154713] cloud-init[927]: +----[SHA256]-----+
[   18.155838] cloud-init[927]: Generating public/private ed25519 key pair.
[   18.157300] cloud-init[927]: Your identification has been saved in /etc/ssh/ssh_host_ed25519_key.
[   18.169528] cloud-init[927]: Your public key has been saved in /etc/ssh/ssh_host_ed25519_key.pub.
[   18.173456] cloud-init[927]: The key fingerprint is:
[   18.174839] cloud-init[927]: SHA256:4fKE8/fA9npaniySkNjCcM8bgJhBTv4FjDNAxEpazHI root@ubuntu-xenial
[   18.176393] cloud-init[927]: The key's randomart image is:
[   18.177743] cloud-init[927]: +--[ED25519 256]--+
[   18.178825] cloud-init[927]: |BBo.             |
[   18.179875] cloud-init[927]: |**E..            |
[   18.180960] cloud-init[927]: |+Xo. .  .        |
[   18.208000] cloud-init[927]: |= + +  o .       |
[   18.208274] cloud-init[927]: |   = *+.S        |
[[0;32m  OK  [0m] Reached target Sockets.
[[   18.208451] [0;32m  OK  [0mcloud-init] [927]: Reached target Basic System.|    + B* .       |

[   18.220392] cloud-init[927]: |     . +o.= .    |
[   18.222567] cloud-init[927]: |      . oo.B..   |
[[0;32m  OK  [0m] [   18.229322] cloud-init[927]: |         .o=*    |
[   18.229473] cloud-init[927]: +----[SHA256]-----+
Started FUSE filesystem for LXC.
[[0;32m  OK  [0m] Started Regular background program processing daemon.
         Starting Accounts Service...
         Starting /etc/rc.local Compatibility...
[[0;32m  OK  [0m] Started D-Bus System Message Bus.
         Starting LXD - container startup/shutdown...
[[0;32m  OK  [0m] Started Deferred execution scheduler.
         Starting LSB: MD monitoring daemon...
         Starting System Logging Service...
         Starting Pollinate to seed the pseudo random number generator...
         Starting LSB: Record successful boot for GRUB...
         Starting Virtualbox guest utils...
[[0;32m  OK  [0m] Started ACPI event daemon.
         Starting Login Service...
         Starting Snappy daemon...
[[0;32m  OK  [0m] Started iSCSI initiator daemon (iscsid).
[[0;32m  OK  [0m] Started /etc/rc.local Compatibility.
[[0;32m  OK  [0m] Started System Logging Service.
         Starting Authenticate and Authorize Users to Run Privileged Tasks...
         Starting Login to default iSCSI targets...
[[0;32m  OK  [0m] Started Login Service.
[[0;32m  OK  [0m] Started Unattended Upgrades Shutdown.
[[0;32m  OK  [0m] Started LSB: Record successful boot for GRUB.
[[0;32m  OK  [0m] Started LSB: MD monitoring daemon.
[[0;32m  OK  [0m] Started Authenticate and Authorize Users to Run Privileged Tasks.
[[0;32m  OK  [0m] Started Accounts Service.
[[0;32m  OK  [0m] Started Login to default iSCSI targets.
[[0;32m  OK  [0m] Reached target Remote File Systems (Pre).
[[0;32m  OK  [0m] Reached target Remote File Systems.
         Starting LSB: Set the CPU Frequency Scaling governor to "ondemand"...
         Starting Permit User Sessions...
         Starting LSB: automatic crash report generation...
         Starting LSB: daemon to balance interrupts for SMP systems...
[[0;32m  OK  [0m] Started LSB: Set the CPU Frequency Scaling governor to "ondemand".
[[0;32m  OK  [0m] Started Permit User Sessions.
         Starting Terminate Plymouth Boot Screen...
         Starting Hold until boot process finishes up...
[[0;32m  OK  [0m] Started LSB: daemon to balance interrupts for SMP systems.
[[0;32m  OK  [0m] Started Terminate Plymouth Boot Screen.
[[0;32m  OK  [0m] Started Hold until boot process finishes up.
[[0;32m  OK  [0m] Started Serial Getty on ttyS0.
         Starting Set console scheme...
[[0;32m  OK  [0m] Started Getty on tty1.
[[0;32m  OK  [0m] Reached target Login Prompts.
[[0;32m  OK  [0m] Started Virtualbox guest utils.
[[0;32m  OK  [0m] Started LSB: automatic crash report generation.
[[0;32m  OK  [0m] Started Set console scheme.
[[0;32m  OK  [0m] Started LXD - container startup/shutdown.
[   22.194457] blk_update_request: I/O error, dev loop0, sector 0
[   22.196926] blk_update_request: I/O error, dev loop0, sector 0
[   22.198186] Buffer I/O error on dev loop0, logical block 0, async page read
[[0;32m  OK  [0m] Started Snappy daemon.
         Starting Wait until snapd is fully seeded...
[[0;32m  OK  [0m] Started Pollinate to seed the pseudo random number generator.
         Starting OpenBSD Secure Shell server...
[[0;32m  OK  [0m] Started OpenBSD Secure Shell server.
[[0;32m  OK  [0m] Created slice User Slice of vagrant.
         Starting User Manager for UID 1000...
[[0;32m  OK  [0m] Started Session 1 of user vagrant.
[[0;32m  OK  [0m] Started User Manager for UID 1000.
[[0;32m  OK  [0m] Started Wait until snapd is fully seeded.
[[0;32m  OK  [0m] Reached target Multi-User System.
[[0;32m  OK  [0m] Reached target Graphical Interface.
         Starting Update UTMP about System Runlevel Changes...
         Starting Apply the settings specified in cloud-config...
[[0;32m  OK  [0m] Started Update UTMP about System Runlevel Changes.
[   24.316275] cloud-init[1378]: Generating locales (this might take a while)...
[   25.339705] cloud-init[1378]:   en_US.UTF-8... done
[   25.341200] cloud-init[1378]: Generation complete.

Ubuntu 16.04.6 LTS ubuntu-xenial ttyS0

ubuntu-xenial login: [   26.371214] cloud-init[1378]: Cloud-init v. 19.1-1-gbaa47854-0ubuntu1~16.04.1 running 'modules:config' at Thu, 08 Aug 2019 17:05:10 +0000. Up 24.13 seconds.
ci-info: no authorized ssh keys fingerprints found for user ubuntu.
<14>Aug  8 17:05:13 ec2: 
<14>Aug  8 17:05:13 ec2: #############################################################
<14>Aug  8 17:05:13 ec2: -----BEGIN SSH HOST KEY FINGERPRINTS-----
<14>Aug  8 17:05:13 ec2: 1024 SHA256:ab44ZyVdmqBA+eFvUehraqkNPwqxjx9pZhvwmuX5HLs root@ubuntu-xenial (DSA)
<14>Aug  8 17:05:13 ec2: 256 SHA256:bU0NBX8yhAnnGqoONReEY1LjKdR4fkapEOMy867sPM4 root@ubuntu-xenial (ECDSA)
<14>Aug  8 17:05:13 ec2: 256 SHA256:4fKE8/fA9npaniySkNjCcM8bgJhBTv4FjDNAxEpazHI root@ubuntu-xenial (ED25519)
<14>Aug  8 17:05:13 ec2: 2048 SHA256:EuE6uuQyMKBGhDSjHIAoESnfHA0qL8kE0rdPpbuQ7pE root@ubuntu-xenial (RSA)
<14>Aug  8 17:05:13 ec2: -----END SSH HOST KEY FINGERPRINTS-----
<14>Aug  8 17:05:13 ec2: #############################################################
-----BEGIN SSH HOST KEY KEYS-----
ecdsa-sha2-nistp256 AAAAE2VjZHNhLXNoYTItbmlzdHAyNTYAAAAIbmlzdHAyNTYAAABBBE8BkAuTQ8/2FkQvZ36ASYaMcsZ5vfjRG4yU1ew/drucXk5wnvNl4+YwAu/QgdrsforQ/ktGxJ2KVQN0RNSQk1c= root@ubuntu-xenial
ssh-ed25519 AAAAC3NzaC1lZDI1NTE5AAAAIEg5ccC3GJMOq21pRAwO2V4Clguo9BeA4ovGIdOaZRyI root@ubuntu-xenial
ssh-rsa AAAAB3NzaC1yc2EAAAADAQABAAABAQDAXYZ9qPuTDThfKIi2dSk8Xpzo6+dhpIe2cq/bFfhCmxWARULGvm84WTLVb+11YjRBpMFU6Fzo4Dga9mQbgaWHXSW0pIsWxTl+Xv6yWXAr6bOCn5OVef+3oY5aGoD7teEN0vRmERJd1f3Y1OXwaPSkKa6g4vGwLg6E05I/mTjOXWVVXFCm7e8Vwbz3ftSFjOI4/kYav/AXBZTp8XH/rSsyjf3ujPZtG5CEhPdCOWijP4XA+v+yjxhPdO+Z0j/HLile6oEekTE8/lgE4UBgsxkExA07AvJv6EHgQUZUPW/whs42wnZxLIojsaO8qS/zIk5SZkGt9vwuB44TBoZFxfyr root@ubuntu-xenial
-----END SSH HOST KEY KEYS-----
[   26.992576] cloud-init[1501]: Cloud-init v. 19.1-1-gbaa47854-0ubuntu1~16.04.1 running 'modules:final' at Thu, 08 Aug 2019 17:05:13 +0000. Up 26.78 seconds.
[   26.992867] cloud-init[1501]: ci-info: no authorized ssh keys fingerprints found for user ubuntu.
[   26.993089] cloud-init[1501]: Cloud-init v. 19.1-1-gbaa47854-0ubuntu1~16.04.1 finished at Thu, 08 Aug 2019 17:05:13 +0000. Datasource DataSourceNoCloud [seed=/dev/sdb][dsmode=net].  Up 26.98 seconds
         Stopping ACPI event daemon...
         Stopping Session 4 of user vagrant.
[[0;32m  OK  [0m] Stopped target Cloud-init tare         Stopping Serial Getty on ttyS0...
         Stopping LSB: MD monitoring daemon...
         Stopping OpenBSD Secure Shell server...
         Stopping LSB: Record successful boot for GRUB...
         Stopping LSB: Set the CPU Frequency Scaling governor to "ondemand"...
         Stopping FUSE filesystem for LXC...
[[0;32m  OK  [0m] Unmounted /var/lib/lxcfs.
[[0;32m  OK  [0m] Stopped Regular background program processing daemon.
[[0;32m  OK  [0m] Stopped Accounts Service.
[[0;32m  OK  [0m] Stopped Deferred execution scheduler.
[[0;32m  OK  [0m] Stopped System Logging Service.
[[0;32m  OK  [0m] Stopped ACPI event daemon.
[[0;32m  OK  [0m] Stopped Authenticate and Authorize Users to Run Privileged Tasks.
[[0;32m  OK  [0m] Stopped Unattended Upgrades Shutdown.
[[0;32m  OK  [0m] Stopped Serial Getty on ttyS0.
[[0;32m  OK  [0m] Stopped Getty on tty1.
[[0;32m  OK  [0m] Stopped OpenBSD Secure Shell server.
[[0;32m  OK  [0m] Stopped User Manager for UID 1000.
[[0;32m  OK  [0m] Stopped Session 4 of user vagrant.
[[0;32m  OK  [0m] Stopped D-Bus System Message Bus.
[[0;32m  OK  [0m] Stopped FUSE filesystem for LXC.
[[0;32m  OK  [0m] Stopped LXD - container startup/shutdown.
[[0;32m  OK  [0m] Stopped LSB: daemon to balance interrupts for SMP systems.
[[0;32m  OK  [0m] Stopped LSB: automatic crash report generation.
[[0;32m  OK  [0m] Stopped LSB: MD monitoring daemon.
[[0;32m  OK  [0m] Stopped Virtualbox guest utils.
[[0;32m  OK  [0m] Stopped LSB: Record successful boot for GRUB.
[[0;32m  OK  [0m] Stopped LSB: Set the CPU Frequency Scaling governor to "ondemand".
[[0;32m  OK  [0m] Removed slice User Slice of vagrant.
[[0;32m  OK  [0m] Removed slice system-getty.slice.
[[0;32m  OK  [0m] Stopped /etc/rc.local Compatibility.
[[0;32m  OK  [0m] Removed slice system-serial\x2dgetty.slice.
         Stopping Permit User Sessions...
         Stopping Login Service...
[[0;32m  OK  [0m] Stopped Permit User Sessions.
[[0;32m  OK  [0m] Stopped target Remote File Systems.
[[0;32m  OK  [0m] Stopped target Remote File Systems (Pre).
         Stopping Login to default iSCSI targets...
[[0;32m  OK  [0m] Stopped Login Service.
[[0;32m  OK  [0m] Stopped target User and Group Name Lookups.
[[0;32m  OK  [0m] Stopped target Basic System.
[[0;32m  OK  [0m] Stopped target Paths.
[[0;32m  OK  [0m] Stopped ACPI Events Check.
[[0;32m  OK  [0m] Stopped Forward Password Requests to Wall Directory Watch.
[[0;32m  OK  [0m] Stopped Dispatch Password Requests to Console Directory Watch.
[[0;32m  OK  [0m] Stopped target Slices.
[[0;32m  OK  [0m] Removed slice User and Session Slice.
[[0;32m  OK  [0m] Stopped target Sockets.
[[0;32m  OK  [0m] Closed Syslog Socket.
[[0;32m  OK  [0m] Closed Socket activation for snappy daemon.
[[0;32m  OK  [0m] Closed ACPID Listen Socket.
[[0;32m  OK  [0m] Closed UUID daemon activation socket.
[[0;32m  OK  [0m] Closed LXD - unix socket.
[[0;32m  OK  [0m] Closed D-Bus System Message Bus Socket.
[[0;32m  OK  [0m] Stopped target System Initialization.
[[0;32m  OK  [0m] Stopped Create Volatile Files and Directories.
[[0;32m  OK  [0m] Stopped target Swap.
[[0;32m  OK  [0m] Stopped target Encrypted Volumes.
         Stopping Load/Save Random Seed...
[[0;32m  OK  [0m] Stopped Commit a transient machine-id on disk.
[[0;32m  OK  [0m] Stopped Load/Save Random Seed.
[[0;32m  OK  [0m] Stopped Login to default iSCSI targets.
         Stopping iSCSI initiator daemon (iscsid)...
[[0;32m  OK  [0m] Stopped iSCSI initiator daemon (iscsid).
[[0;32m  OK  [0m] Stopped target Network is Online.
[[0;32m  OK  [0m] Stopped target Network.
[[0;32m  OK  [0m] Stopped Initial cloud-init job (metadata service crawler).
         Stopping Raise network interfaces...
[[0;32m  OK  [0m] Stopped Raise network interfaces.
[[0;32m  OK  [0m] Stopped Apply Kernel Variables.
[[0;32m  OK  [0m] Stopped Load Kernel Modules.
[[0;32m  OK  [0m] Stopped target Local File Systems.
         Unmounting /run/user/1000...
         Unmounting /vagrant...
[[0;32m  OK  [0m] Stopped target Network (Pre).
[[0;32m  OK  [0m] Stopped Initial cloud-init job (pre-networking).
[[0;32m  OK  [0m] Unmounted /run/user/1000.
[[0;32m  OK  [0m] Unmounted /vagrant.
[[0;32m  OK  [0m] Reached target Unmount All Filesystems.
[[0;32m  OK  [0m] Stopped target Local File Systems (Pre).
[[0;32m  OK  [0m] Stopped Create Static Device Nodes in /dev.
[[0;32m  OK  [0m] Stopped Remount Root and Kernel File Systems.
[[0;32m  OK  [0m] Reached target Shutdown.
[  153.439204] reboot: Power down
